{"numFailedTestSuites":0,"numFailedTests":0,"numPassedTestSuites":1,"numPassedTests":8,"numPendingTestSuites":0,"numPendingTests":0,"numRuntimeErrorTestSuites":0,"numTodoTests":0,"numTotalTestSuites":1,"numTotalTests":8,"openHandles":[],"snapshot":{"added":0,"didUpdate":false,"failure":false,"filesAdded":0,"filesRemoved":0,"filesRemovedList":[],"filesUnmatched":0,"filesUpdated":0,"matched":0,"total":0,"unchecked":0,"uncheckedKeysByFile":[],"unmatched":0,"updated":0},"startTime":1745179415921,"success":true,"testResults":[{"assertionResults":[{"ancestorTitles":["Telegram API Handler - agent control commands"],"duration":8,"failureDetails":[],"failureMessages":[],"fullName":"Telegram API Handler - agent control commands handles /status command","invocations":1,"location":null,"numPassingAsserts":4,"retryReasons":[],"status":"passed","title":"handles /status command"},{"ancestorTitles":["Telegram API Handler - agent control commands"],"duration":3,"failureDetails":[],"failureMessages":[],"fullName":"Telegram API Handler - agent control commands handles /stop <id> command","invocations":1,"location":null,"numPassingAsserts":3,"retryReasons":[],"status":"passed","title":"handles /stop <id> command"},{"ancestorTitles":["Telegram API Handler - agent control commands"],"duration":2,"failureDetails":[],"failureMessages":[],"fullName":"Telegram API Handler - agent control commands handles /restart <id> command","invocations":1,"location":null,"numPassingAsserts":4,"retryReasons":[],"status":"passed","title":"handles /restart <id> command"},{"ancestorTitles":["Telegram API Handler - conversational and fallback flows"],"duration":8,"failureDetails":[],"failureMessages":[],"fullName":"Telegram API Handler - conversational and fallback flows responds with fallback/help for ambiguous input","invocations":1,"location":null,"numPassingAsserts":15,"retryReasons":[],"status":"passed","title":"responds with fallback/help for ambiguous input"},{"ancestorTitles":["Telegram API Handler - conversational and fallback flows"],"duration":2,"failureDetails":[],"failureMessages":[],"fullName":"Telegram API Handler - conversational and fallback flows responds with error/help for unknown agent","invocations":1,"location":null,"numPassingAsserts":3,"retryReasons":[],"status":"passed","title":"responds with error/help for unknown agent"},{"ancestorTitles":["Telegram API Handler - conversational and fallback flows"],"duration":2,"failureDetails":[],"failureMessages":[],"fullName":"Telegram API Handler - conversational and fallback flows responds with clarification/help for malformed config update","invocations":1,"location":null,"numPassingAsserts":3,"retryReasons":[],"status":"passed","title":"responds with clarification/help for malformed config update"},{"ancestorTitles":["Telegram API Handler - conversational and fallback flows"],"duration":2,"failureDetails":[],"failureMessages":[],"fullName":"Telegram API Handler - conversational and fallback flows responds with clarification prompt for multi-turn/ambiguous agent action","invocations":1,"location":null,"numPassingAsserts":3,"retryReasons":[],"status":"passed","title":"responds with clarification prompt for multi-turn/ambiguous agent action"},{"ancestorTitles":["Sanity"],"duration":0,"failureDetails":[],"failureMessages":[],"fullName":"Sanity should run a basic test","invocations":1,"location":null,"numPassingAsserts":1,"retryReasons":[],"status":"passed","title":"should run a basic test"}],"endTime":1745179417605,"message":"","name":"C:\\Users\\santa\\CascadeProjects\\personal-website\\tests\\api\\telegram-agent-commands.test.ts","startTime":1745179416632,"status":"passed","summary":""}],"wasInterrupted":false}
