{"numFailedTestSuites":1,"numFailedTests":1,"numPassedTestSuites":0,"numPassedTests":2,"numPendingTestSuites":0,"numPendingTests":0,"numRuntimeErrorTestSuites":0,"numTodoTests":0,"numTotalTestSuites":1,"numTotalTests":3,"openHandles":[],"snapshot":{"added":0,"didUpdate":false,"failure":false,"filesAdded":0,"filesRemoved":0,"filesRemovedList":[],"filesUnmatched":0,"filesUpdated":0,"matched":0,"total":0,"unchecked":0,"uncheckedKeysByFile":[],"unmatched":0,"updated":0},"startTime":1744965385967,"success":false,"testResults":[{"assertionResults":[{"ancestorTitles":["/api/agents/index API"],"duration":7,"failureDetails":[],"failureMessages":[],"fullName":"/api/agents/index API GET returns empty agent list initially","invocations":1,"location":null,"numPassingAsserts":3,"retryReasons":[],"status":"passed","title":"GET returns empty agent list initially"},{"ancestorTitles":["/api/agents/index API"],"duration":27,"failureDetails":[],"failureMessages":[],"fullName":"/api/agents/index API POST adds a new agent","invocations":1,"location":null,"numPassingAsserts":7,"retryReasons":[],"status":"passed","title":"POST adds a new agent"},{"ancestorTitles":["/api/agents/index API"],"duration":23,"failureDetails":[{"matcherResult":{"actual":2,"expected":1,"message":"\u001b[2mexpect(\u001b[22m\u001b[31mreceived\u001b[39m\u001b[2m).\u001b[22mtoBe\u001b[2m(\u001b[22m\u001b[32mexpected\u001b[39m\u001b[2m) // Object.is equality\u001b[22m\n\nExpected: \u001b[32m1\u001b[39m\nReceived: \u001b[31m2\u001b[39m","name":"toBe","pass":false}}],"failureMessages":["Error: \u001b[2mexpect(\u001b[22m\u001b[31mreceived\u001b[39m\u001b[2m).\u001b[22mtoBe\u001b[2m(\u001b[22m\u001b[32mexpected\u001b[39m\u001b[2m) // Object.is equality\u001b[22m\n\nExpected: \u001b[32m1\u001b[39m\nReceived: \u001b[31m2\u001b[39m\n    at Object.<anonymous> (C:\\Users\\santa\\CascadeProjects\\personal-website\\pages\\api\\agents\\index.test.ts:99:32)"],"fullName":"/api/agents/index API GET returns agent after POST","invocations":1,"location":null,"numPassingAsserts":0,"retryReasons":[],"status":"failed","title":"GET returns agent after POST"}],"endTime":1744965390143,"message":"\u001b[1m\u001b[31m  \u001b[1m● \u001b[22m\u001b[1m/api/agents/index API › GET returns agent after POST\u001b[39m\u001b[22m\n\n    \u001b[2mexpect(\u001b[22m\u001b[31mreceived\u001b[39m\u001b[2m).\u001b[22mtoBe\u001b[2m(\u001b[22m\u001b[32mexpected\u001b[39m\u001b[2m) // Object.is equality\u001b[22m\n\n    Expected: \u001b[32m1\u001b[39m\n    Received: \u001b[31m2\u001b[39m\n\u001b[2m\u001b[22m\n\u001b[2m    \u001b[0m \u001b[90m  97 |\u001b[39m     \u001b[36mconst\u001b[39m data \u001b[33m=\u001b[39m \u001b[33mJSON\u001b[39m\u001b[33m.\u001b[39mparse(res\u001b[33m.\u001b[39m_getData())\u001b[33m;\u001b[39m\u001b[22m\n\u001b[2m     \u001b[90m  98 |\u001b[39m     \u001b[22m\n\u001b[2m    \u001b[31m\u001b[1m>\u001b[22m\u001b[2m\u001b[39m\u001b[90m  99 |\u001b[39m     expect(data\u001b[33m.\u001b[39magents\u001b[33m.\u001b[39mlength)\u001b[33m.\u001b[39mtoBe(\u001b[35m1\u001b[39m)\u001b[33m;\u001b[39m\u001b[22m\n\u001b[2m     \u001b[90m     |\u001b[39m                                \u001b[31m\u001b[1m^\u001b[22m\u001b[2m\u001b[39m\u001b[22m\n\u001b[2m     \u001b[90m 100 |\u001b[39m   })\u001b[33m;\u001b[39m\u001b[22m\n\u001b[2m     \u001b[90m 101 |\u001b[39m })\u001b[33m;\u001b[39m\u001b[22m\n\u001b[2m     \u001b[90m 102 |\u001b[39m\u001b[0m\u001b[22m\n\u001b[2m\u001b[22m\n\u001b[2m      \u001b[2mat Object.<anonymous> (\u001b[22m\u001b[2m\u001b[0m\u001b[36mpages/api/agents/index.test.ts\u001b[39m\u001b[0m\u001b[2m:99:32)\u001b[22m\u001b[2m\u001b[22m\n","name":"C:\\Users\\santa\\CascadeProjects\\personal-website\\pages\\api\\agents\\index.test.ts","startTime":1744965386832,"status":"failed","summary":""}],"wasInterrupted":false}
