{"numFailedTestSuites":1,"numFailedTests":4,"numPassedTestSuites":0,"numPassedTests":4,"numPendingTestSuites":0,"numPendingTests":0,"numRuntimeErrorTestSuites":0,"numTodoTests":0,"numTotalTestSuites":1,"numTotalTests":8,"openHandles":[],"snapshot":{"added":0,"didUpdate":false,"failure":false,"filesAdded":0,"filesRemoved":0,"filesRemovedList":[],"filesUnmatched":0,"filesUpdated":0,"matched":0,"total":0,"unchecked":0,"uncheckedKeysByFile":[],"unmatched":0,"updated":0},"startTime":1745178905270,"success":false,"testResults":[{"assertionResults":[{"ancestorTitles":["Telegram API Handler - agent control commands"],"duration":19,"failureDetails":[{"matcherResult":{"message":"\u001b[2mexpect(\u001b[22m\u001b[31mreceived\u001b[39m\u001b[2m).\u001b[22mtoMatch\u001b[2m(\u001b[22m\u001b[32mexpected\u001b[39m\u001b[2m)\u001b[22m\n\nExpected substring: \u001b[32m\"test-agent\"\u001b[39m\nReceived string:    \u001b[31m\"Live Agents:\"\u001b[39m","pass":false}}],"failureMessages":["Error: \u001b[2mexpect(\u001b[22m\u001b[31mreceived\u001b[39m\u001b[2m).\u001b[22mtoMatch\u001b[2m(\u001b[22m\u001b[32mexpected\u001b[39m\u001b[2m)\u001b[22m\n\nExpected substring: \u001b[32m\"test-agent\"\u001b[39m\nReceived string:    \u001b[31m\"Live Agents:\"\u001b[39m\n    at Object.toMatch (C:\\Users\\santa\\CascadeProjects\\personal-website\\tests\\api\\telegram-agent-commands.test.ts:43:25)"],"fullName":"Telegram API Handler - agent control commands handles /status command","invocations":1,"location":{"column":3,"line":30},"numPassingAsserts":4,"retryReasons":[],"status":"failed","title":"handles /status command"},{"ancestorTitles":["Telegram API Handler - agent control commands"],"duration":6,"failureDetails":[{"matcherResult":{"message":"\u001b[2mexpect(\u001b[22m\u001b[31mreceived\u001b[39m\u001b[2m).\u001b[22mtoMatch\u001b[2m(\u001b[22m\u001b[32mexpected\u001b[39m\u001b[2m)\u001b[22m\n\nExpected pattern: \u001b[32m/Agent stopped/i\u001b[39m\nReceived string:  \u001b[31m\"Sorry, I couldn't understand your request. Try /help for available commands or specify clearly what you want to do with which agent.\"\u001b[39m","pass":false}}],"failureMessages":["Error: \u001b[2mexpect(\u001b[22m\u001b[31mreceived\u001b[39m\u001b[2m).\u001b[22mtoMatch\u001b[2m(\u001b[22m\u001b[32mexpected\u001b[39m\u001b[2m)\u001b[22m\n\nExpected pattern: \u001b[32m/Agent stopped/i\u001b[39m\nReceived string:  \u001b[31m\"Sorry, I couldn't understand your request. Try /help for available commands or specify clearly what you want to do with which agent.\"\u001b[39m\n    at Object.toMatch (C:\\Users\\santa\\CascadeProjects\\personal-website\\tests\\api\\telegram-agent-commands.test.ts:59:25)"],"fullName":"Telegram API Handler - agent control commands handles /stop <id> command","invocations":1,"location":{"column":3,"line":49},"numPassingAsserts":2,"retryReasons":[],"status":"failed","title":"handles /stop <id> command"},{"ancestorTitles":["Telegram API Handler - agent control commands"],"duration":3,"failureDetails":[],"failureMessages":[],"fullName":"Telegram API Handler - agent control commands handles /restart <id> command","invocations":1,"location":{"column":3,"line":62},"numPassingAsserts":4,"retryReasons":[],"status":"passed","title":"handles /restart <id> command"},{"ancestorTitles":["Telegram API Handler - conversational and fallback flows"],"duration":9,"failureDetails":[],"failureMessages":[],"fullName":"Telegram API Handler - conversational and fallback flows responds with fallback/help for ambiguous input","invocations":1,"location":{"column":3,"line":90},"numPassingAsserts":15,"retryReasons":[],"status":"passed","title":"responds with fallback/help for ambiguous input"},{"ancestorTitles":["Telegram API Handler - conversational and fallback flows"],"duration":3,"failureDetails":[],"failureMessages":[],"fullName":"Telegram API Handler - conversational and fallback flows responds with error/help for unknown agent","invocations":1,"location":{"column":3,"line":106},"numPassingAsserts":3,"retryReasons":[],"status":"passed","title":"responds with error/help for unknown agent"},{"ancestorTitles":["Telegram API Handler - conversational and fallback flows"],"duration":3,"failureDetails":[{"matcherResult":{"message":"\u001b[2mexpect(\u001b[22m\u001b[31mreceived\u001b[39m\u001b[2m).\u001b[22mtoMatch\u001b[2m(\u001b[22m\u001b[32mexpected\u001b[39m\u001b[2m)\u001b[22m\n\nExpected pattern: \u001b[32m/couldn't understand|try \\/help|clarify/i\u001b[39m\nReceived string:  \u001b[31m\"Please send the new config as JSON.\"\u001b[39m","pass":false}}],"failureMessages":["Error: \u001b[2mexpect(\u001b[22m\u001b[31mreceived\u001b[39m\u001b[2m).\u001b[22mtoMatch\u001b[2m(\u001b[22m\u001b[32mexpected\u001b[39m\u001b[2m)\u001b[22m\n\nExpected pattern: \u001b[32m/couldn't understand|try \\/help|clarify/i\u001b[39m\nReceived string:  \u001b[31m\"Please send the new config as JSON.\"\u001b[39m\n    at Object.toMatch (C:\\Users\\santa\\CascadeProjects\\personal-website\\tests\\api\\telegram-agent-commands.test.ts:129:25)"],"fullName":"Telegram API Handler - conversational and fallback flows responds with clarification/help for malformed config update","invocations":1,"location":{"column":3,"line":119},"numPassingAsserts":2,"retryReasons":[],"status":"failed","title":"responds with clarification/help for malformed config update"},{"ancestorTitles":["Telegram API Handler - conversational and fallback flows"],"duration":3,"failureDetails":[{"matcherResult":{"message":"\u001b[2mexpect(\u001b[22m\u001b[31mreceived\u001b[39m\u001b[2m).\u001b[22mtoMatch\u001b[2m(\u001b[22m\u001b[32mexpected\u001b[39m\u001b[2m)\u001b[22m\n\nExpected pattern: \u001b[32m/which agent|specify|clarify|try \\/help/i\u001b[39m\nReceived string:  \u001b[31m\"Invalid JSON: Please provide the config as valid JSON.\"\u001b[39m","pass":false}}],"failureMessages":["Error: \u001b[2mexpect(\u001b[22m\u001b[31mreceived\u001b[39m\u001b[2m).\u001b[22mtoMatch\u001b[2m(\u001b[22m\u001b[32mexpected\u001b[39m\u001b[2m)\u001b[22m\n\nExpected pattern: \u001b[32m/which agent|specify|clarify|try \\/help/i\u001b[39m\nReceived string:  \u001b[31m\"Invalid JSON: Please provide the config as valid JSON.\"\u001b[39m\n    at Object.toMatch (C:\\Users\\santa\\CascadeProjects\\personal-website\\tests\\api\\telegram-agent-commands.test.ts:142:25)"],"fullName":"Telegram API Handler - conversational and fallback flows responds with clarification prompt for multi-turn/ambiguous agent action","invocations":1,"location":{"column":3,"line":132},"numPassingAsserts":2,"retryReasons":[],"status":"failed","title":"responds with clarification prompt for multi-turn/ambiguous agent action"},{"ancestorTitles":["Sanity"],"duration":0,"failureDetails":[],"failureMessages":[],"fullName":"Sanity should run a basic test","invocations":1,"location":{"column":3,"line":148},"numPassingAsserts":1,"retryReasons":[],"status":"passed","title":"should run a basic test"}],"endTime":1745178907111,"message":"\u001b[1m\u001b[31m  \u001b[1m● \u001b[22m\u001b[1mTelegram API Handler - agent control commands › handles /status command\u001b[39m\u001b[22m\n\n    \u001b[2mexpect(\u001b[22m\u001b[31mreceived\u001b[39m\u001b[2m).\u001b[22mtoMatch\u001b[2m(\u001b[22m\u001b[32mexpected\u001b[39m\u001b[2m)\u001b[22m\n\n    Expected substring: \u001b[32m\"test-agent\"\u001b[39m\n    Received string:    \u001b[31m\"Live Agents:\"\u001b[39m\n\u001b[2m\u001b[22m\n\u001b[2m    \u001b[0m \u001b[90m 41 |\u001b[39m     expect(calls[\u001b[35m0\u001b[39m][\u001b[35m0\u001b[39m])\u001b[33m.\u001b[39mtoBe(chat_id)\u001b[33m;\u001b[39m\u001b[22m\n\u001b[2m     \u001b[90m 42 |\u001b[39m     expect(calls[\u001b[35m0\u001b[39m][\u001b[35m1\u001b[39m])\u001b[33m.\u001b[39mtoMatch(\u001b[35m/Live Agents/i\u001b[39m)\u001b[33m;\u001b[39m\u001b[22m\n\u001b[2m    \u001b[31m\u001b[1m>\u001b[22m\u001b[2m\u001b[39m\u001b[90m 43 |\u001b[39m     expect(calls[\u001b[35m0\u001b[39m][\u001b[35m1\u001b[39m])\u001b[33m.\u001b[39mtoMatch(agentId)\u001b[33m;\u001b[39m\u001b[22m\n\u001b[2m     \u001b[90m    |\u001b[39m                         \u001b[31m\u001b[1m^\u001b[22m\u001b[2m\u001b[39m\u001b[22m\n\u001b[2m     \u001b[90m 44 |\u001b[39m   } \u001b[36mcatch\u001b[39m (err) {\u001b[22m\n\u001b[2m     \u001b[90m 45 |\u001b[39m     console\u001b[33m.\u001b[39merror(\u001b[32m'[TEST ERROR][agent-control:/status]'\u001b[39m\u001b[33m,\u001b[39m err)\u001b[33m;\u001b[39m\u001b[22m\n\u001b[2m     \u001b[90m 46 |\u001b[39m     \u001b[36mthrow\u001b[39m err\u001b[33m;\u001b[39m\u001b[0m\u001b[22m\n\u001b[2m\u001b[22m\n\u001b[2m      \u001b[2mat Object.toMatch (\u001b[22m\u001b[2m\u001b[0m\u001b[36mtests/api/telegram-agent-commands.test.ts\u001b[39m\u001b[0m\u001b[2m:43:25)\u001b[22m\u001b[2m\u001b[22m\n\n\u001b[1m\u001b[31m  \u001b[1m● \u001b[22m\u001b[1mTelegram API Handler - agent control commands › handles /stop <id> command\u001b[39m\u001b[22m\n\n    \u001b[2mexpect(\u001b[22m\u001b[31mreceived\u001b[39m\u001b[2m).\u001b[22mtoMatch\u001b[2m(\u001b[22m\u001b[32mexpected\u001b[39m\u001b[2m)\u001b[22m\n\n    Expected pattern: \u001b[32m/Agent stopped/i\u001b[39m\n    Received string:  \u001b[31m\"Sorry, I couldn't understand your request. Try /help for available commands or specify clearly what you want to do with which agent.\"\u001b[39m\n\u001b[2m\u001b[22m\n\u001b[2m    \u001b[0m \u001b[90m 57 |\u001b[39m     \u001b[36mconst\u001b[39m calls \u001b[33m=\u001b[39m mockSendTelegramMessage\u001b[33m.\u001b[39mmock\u001b[33m.\u001b[39mcalls\u001b[33m;\u001b[39m\u001b[22m\n\u001b[2m     \u001b[90m 58 |\u001b[39m     expect(calls\u001b[33m.\u001b[39mlength)\u001b[33m.\u001b[39mtoBe(\u001b[35m1\u001b[39m)\u001b[33m;\u001b[39m\u001b[22m\n\u001b[2m    \u001b[31m\u001b[1m>\u001b[22m\u001b[2m\u001b[39m\u001b[90m 59 |\u001b[39m     expect(calls[\u001b[35m0\u001b[39m][\u001b[35m1\u001b[39m])\u001b[33m.\u001b[39mtoMatch(\u001b[35m/Agent stopped/i\u001b[39m)\u001b[33m;\u001b[39m\u001b[22m\n\u001b[2m     \u001b[90m    |\u001b[39m                         \u001b[31m\u001b[1m^\u001b[22m\u001b[2m\u001b[39m\u001b[22m\n\u001b[2m     \u001b[90m 60 |\u001b[39m     expect(calls[\u001b[35m0\u001b[39m][\u001b[35m1\u001b[39m])\u001b[33m.\u001b[39mtoMatch(agentId)\u001b[33m;\u001b[39m\u001b[22m\n\u001b[2m     \u001b[90m 61 |\u001b[39m   })\u001b[33m;\u001b[39m\u001b[22m\n\u001b[2m     \u001b[90m 62 |\u001b[39m   it(\u001b[32m'handles /restart <id> command'\u001b[39m\u001b[33m,\u001b[39m \u001b[36masync\u001b[39m () \u001b[33m=>\u001b[39m {\u001b[0m\u001b[22m\n\u001b[2m\u001b[22m\n\u001b[2m      \u001b[2mat Object.toMatch (\u001b[22m\u001b[2m\u001b[0m\u001b[36mtests/api/telegram-agent-commands.test.ts\u001b[39m\u001b[0m\u001b[2m:59:25)\u001b[22m\u001b[2m\u001b[22m\n\n\u001b[1m\u001b[31m  \u001b[1m● \u001b[22m\u001b[1mTelegram API Handler - conversational and fallback flows › responds with clarification/help for malformed config update\u001b[39m\u001b[22m\n\n    \u001b[2mexpect(\u001b[22m\u001b[31mreceived\u001b[39m\u001b[2m).\u001b[22mtoMatch\u001b[2m(\u001b[22m\u001b[32mexpected\u001b[39m\u001b[2m)\u001b[22m\n\n    Expected pattern: \u001b[32m/couldn't understand|try \\/help|clarify/i\u001b[39m\n    Received string:  \u001b[31m\"Please send the new config as JSON.\"\u001b[39m\n\u001b[2m\u001b[22m\n\u001b[2m    \u001b[0m \u001b[90m 127 |\u001b[39m     \u001b[36mconst\u001b[39m calls \u001b[33m=\u001b[39m mockSendTelegramMessage\u001b[33m.\u001b[39mmock\u001b[33m.\u001b[39mcalls\u001b[33m;\u001b[39m\u001b[22m\n\u001b[2m     \u001b[90m 128 |\u001b[39m     expect(calls\u001b[33m.\u001b[39mlength)\u001b[33m.\u001b[39mtoBe(\u001b[35m1\u001b[39m)\u001b[33m;\u001b[39m\u001b[22m\n\u001b[2m    \u001b[31m\u001b[1m>\u001b[22m\u001b[2m\u001b[39m\u001b[90m 129 |\u001b[39m     expect(calls[\u001b[35m0\u001b[39m][\u001b[35m1\u001b[39m])\u001b[33m.\u001b[39mtoMatch(\u001b[35m/couldn't understand|try \\/help|clarify/i\u001b[39m)\u001b[33m;\u001b[39m\u001b[22m\n\u001b[2m     \u001b[90m     |\u001b[39m                         \u001b[31m\u001b[1m^\u001b[22m\u001b[2m\u001b[39m\u001b[22m\n\u001b[2m     \u001b[90m 130 |\u001b[39m   })\u001b[33m;\u001b[39m\u001b[22m\n\u001b[2m     \u001b[90m 131 |\u001b[39m\u001b[22m\n\u001b[2m     \u001b[90m 132 |\u001b[39m   it(\u001b[32m'responds with clarification prompt for multi-turn/ambiguous agent action'\u001b[39m\u001b[33m,\u001b[39m \u001b[36masync\u001b[39m () \u001b[33m=>\u001b[39m {\u001b[0m\u001b[22m\n\u001b[2m\u001b[22m\n\u001b[2m      \u001b[2mat Object.toMatch (\u001b[22m\u001b[2m\u001b[0m\u001b[36mtests/api/telegram-agent-commands.test.ts\u001b[39m\u001b[0m\u001b[2m:129:25)\u001b[22m\u001b[2m\u001b[22m\n\n\u001b[1m\u001b[31m  \u001b[1m● \u001b[22m\u001b[1mTelegram API Handler - conversational and fallback flows › responds with clarification prompt for multi-turn/ambiguous agent action\u001b[39m\u001b[22m\n\n    \u001b[2mexpect(\u001b[22m\u001b[31mreceived\u001b[39m\u001b[2m).\u001b[22mtoMatch\u001b[2m(\u001b[22m\u001b[32mexpected\u001b[39m\u001b[2m)\u001b[22m\n\n    Expected pattern: \u001b[32m/which agent|specify|clarify|try \\/help/i\u001b[39m\n    Received string:  \u001b[31m\"Invalid JSON: Please provide the config as valid JSON.\"\u001b[39m\n\u001b[2m\u001b[22m\n\u001b[2m    \u001b[0m \u001b[90m 140 |\u001b[39m     \u001b[36mconst\u001b[39m calls \u001b[33m=\u001b[39m mockSendTelegramMessage\u001b[33m.\u001b[39mmock\u001b[33m.\u001b[39mcalls\u001b[33m;\u001b[39m\u001b[22m\n\u001b[2m     \u001b[90m 141 |\u001b[39m     expect(calls\u001b[33m.\u001b[39mlength)\u001b[33m.\u001b[39mtoBe(\u001b[35m1\u001b[39m)\u001b[33m;\u001b[39m\u001b[22m\n\u001b[2m    \u001b[31m\u001b[1m>\u001b[22m\u001b[2m\u001b[39m\u001b[90m 142 |\u001b[39m     expect(calls[\u001b[35m0\u001b[39m][\u001b[35m1\u001b[39m])\u001b[33m.\u001b[39mtoMatch(\u001b[35m/which agent|specify|clarify|try \\/help/i\u001b[39m)\u001b[33m;\u001b[39m\u001b[22m\n\u001b[2m     \u001b[90m     |\u001b[39m                         \u001b[31m\u001b[1m^\u001b[22m\u001b[2m\u001b[39m\u001b[22m\n\u001b[2m     \u001b[90m 143 |\u001b[39m   })\u001b[33m;\u001b[39m\u001b[22m\n\u001b[2m     \u001b[90m 144 |\u001b[39m })\u001b[33m;\u001b[39m\u001b[22m\n\u001b[2m     \u001b[90m 145 |\u001b[39m\u001b[0m\u001b[22m\n\u001b[2m\u001b[22m\n\u001b[2m      \u001b[2mat Object.toMatch (\u001b[22m\u001b[2m\u001b[0m\u001b[36mtests/api/telegram-agent-commands.test.ts\u001b[39m\u001b[0m\u001b[2m:142:25)\u001b[22m\u001b[2m\u001b[22m\n","name":"C:\\Users\\santa\\CascadeProjects\\personal-website\\tests\\api\\telegram-agent-commands.test.ts","startTime":1745178905999,"status":"failed","summary":""}],"wasInterrupted":false}
