{"numFailedTestSuites":4,"numFailedTests":2,"numPassedTestSuites":11,"numPassedTests":31,"numPendingTestSuites":0,"numPendingTests":1,"numRuntimeErrorTestSuites":2,"numTodoTests":0,"numTotalTestSuites":15,"numTotalTests":34,"openHandles":[],"snapshot":{"added":0,"didUpdate":false,"failure":false,"filesAdded":0,"filesRemoved":0,"filesRemovedList":[],"filesUnmatched":0,"filesUpdated":0,"matched":0,"total":0,"unchecked":0,"uncheckedKeysByFile":[],"unmatched":0,"updated":0},"startTime":1744995716912,"success":false,"testResults":[{"assertionResults":[{"ancestorTitles":["AgentManager"],"duration":21,"failureDetails":[],"failureMessages":[],"fullName":"AgentManager should detect agent crash on missed heartbeat","invocations":1,"location":null,"numPassingAsserts":2,"retryReasons":[],"status":"passed","title":"should detect agent crash on missed heartbeat"},{"ancestorTitles":["AgentManager"],"duration":2,"failureDetails":[],"failureMessages":[],"fullName":"AgentManager should deploy and start an agent","invocations":1,"location":null,"numPassingAsserts":3,"retryReasons":[],"status":"passed","title":"should deploy and start an agent"},{"ancestorTitles":["AgentManager"],"duration":2,"failureDetails":[],"failureMessages":[],"fullName":"AgentManager should stop an agent","invocations":1,"location":null,"numPassingAsserts":2,"retryReasons":[],"status":"passed","title":"should stop an agent"},{"ancestorTitles":["AgentManager"],"duration":2,"failureDetails":[],"failureMessages":[],"fullName":"AgentManager should return logs for an agent","invocations":1,"location":null,"numPassingAsserts":3,"retryReasons":[],"status":"passed","title":"should return logs for an agent"},{"ancestorTitles":["AgentManager"],"duration":1,"failureDetails":[],"failureMessages":[],"fullName":"AgentManager should update health status correctly","invocations":1,"location":null,"numPassingAsserts":2,"retryReasons":[],"status":"passed","title":"should update health status correctly"}],"endTime":1744995720801,"message":"","name":"C:\\Users\\santa\\CascadeProjects\\personal-website\\src\\orchestration\\agentManager.test.ts","startTime":1744995719303,"status":"passed","summary":""},{"assertionResults":[{"ancestorTitles":["/api/hosts API"],"duration":14,"failureDetails":[],"failureMessages":[],"fullName":"/api/hosts API GET returns empty host list initially","invocations":1,"location":null,"numPassingAsserts":3,"retryReasons":[],"status":"passed","title":"GET returns empty host list initially"},{"ancestorTitles":["/api/hosts API"],"duration":32,"failureDetails":[],"failureMessages":[],"fullName":"/api/hosts API POST adds a new host","invocations":1,"location":null,"numPassingAsserts":5,"retryReasons":[],"status":"passed","title":"POST adds a new host"}],"endTime":1744995721123,"message":"","name":"C:\\Users\\santa\\CascadeProjects\\personal-website\\pages\\api\\hosts\\index.test.ts","startTime":1744995719349,"status":"passed","summary":""},{"assertionResults":[{"ancestorTitles":["supabaseClient"],"duration":11,"failureDetails":[],"failureMessages":[],"fullName":"supabaseClient creates a client without error","invocations":1,"location":null,"numPassingAsserts":1,"retryReasons":[],"status":"passed","title":"creates a client without error"}],"endTime":1744995721324,"message":"","name":"C:\\Users\\santa\\CascadeProjects\\personal-website\\utils\\supabaseClient.test.ts","startTime":1744995720912,"status":"passed","summary":""},{"assertionResults":[{"ancestorTitles":["AgentManager (modular factory, isolated)"],"duration":8,"failureDetails":[],"failureMessages":[],"fullName":"AgentManager (modular factory, isolated) should instantiate native, langchain, and autogen agents using factory","invocations":1,"location":null,"numPassingAsserts":9,"retryReasons":[],"status":"passed","title":"should instantiate native, langchain, and autogen agents using factory"}],"endTime":1744995721407,"message":"","name":"C:\\Users\\santa\\CascadeProjects\\personal-website\\src\\orchestration\\agentManager.factory.test.ts","startTime":1744995721150,"status":"passed","summary":""},{"assertionResults":[{"ancestorTitles":["Telegram API Handler"],"duration":19,"failureDetails":[],"failureMessages":[],"fullName":"Telegram API Handler handles a text message and replies","invocations":1,"location":null,"numPassingAsserts":2,"retryReasons":[],"status":"passed","title":"handles a text message and replies"},{"ancestorTitles":["Telegram API Handler"],"duration":22,"failureDetails":[],"failureMessages":[],"fullName":"Telegram API Handler handles a document (file) upload and stores URL","invocations":1,"location":null,"numPassingAsserts":2,"retryReasons":[],"status":"passed","title":"handles a document (file) upload and stores URL"},{"ancestorTitles":["Telegram API Handler"],"duration":6,"failureDetails":[],"failureMessages":[],"fullName":"Telegram API Handler returns error and notifies user if Supabase insert fails","invocations":1,"location":null,"numPassingAsserts":4,"retryReasons":[],"status":"passed","title":"returns error and notifies user if Supabase insert fails"},{"ancestorTitles":["Telegram API Handler"],"duration":39,"failureDetails":[{"matcherResult":{"expected":"OpenAI down","message":"\u001b[2mexpect(\u001b[22m\u001b[31mreceived\u001b[39m\u001b[2m).\u001b[22mtoBe\u001b[2m(\u001b[22m\u001b[32mexpected\u001b[39m\u001b[2m) // Object.is equality\u001b[22m\n\nExpected: \u001b[32m\"OpenAI down\"\u001b[39m\nReceived: \u001b[31mundefined\u001b[39m","name":"toBe","pass":false}}],"failureMessages":["Error: \u001b[2mexpect(\u001b[22m\u001b[31mreceived\u001b[39m\u001b[2m).\u001b[22mtoBe\u001b[2m(\u001b[22m\u001b[32mexpected\u001b[39m\u001b[2m) // Object.is equality\u001b[22m\n\nExpected: \u001b[32m\"OpenAI down\"\u001b[39m\nReceived: \u001b[31mundefined\u001b[39m\n    at Object.toBe (C:\\Users\\santa\\CascadeProjects\\personal-website\\tests\\api\\telegram.test.ts:164:28)\n    at processTicksAndRejections (node:internal/process/task_queues:105:5)"],"fullName":"Telegram API Handler returns error and notifies user if OpenAI API fails","invocations":1,"location":null,"numPassingAsserts":2,"retryReasons":[],"status":"failed","title":"returns error and notifies user if OpenAI API fails"}],"endTime":1744995721446,"message":"\u001b[1m\u001b[31m  \u001b[1m● \u001b[22m\u001b[1mTelegram API Handler › returns error and notifies user if OpenAI API fails\u001b[39m\u001b[22m\n\n    \u001b[2mexpect(\u001b[22m\u001b[31mreceived\u001b[39m\u001b[2m).\u001b[22mtoBe\u001b[2m(\u001b[22m\u001b[32mexpected\u001b[39m\u001b[2m) // Object.is equality\u001b[22m\n\n    Expected: \u001b[32m\"OpenAI down\"\u001b[39m\n    Received: \u001b[31mundefined\u001b[39m\n\u001b[2m\u001b[22m\n\u001b[2m    \u001b[0m \u001b[90m 162 |\u001b[39m       console\u001b[33m.\u001b[39merror(\u001b[32m'Handler response in OpenAI fail test:'\u001b[39m\u001b[33m,\u001b[39m response)\u001b[33m;\u001b[39m\u001b[22m\n\u001b[2m     \u001b[90m 163 |\u001b[39m     }\u001b[22m\n\u001b[2m    \u001b[31m\u001b[1m>\u001b[22m\u001b[2m\u001b[39m\u001b[90m 164 |\u001b[39m     expect(response\u001b[33m.\u001b[39merror)\u001b[33m.\u001b[39mtoBe(\u001b[32m'OpenAI down'\u001b[39m)\u001b[33m;\u001b[39m\u001b[22m\n\u001b[2m     \u001b[90m     |\u001b[39m                            \u001b[31m\u001b[1m^\u001b[22m\u001b[2m\u001b[39m\u001b[22m\n\u001b[2m     \u001b[90m 165 |\u001b[39m     \u001b[36mconst\u001b[39m notified \u001b[33m=\u001b[39m (axios\u001b[33m.\u001b[39mpost \u001b[36mas\u001b[39m jest\u001b[33m.\u001b[39m\u001b[33mMock\u001b[39m)\u001b[33m.\u001b[39mmock\u001b[33m.\u001b[39mcalls\u001b[33m.\u001b[39msome(call \u001b[33m=>\u001b[39m call[\u001b[35m0\u001b[39m]\u001b[33m.\u001b[39mincludes(\u001b[32m'/sendMessage'\u001b[39m) \u001b[33m&&\u001b[39m call[\u001b[35m1\u001b[39m]\u001b[33m.\u001b[39mchat_id \u001b[33m===\u001b[39m \u001b[35m1\u001b[39m \u001b[33m&&\u001b[39m \u001b[35m/OpenAI down/\u001b[39m\u001b[33m.\u001b[39mtest(call[\u001b[35m1\u001b[39m]\u001b[33m.\u001b[39mtext))\u001b[33m;\u001b[39m\u001b[22m\n\u001b[2m     \u001b[90m 166 |\u001b[39m     expect(notified)\u001b[33m.\u001b[39mtoBe(\u001b[36mtrue\u001b[39m)\u001b[33m;\u001b[39m\u001b[22m\n\u001b[2m     \u001b[90m 167 |\u001b[39m   })\u001b[33m;\u001b[39m\u001b[0m\u001b[22m\n\u001b[2m\u001b[22m\n\u001b[2m      \u001b[2mat Object.toBe (\u001b[22m\u001b[2m\u001b[0m\u001b[36mtests/api/telegram.test.ts\u001b[39m\u001b[0m\u001b[2m:164:28)\u001b[22m\u001b[2m\u001b[22m\n","name":"C:\\Users\\santa\\CascadeProjects\\personal-website\\tests\\api\\telegram.test.ts","startTime":1744995719315,"status":"failed","summary":""},{"assertionResults":[],"coverage":{},"endTime":1744995723858,"message":"  \u001b[1m● \u001b[22mTest suite failed to run\n\n    Cannot find module '../../../../src/orchestration/orchestratorSingleton' from 'pages/api/agents/[id]logs.test.ts'\n\n    \u001b[0m \u001b[90m  5 |\u001b[39m\n     \u001b[90m  6 |\u001b[39m describe(\u001b[32m'/api/agents/agentLogs API'\u001b[39m\u001b[33m,\u001b[39m () \u001b[33m=>\u001b[39m {\n    \u001b[31m\u001b[1m>\u001b[22m\u001b[39m\u001b[90m  7 |\u001b[39m   \u001b[36mconst\u001b[39m agentConfig \u001b[33m=\u001b[39m {\n     \u001b[90m    |\u001b[39m                                \u001b[31m\u001b[1m^\u001b[22m\u001b[39m\n     \u001b[90m  8 |\u001b[39m     id\u001b[33m:\u001b[39m \u001b[32m'test-logs-1'\u001b[39m\u001b[33m,\u001b[39m\n     \u001b[90m  9 |\u001b[39m     type\u001b[33m:\u001b[39m \u001b[32m'test-type'\u001b[39m\u001b[33m,\u001b[39m\n     \u001b[90m 10 |\u001b[39m     status\u001b[33m:\u001b[39m \u001b[32m'pending'\u001b[39m \u001b[36mas\u001b[39m \u001b[36mconst\u001b[39m\u001b[33m,\u001b[39m\u001b[0m\n\n      \u001b[2mat Resolver._throwModNotFoundError (\u001b[22mnode_modules/jest-resolve/build/resolver.js\u001b[2m:427:11)\u001b[22m\n      \u001b[2mat Object.<anonymous> (\u001b[22m\u001b[0m\u001b[36mpages/api/agents/[id]logs.test.ts\u001b[39m\u001b[0m\u001b[2m:7:32)\u001b[22m\n","name":"C:\\Users\\santa\\CascadeProjects\\personal-website\\pages\\api\\agents\\[id]logs.test.ts","startTime":1744995723858,"status":"failed","summary":""},{"assertionResults":[],"coverage":{},"endTime":1744995723858,"message":"  \u001b[1m● \u001b[22mTest suite failed to run\n\n    Cannot find module '../../../../src/orchestration/orchestratorSingleton' from 'pages/api/agents/agentLogs.test.ts'\n\n    \u001b[0m \u001b[90m  5 |\u001b[39m\n     \u001b[90m  6 |\u001b[39m describe(\u001b[32m'/api/agents/agentLogs API'\u001b[39m\u001b[33m,\u001b[39m () \u001b[33m=>\u001b[39m {\n    \u001b[31m\u001b[1m>\u001b[22m\u001b[39m\u001b[90m  7 |\u001b[39m   \u001b[36mconst\u001b[39m agentConfig \u001b[33m=\u001b[39m {\n     \u001b[90m    |\u001b[39m                                \u001b[31m\u001b[1m^\u001b[22m\u001b[39m\n     \u001b[90m  8 |\u001b[39m     id\u001b[33m:\u001b[39m \u001b[32m'test-logs-1'\u001b[39m\u001b[33m,\u001b[39m\n     \u001b[90m  9 |\u001b[39m     type\u001b[33m:\u001b[39m \u001b[32m'test-type'\u001b[39m\u001b[33m,\u001b[39m\n     \u001b[90m 10 |\u001b[39m     status\u001b[33m:\u001b[39m \u001b[32m'pending'\u001b[39m \u001b[36mas\u001b[39m \u001b[36mconst\u001b[39m\u001b[33m,\u001b[39m\u001b[0m\n\n      \u001b[2mat Resolver._throwModNotFoundError (\u001b[22mnode_modules/jest-resolve/build/resolver.js\u001b[2m:427:11)\u001b[22m\n      \u001b[2mat Object.<anonymous> (\u001b[22m\u001b[0m\u001b[36mpages/api/agents/agentLogs.test.ts\u001b[39m\u001b[0m\u001b[2m:7:32)\u001b[22m\n","name":"C:\\Users\\santa\\CascadeProjects\\personal-website\\pages\\api\\agents\\agentLogs.test.ts","startTime":1744995723858,"status":"failed","summary":""},{"assertionResults":[{"ancestorTitles":["/api/agents/index API"],"duration":50,"failureDetails":[],"failureMessages":[],"fullName":"/api/agents/index API GET returns empty agent list initially","invocations":1,"location":null,"numPassingAsserts":3,"retryReasons":[],"status":"passed","title":"GET returns empty agent list initially"},{"ancestorTitles":["/api/agents/index API"],"duration":20,"failureDetails":[],"failureMessages":[],"fullName":"/api/agents/index API POST adds a new agent","invocations":1,"location":null,"numPassingAsserts":7,"retryReasons":[],"status":"passed","title":"POST adds a new agent"},{"ancestorTitles":["/api/agents/index API"],"duration":8,"failureDetails":[],"failureMessages":[],"fullName":"/api/agents/index API GET returns agent after POST","invocations":1,"location":null,"numPassingAsserts":1,"retryReasons":[],"status":"passed","title":"GET returns agent after POST"}],"endTime":1744995721791,"message":"","name":"C:\\Users\\santa\\CascadeProjects\\personal-website\\pages\\api\\agents\\index.test.ts","startTime":1744995719271,"status":"passed","summary":""},{"assertionResults":[{"ancestorTitles":["AuthForm"],"duration":80,"failureDetails":[],"failureMessages":[],"fullName":"AuthForm renders login/register form","invocations":1,"location":null,"numPassingAsserts":1,"retryReasons":[],"status":"passed","title":"renders login/register form"},{"ancestorTitles":["AuthForm"],"duration":46,"failureDetails":[],"failureMessages":[],"fullName":"AuthForm can type email and password","invocations":1,"location":null,"numPassingAsserts":2,"retryReasons":[],"status":"passed","title":"can type email and password"},{"ancestorTitles":["AuthForm"],"duration":50,"failureDetails":[],"failureMessages":[],"fullName":"AuthForm shows success message on sign in","invocations":1,"location":null,"numPassingAsserts":1,"retryReasons":[],"status":"passed","title":"shows success message on sign in"}],"endTime":1744995721802,"message":"","name":"C:\\Users\\santa\\CascadeProjects\\personal-website\\components\\AuthForm.test.tsx","startTime":1744995719297,"status":"passed","summary":""},{"assertionResults":[{"ancestorTitles":["AgentRegistry UI notifications"],"duration":212,"failureDetails":[],"failureMessages":[],"fullName":"AgentRegistry UI notifications shows a toast when agent status changes to recovered, restarting, or recovery_failed","invocations":1,"location":null,"numPassingAsserts":10,"retryReasons":[],"status":"passed","title":"shows a toast when agent status changes to recovered, restarting, or recovery_failed"}],"endTime":1744995721854,"message":"","name":"C:\\Users\\santa\\CascadeProjects\\personal-website\\components\\AgentRegistry.test.tsx","startTime":1744995719338,"status":"passed","summary":""},{"assertionResults":[{"ancestorTitles":["/api/agents/[id] API"],"duration":29,"failureDetails":[],"failureMessages":[],"fullName":"/api/agents/[id] API GET returns agent details","invocations":1,"location":null,"numPassingAsserts":3,"retryReasons":[],"status":"passed","title":"GET returns agent details"},{"ancestorTitles":["/api/agents/[id] API"],"duration":5,"failureDetails":[],"failureMessages":[],"fullName":"/api/agents/[id] API DELETE stops the agent and marks it as crashed","invocations":1,"location":null,"numPassingAsserts":6,"retryReasons":[],"status":"passed","title":"DELETE stops the agent and marks it as crashed"},{"ancestorTitles":["/api/agents/[id] API"],"duration":3,"failureDetails":[],"failureMessages":[],"fullName":"/api/agents/[id] API DELETE returns 404 for missing agent","invocations":1,"location":null,"numPassingAsserts":1,"retryReasons":[],"status":"passed","title":"DELETE returns 404 for missing agent"}],"endTime":1744995721921,"message":"","name":"C:\\Users\\santa\\CascadeProjects\\personal-website\\pages\\api\\agents\\[id].test.ts","startTime":1744995719346,"status":"passed","summary":""},{"assertionResults":[{"ancestorTitles":["/api/agent-health API"],"duration":10,"failureDetails":[],"failureMessages":[],"fullName":"/api/agent-health API returns health for all agents (empty)","invocations":1,"location":null,"numPassingAsserts":3,"retryReasons":[],"status":"passed","title":"returns health for all agents (empty)"},{"ancestorTitles":["/api/agent-health API"],"duration":2,"failureDetails":[],"failureMessages":[],"fullName":"/api/agent-health API returns health for a running agent","invocations":1,"location":null,"numPassingAsserts":3,"retryReasons":[],"status":"passed","title":"returns health for a running agent"}],"endTime":1744995721922,"message":"","name":"C:\\Users\\santa\\CascadeProjects\\personal-website\\pages\\api\\agent-health.test.ts","startTime":1744995719379,"status":"passed","summary":""},{"assertionResults":[{"ancestorTitles":["SentryErrorBoundary"],"duration":36,"failureDetails":[],"failureMessages":[],"fullName":"SentryErrorBoundary renders children when no error","invocations":1,"location":null,"numPassingAsserts":1,"retryReasons":[],"status":"passed","title":"renders children when no error"}],"endTime":1744995721957,"message":"","name":"C:\\Users\\santa\\CascadeProjects\\personal-website\\components\\SentryErrorBoundary.test.tsx","startTime":1744995719321,"status":"passed","summary":""},{"assertionResults":[{"ancestorTitles":[],"duration":1112,"failureDetails":[{"name":"TestingLibraryElementError"}],"failureMessages":["Error: Found multiple elements with the text: /Test Agent/\n\nHere are the matching elements:\n\nIgnored nodes: comments, script, style\n\u001b[36m<h3\u001b[39m\n  \u001b[33mstyle\u001b[39m=\u001b[32m\"font-family: serif; font-weight: 700; font-size: 20px; margin-bottom: 8px;\"\u001b[39m\n\u001b[36m>\u001b[39m\n  \u001b[0mTest Agent\u001b[0m\n\u001b[36m</h3>\u001b[39m\n\nIgnored nodes: comments, script, style\n\u001b[36m<h3\u001b[39m\n  \u001b[33mstyle\u001b[39m=\u001b[32m\"font-family: serif; font-weight: 700; font-size: 20px; margin-bottom: 8px;\"\u001b[39m\n\u001b[36m>\u001b[39m\n  \u001b[0mTest Agent 2\u001b[0m\n\u001b[36m</h3>\u001b[39m\n\n(If this is intentional, then use the `*AllBy*` variant of the query (like `queryAllByText`, `getAllByText`, or `findAllByText`)).\n\nIgnored nodes: comments, script, style\n\u001b[36m<body>\u001b[39m\n  \u001b[36m<div>\u001b[39m\n    \u001b[36m<div\u001b[39m\n      \u001b[33mstyle\u001b[39m=\u001b[32m\"margin: 32px auto 32px auto; text-align: center; background: rgba(255, 255, 255, 0.85); border-radius: 18px; padding: 32px 16px 40px 16px; box-shadow: 0 6px 32px rgba(0,0,0,0.10); max-width: 700px;\"\u001b[39m\n    \u001b[36m>\u001b[39m\n      \u001b[36m<h2\u001b[39m\n        \u001b[33mstyle\u001b[39m=\u001b[32m\"font-size: 28px; font-weight: 800; margin-bottom: 18px;\"\u001b[39m\n      \u001b[36m>\u001b[39m\n        \u001b[0mAgent Broker: Choose Your Next Agent\u001b[0m\n      \u001b[36m</h2>\u001b[39m\n      \u001b[36m<p\u001b[39m\n        \u001b[33mstyle\u001b[39m=\u001b[32m\"color: rgb(85, 85, 85); margin-bottom: 18px;\"\u001b[39m\n      \u001b[36m>\u001b[39m\n        \u001b[0mPick a card to deploy a new agent. New choices will appear after each pick!\u001b[0m\n      \u001b[36m</p>\u001b[39m\n      \u001b[36m<div\u001b[39m\n        \u001b[33mstyle\u001b[39m=\u001b[32m\"margin: 0px auto 28px; max-width: 520px; display: flex; gap: 8px; align-items: center; justify-content: center; background: rgb(234, 241, 251); border-radius: 8px; padding: 10px 12px; box-shadow: 0 2px 8px rgba(0,0,0,0.04);\"\u001b[39m\n      \u001b[36m>\u001b[39m\n        \u001b[36m<input\u001b[39m\n          \u001b[33mplaceholder\u001b[39m=\u001b[32m\"Describe your agent idea (e.g. 'An agent that ...')\"\u001b[39m\n          \u001b[33mstyle\u001b[39m=\u001b[32m\"flex: 1; padding: 8px 12px; border-radius: 6px; border: 1px solid #ccc; font-size: 16px;\"\u001b[39m\n          \u001b[33mvalue\u001b[39m=\u001b[32m\"\"\u001b[39m\n        \u001b[36m/>\u001b[39m\n        \u001b[36m<button\u001b[39m\n          \u001b[33mdisabled\u001b[39m=\u001b[32m\"\"\u001b[39m\n          \u001b[33mstyle\u001b[39m=\u001b[32m\"padding: 8px 20px; border-radius: 6px; background: rgb(0, 89, 178); color: rgb(255, 255, 255); font-weight: 600; font-size: 16px; cursor: not-allowed; opacity: 1;\"\u001b[39m\n        \u001b[36m>\u001b[39m\n          \u001b[0mCreate from Prompt\u001b[0m\n        \u001b[36m</button>\u001b[39m\n      \u001b[36m</div>\u001b[39m\n      \u001b[36m<div\u001b[39m\n        \u001b[33mstyle\u001b[39m=\u001b[32m\"display: flex; gap: 24px; justify-content: center; margin-top: 32px;\"\u001b[39m\n      \u001b[36m>\u001b[39m\n        \u001b[36m<div\u001b[39m\n          \u001b[33mstyle\u001b[39m=\u001b[32m\"width: 220px; border: 2px solid #333; border-radius: 16px; box-shadow: 0 4px 16px rgba(0,0,0,0.15); cursor: pointer; opacity: 1; transition: opacity 0.2s; position: relative;\"\u001b[39m\n        \u001b[36m>\u001b[39m\n          \u001b[36m<img\u001b[39m\n            \u001b[33malt\u001b[39m=\u001b[32m\"Test Agent\"\u001b[39m\n            \u001b[33msrc\u001b[39m=\u001b[32m\"\"\u001b[39m\n            \u001b[33mstyle\u001b[39m=\u001b[32m\"width: 100%; height: 140px; object-fit: cover; border-top-left-radius: 14px; border-top-right-radius: 14px;\"\u001b[39m\n          \u001b[36m/>\u001b[39m\n          \u001b[36m<div\u001b[39m\n            \u001b[33mstyle\u001b[39m=\u001b[32m\"padding: 16px;\"\u001b[39m\n          \u001b[36m>\u001b[39m\n            \u001b[36m<h3\u001b[39m\n              \u001b[33mstyle\u001b[39m=\u001b[32m\"font-family: serif; font-weight: 700; font-size: 20px; margin-bottom: 8px;\"\u001b[39m\n            \u001b[36m>\u001b[39m\n              \u001b[0mTest Agent\u001b[0m\n            \u001b[36m</h3>\u001b[39m\n            \u001b[36m<p\u001b[39m\n              \u001b[33mstyle\u001b[39m=\u001b[32m\"font-size: 15px; color: rgb(51, 51, 51); min-height: 48px;\"\u001b[39m\n            \u001b[36m>\u001b[39m\n              \u001b[0mTest Desc\u001b[0m\n            \u001b[36m</p>\u001b[39m\n          \u001b[36m</div>\u001b[39m\n        \u001b[36m</div>\u001b[39m\n        \u001b[36m<div\u001b[39m\n          \u001b[33mstyle\u001b[39m=\u001b[32m\"width: 220px; border: 2px solid #333; border-radius: 16px; box-shadow: 0 4px 16px rgba(0,0,0,0.15); cursor: pointer; opacity: 1; transition: opacity 0.2s; position: relative;\"\u001b[39m\n        \u001b[36m>\u001b[39m\n          \u001b[36m<img\u001b[39m\n            \u001b[33malt\u001b[39m=\u001b[32m\"Test Agent 2\"\u001b[39m\n            \u001b[33msrc\u001b[39m=\u001b[32m\"\"\u001b[39m\n            \u001b[33mstyle\u001b[39m=\u001b[32m\"width: 100%; height: 140px; object-fit: cover; border-top-left-radius: 14px; border-top-right-radius: 14px;\"\u001b[39m\n          \u001b[36m/>\u001b[39m\n          \u001b[36m<div\u001b[39m\n            \u001b[33mstyle\u001b[39m=\u001b[32m\"padding: 16px;\"\u001b[39m\n          \u001b[36m>\u001b[39m\n            \u001b[36m<h3\u001b[39m\n              \u001b[33mstyle\u001b[39m=\u001b[32m\"font-family: serif; font-weight: 700; font-size: 20px; margin-bottom: 8px;\"\u001b[39m\n            \u001b[36m>\u001b[39m\n              \u001b[0mTest Agent 2\u001b[0m\n            \u001b[36m</h3>\u001b[39m\n            \u001b[36m<p\u001b[39m\n              \u001b[33mstyle\u001b[39m=\u001b[32m\"font-size: 15px; color: rgb(51, 51, 51); min-height: 48px;\"\u001b[39m\n            \u001b[36m>\u001b[39m\n              \u001b[0mTest Desc 2\u001b[0m\n            \u001b[36m</p>\u001b[39m\n          \u001b[36m</div>\u001b[39m\n        \u001b[36m</div>\u001b[39m\n      \u001b[36m</div>\u001b[39m\n      \u001b[36m<button\u001b[39m\n        \u001b[33mstyle\u001b[39m=\u001b[32m\"margin-top: 32px; padding: 12px 32px; border-radius: 8px; color: rgb(255, 255, 255); font-weight: 700; font-size: 18px; box-shadow: 0 2px 8px rgba(0,0,0,0.10); cursor: pointer; opacity: 1; letter-spacing: 0.5px; background: rgb(0, 89, 178);\"\u001b[39m\n      \u001b[36m>\u001b[39m\n        \u001b[0mShuffle Cards\u001b[0m\n      \u001b[36m</button>\u001b[39m\n    \u001b[36m</div>\u001b[39m\n  \u001b[36m</div>\u001b[39m\n\u001b[36m</body>\u001b[39m\n    at waitForWrapper (C:\\Users\\santa\\CascadeProjects\\personal-website\\node_modules\\@testing-library\\react\\node_modules\\@testing-library\\dom\\dist\\wait-for.js:163:27)\n    at C:\\Users\\santa\\CascadeProjects\\personal-website\\node_modules\\@testing-library\\react\\node_modules\\@testing-library\\dom\\dist\\query-helpers.js:86:33\n    at Object.findByText (C:\\Users\\santa\\CascadeProjects\\personal-website\\__tests__\\agentBrokerPanel.e2e.test.tsx:32:23)\n    at Promise.then.completed (C:\\Users\\santa\\CascadeProjects\\personal-website\\node_modules\\jest-circus\\build\\utils.js:298:28)\n    at new Promise (<anonymous>)\n    at callAsyncCircusFn (C:\\Users\\santa\\CascadeProjects\\personal-website\\node_modules\\jest-circus\\build\\utils.js:231:10)\n    at _callCircusTest (C:\\Users\\santa\\CascadeProjects\\personal-website\\node_modules\\jest-circus\\build\\run.js:316:40)\n    at processTicksAndRejections (node:internal/process/task_queues:105:5)\n    at _runTest (C:\\Users\\santa\\CascadeProjects\\personal-website\\node_modules\\jest-circus\\build\\run.js:252:3)\n    at _runTestsForDescribeBlock (C:\\Users\\santa\\CascadeProjects\\personal-website\\node_modules\\jest-circus\\build\\run.js:126:9)\n    at run (C:\\Users\\santa\\CascadeProjects\\personal-website\\node_modules\\jest-circus\\build\\run.js:71:3)\n    at runAndTransformResultsToJestFormat (C:\\Users\\santa\\CascadeProjects\\personal-website\\node_modules\\jest-circus\\build\\legacy-code-todo-rewrite\\jestAdapterInit.js:122:21)\n    at jestAdapter (C:\\Users\\santa\\CascadeProjects\\personal-website\\node_modules\\jest-circus\\build\\legacy-code-todo-rewrite\\jestAdapter.js:79:19)\n    at runTestInternal (C:\\Users\\santa\\CascadeProjects\\personal-website\\node_modules\\jest-runner\\build\\runTest.js:367:16)\n    at runTest (C:\\Users\\santa\\CascadeProjects\\personal-website\\node_modules\\jest-runner\\build\\runTest.js:444:34)\n    at Object.worker (C:\\Users\\santa\\CascadeProjects\\personal-website\\node_modules\\jest-runner\\build\\testWorker.js:106:12)"],"fullName":"renders cards and allows shuffle","invocations":1,"location":null,"numPassingAsserts":0,"retryReasons":[],"status":"failed","title":"renders cards and allows shuffle"},{"ancestorTitles":[],"duration":52,"failureDetails":[],"failureMessages":[],"fullName":"creates agent card from prompt","invocations":1,"location":null,"numPassingAsserts":1,"retryReasons":[],"status":"passed","title":"creates agent card from prompt"},{"ancestorTitles":[],"duration":null,"failureDetails":[],"failureMessages":[],"fullName":"handles backend error gracefully (skipped: flaky or not meaningful)","invocations":1,"location":null,"numPassingAsserts":0,"retryReasons":[],"status":"pending","title":"handles backend error gracefully (skipped: flaky or not meaningful)"}],"endTime":1744995722792,"message":"\u001b[1m\u001b[31m  \u001b[1m● \u001b[22m\u001b[1mrenders cards and allows shuffle\u001b[39m\u001b[22m\n\n    Found multiple elements with the text: /Test Agent/\n\n    Here are the matching elements:\n\n    Ignored nodes: comments, script, style\n    \u001b[36m<h3\u001b[39m\n      \u001b[33mstyle\u001b[39m=\u001b[32m\"font-family: serif; font-weight: 700; font-size: 20px; margin-bottom: 8px;\"\u001b[39m\n    \u001b[36m>\u001b[39m\n      \u001b[0mTest Agent\u001b[0m\n    \u001b[36m</h3>\u001b[39m\n\n    Ignored nodes: comments, script, style\n    \u001b[36m<h3\u001b[39m\n      \u001b[33mstyle\u001b[39m=\u001b[32m\"font-family: serif; font-weight: 700; font-size: 20px; margin-bottom: 8px;\"\u001b[39m\n    \u001b[36m>\u001b[39m\n      \u001b[0mTest Agent 2\u001b[0m\n    \u001b[36m</h3>\u001b[39m\n\n    (If this is intentional, then use the `*AllBy*` variant of the query (like `queryAllByText`, `getAllByText`, or `findAllByText`)).\n\n    Ignored nodes: comments, script, style\n    \u001b[36m<body>\u001b[39m\n      \u001b[36m<div>\u001b[39m\n        \u001b[36m<div\u001b[39m\n          \u001b[33mstyle\u001b[39m=\u001b[32m\"margin: 32px auto 32px auto; text-align: center; background: rgba(255, 255, 255, 0.85); border-radius: 18px; padding: 32px 16px 40px 16px; box-shadow: 0 6px 32px rgba(0,0,0,0.10); max-width: 700px;\"\u001b[39m\n        \u001b[36m>\u001b[39m\n          \u001b[36m<h2\u001b[39m\n            \u001b[33mstyle\u001b[39m=\u001b[32m\"font-size: 28px; font-weight: 800; margin-bottom: 18px;\"\u001b[39m\n          \u001b[36m>\u001b[39m\n            \u001b[0mAgent Broker: Choose Your Next Agent\u001b[0m\n          \u001b[36m</h2>\u001b[39m\n          \u001b[36m<p\u001b[39m\n            \u001b[33mstyle\u001b[39m=\u001b[32m\"color: rgb(85, 85, 85); margin-bottom: 18px;\"\u001b[39m\n          \u001b[36m>\u001b[39m\n            \u001b[0mPick a card to deploy a new agent. New choices will appear after each pick!\u001b[0m\n          \u001b[36m</p>\u001b[39m\n          \u001b[36m<div\u001b[39m\n            \u001b[33mstyle\u001b[39m=\u001b[32m\"margin: 0px auto 28px; max-width: 520px; display: flex; gap: 8px; align-items: center; justify-content: center; background: rgb(234, 241, 251); border-radius: 8px; padding: 10px 12px; box-shadow: 0 2px 8px rgba(0,0,0,0.04);\"\u001b[39m\n          \u001b[36m>\u001b[39m\n            \u001b[36m<input\u001b[39m\n              \u001b[33mplaceholder\u001b[39m=\u001b[32m\"Describe your agent idea (e.g. 'An agent that ...')\"\u001b[39m\n              \u001b[33mstyle\u001b[39m=\u001b[32m\"flex: 1; padding: 8px 12px; border-radius: 6px; border: 1px solid #ccc; font-size: 16px;\"\u001b[39m\n              \u001b[33mvalue\u001b[39m=\u001b[32m\"\"\u001b[39m\n            \u001b[36m/>\u001b[39m\n            \u001b[36m<button\u001b[39m\n              \u001b[33mdisabled\u001b[39m=\u001b[32m\"\"\u001b[39m\n              \u001b[33mstyle\u001b[39m=\u001b[32m\"padding: 8px 20px; border-radius: 6px; background: rgb(0, 89, 178); color: rgb(255, 255, 255); font-weight: 600; font-size: 16px; cursor: not-allowed; opacity: 1;\"\u001b[39m\n            \u001b[36m>\u001b[39m\n              \u001b[0mCreate from Prompt\u001b[0m\n            \u001b[36m</button>\u001b[39m\n          \u001b[36m</div>\u001b[39m\n          \u001b[36m<div\u001b[39m\n            \u001b[33mstyle\u001b[39m=\u001b[32m\"display: flex; gap: 24px; justify-content: center; margin-top: 32px;\"\u001b[39m\n          \u001b[36m>\u001b[39m\n            \u001b[36m<div\u001b[39m\n              \u001b[33mstyle\u001b[39m=\u001b[32m\"width: 220px; border: 2px solid #333; border-radius: 16px; box-shadow: 0 4px 16px rgba(0,0,0,0.15); cursor: pointer; opacity: 1; transition: opacity 0.2s; position: relative;\"\u001b[39m\n            \u001b[36m>\u001b[39m\n              \u001b[36m<img\u001b[39m\n                \u001b[33malt\u001b[39m=\u001b[32m\"Test Agent\"\u001b[39m\n                \u001b[33msrc\u001b[39m=\u001b[32m\"\"\u001b[39m\n                \u001b[33mstyle\u001b[39m=\u001b[32m\"width: 100%; height: 140px; object-fit: cover; border-top-left-radius: 14px; border-top-right-radius: 14px;\"\u001b[39m\n              \u001b[36m/>\u001b[39m\n              \u001b[36m<div\u001b[39m\n                \u001b[33mstyle\u001b[39m=\u001b[32m\"padding: 16px;\"\u001b[39m\n              \u001b[36m>\u001b[39m\n                \u001b[36m<h3\u001b[39m\n                  \u001b[33mstyle\u001b[39m=\u001b[32m\"font-family: serif; font-weight: 700; font-size: 20px; margin-bottom: 8px;\"\u001b[39m\n                \u001b[36m>\u001b[39m\n                  \u001b[0mTest Agent\u001b[0m\n                \u001b[36m</h3>\u001b[39m\n                \u001b[36m<p\u001b[39m\n                  \u001b[33mstyle\u001b[39m=\u001b[32m\"font-size: 15px; color: rgb(51, 51, 51); min-height: 48px;\"\u001b[39m\n                \u001b[36m>\u001b[39m\n                  \u001b[0mTest Desc\u001b[0m\n                \u001b[36m</p>\u001b[39m\n              \u001b[36m</div>\u001b[39m\n            \u001b[36m</div>\u001b[39m\n            \u001b[36m<div\u001b[39m\n              \u001b[33mstyle\u001b[39m=\u001b[32m\"width: 220px; border: 2px solid #333; border-radius: 16px; box-shadow: 0 4px 16px rgba(0,0,0,0.15); cursor: pointer; opacity: 1; transition: opacity 0.2s; position: relative;\"\u001b[39m\n            \u001b[36m>\u001b[39m\n              \u001b[36m<img\u001b[39m\n                \u001b[33malt\u001b[39m=\u001b[32m\"Test Agent 2\"\u001b[39m\n                \u001b[33msrc\u001b[39m=\u001b[32m\"\"\u001b[39m\n                \u001b[33mstyle\u001b[39m=\u001b[32m\"width: 100%; height: 140px; object-fit: cover; border-top-left-radius: 14px; border-top-right-radius: 14px;\"\u001b[39m\n              \u001b[36m/>\u001b[39m\n              \u001b[36m<div\u001b[39m\n                \u001b[33mstyle\u001b[39m=\u001b[32m\"padding: 16px;\"\u001b[39m\n              \u001b[36m>\u001b[39m\n                \u001b[36m<h3\u001b[39m\n                  \u001b[33mstyle\u001b[39m=\u001b[32m\"font-family: serif; font-weight: 700; font-size: 20px; margin-bottom: 8px;\"\u001b[39m\n                \u001b[36m>\u001b[39m\n                  \u001b[0mTest Agent 2\u001b[0m\n                \u001b[36m</h3>\u001b[39m\n                \u001b[36m<p\u001b[39m\n                  \u001b[33mstyle\u001b[39m=\u001b[32m\"font-size: 15px; color: rgb(51, 51, 51); min-height: 48px;\"\u001b[39m\n                \u001b[36m>\u001b[39m\n                  \u001b[0mTest Desc 2\u001b[0m\n                \u001b[36m</p>\u001b[39m\n              \u001b[36m</div>\u001b[39m\n            \u001b[36m</div>\u001b[39m\n          \u001b[36m</div>\u001b[39m\n          \u001b[36m<button\u001b[39m\n            \u001b[33mstyle\u001b[39m=\u001b[32m\"margin-top: 32px; padding: 12px 32px; border-radius: 8px; color: rgb(255, 255, 255); font-weight: 700; font-size: 18px; box-shadow: 0 2px 8px rgba(0,0,0,0.10); cursor: pointer; opacity: 1; letter-spacing: 0.5px; background: rgb(0, 89, 178);\"\u001b[39m\n          \u001b[36m>\u001b[39m\n            \u001b[0mShuffle Cards\u001b[0m\n          \u001b[36m</button>\u001b[39m\n        \u001b[36m</div>\u001b[39m\n      \u001b[36m</div>\u001b[39m\n    \u001b[36m</body>\u001b[39m\n\u001b[2m\u001b[22m\n\u001b[2m    \u001b[0m \u001b[90m 30 |\u001b[39m test(\u001b[32m'renders cards and allows shuffle'\u001b[39m\u001b[33m,\u001b[39m \u001b[36masync\u001b[39m () \u001b[33m=>\u001b[39m {\u001b[22m\n\u001b[2m     \u001b[90m 31 |\u001b[39m   render(\u001b[33m<\u001b[39m\u001b[33mAgentBrokerPanel\u001b[39m \u001b[33m/\u001b[39m\u001b[33m>\u001b[39m)\u001b[33m;\u001b[39m\u001b[22m\n\u001b[2m    \u001b[31m\u001b[1m>\u001b[22m\u001b[2m\u001b[39m\u001b[90m 32 |\u001b[39m   expect(\u001b[36mawait\u001b[39m screen\u001b[33m.\u001b[39mfindByText(\u001b[35m/Test Agent/\u001b[39m))\u001b[33m.\u001b[39mtoBeInTheDocument()\u001b[33m;\u001b[39m\u001b[22m\n\u001b[2m     \u001b[90m    |\u001b[39m                       \u001b[31m\u001b[1m^\u001b[22m\u001b[2m\u001b[39m\u001b[22m\n\u001b[2m     \u001b[90m 33 |\u001b[39m   fireEvent\u001b[33m.\u001b[39mclick(\u001b[36mawait\u001b[39m screen\u001b[33m.\u001b[39mfindByText(\u001b[35m/Shuffle Cards/\u001b[39m))\u001b[33m;\u001b[39m\u001b[22m\n\u001b[2m     \u001b[90m 34 |\u001b[39m   \u001b[90m// Should show loading and then cards again\u001b[39m\u001b[22m\n\u001b[2m     \u001b[90m 35 |\u001b[39m   expect(\u001b[36mawait\u001b[39m screen\u001b[33m.\u001b[39mfindByText(\u001b[35m/Test Agent/\u001b[39m))\u001b[33m.\u001b[39mtoBeInTheDocument()\u001b[33m;\u001b[39m\u001b[0m\u001b[22m\n\u001b[2m\u001b[22m\n\u001b[2m      \u001b[2mat waitForWrapper (\u001b[22m\u001b[2mnode_modules/@testing-library/react/node_modules/@testing-library/dom/dist/wait-for.js\u001b[2m:163:27)\u001b[22m\u001b[2m\u001b[22m\n\u001b[2m      \u001b[2mat \u001b[22m\u001b[2mnode_modules/@testing-library/react/node_modules/@testing-library/dom/dist/query-helpers.js\u001b[2m:86:33\u001b[22m\u001b[2m\u001b[22m\n\u001b[2m      \u001b[2mat Object.findByText (\u001b[22m\u001b[2m\u001b[0m\u001b[36m__tests__/agentBrokerPanel.e2e.test.tsx\u001b[39m\u001b[0m\u001b[2m:32:23)\u001b[22m\u001b[2m\u001b[22m\n","name":"C:\\Users\\santa\\CascadeProjects\\personal-website\\__tests__\\agentBrokerPanel.e2e.test.tsx","startTime":1744995719323,"status":"failed","summary":""},{"assertionResults":[{"ancestorTitles":["AgentOrchestrator"],"duration":15,"failureDetails":[],"failureMessages":[],"fullName":"AgentOrchestrator should launch a real agent and reflect health","invocations":1,"location":null,"numPassingAsserts":3,"retryReasons":[],"status":"passed","title":"should launch a real agent and reflect health"},{"ancestorTitles":["AgentOrchestrator"],"duration":42,"failureDetails":[],"failureMessages":[],"fullName":"AgentOrchestrator should stop a real agent and reflect health","invocations":1,"location":null,"numPassingAsserts":3,"retryReasons":[],"status":"passed","title":"should stop a real agent and reflect health"},{"ancestorTitles":["AgentOrchestrator"],"duration":9,"failureDetails":[],"failureMessages":[],"fullName":"AgentOrchestrator should list all orchestrated agents","invocations":1,"location":null,"numPassingAsserts":1,"retryReasons":[],"status":"passed","title":"should list all orchestrated agents"},{"ancestorTitles":["AgentOrchestrator"],"duration":31,"failureDetails":[],"failureMessages":[],"fullName":"AgentOrchestrator should review a developer implementation with QC Agent","invocations":1,"location":null,"numPassingAsserts":1,"retryReasons":[],"status":"passed","title":"should review a developer implementation with QC Agent"},{"ancestorTitles":["AgentOrchestrator"],"duration":2023,"failureDetails":[],"failureMessages":[],"fullName":"AgentOrchestrator should auto-recover a crashed agent and reflect live state","invocations":1,"location":null,"numPassingAsserts":4,"retryReasons":[],"status":"passed","title":"should auto-recover a crashed agent and reflect live state"}],"endTime":1744995723726,"message":"","name":"C:\\Users\\santa\\CascadeProjects\\personal-website\\src\\orchestration\\agentOrchestrator.test.ts","startTime":1744995719286,"status":"passed","summary":""}],"wasInterrupted":false}
