{"numFailedTestSuites":16,"numFailedTests":17,"numPassedTestSuites":29,"numPassedTests":96,"numPendingTestSuites":0,"numPendingTests":3,"numRuntimeErrorTestSuites":5,"numTodoTests":0,"numTotalTestSuites":45,"numTotalTests":116,"openHandles":[],"snapshot":{"added":0,"didUpdate":false,"failure":false,"filesAdded":0,"filesRemoved":0,"filesRemovedList":[],"filesUnmatched":0,"filesUpdated":0,"matched":0,"total":0,"unchecked":0,"uncheckedKeysByFile":[],"unmatched":0,"updated":0},"startTime":1745235298199,"success":false,"testResults":[{"assertionResults":[{"ancestorTitles":["/api/orchestrator-state API"],"duration":9,"failureDetails":[],"failureMessages":[],"fullName":"/api/orchestrator-state API returns live state, health, and logs for all agents","invocations":1,"location":{"column":3,"line":17},"numPassingAsserts":9,"retryReasons":[],"status":"passed","title":"returns live state, health, and logs for all agents"},{"ancestorTitles":["/api/orchestrator-state API"],"duration":6,"failureDetails":[{"matcherResult":{"actual":"healthy","expected":"running","message":"\u001b[2mexpect(\u001b[22m\u001b[31mreceived\u001b[39m\u001b[2m).\u001b[22mtoBe\u001b[2m(\u001b[22m\u001b[32mexpected\u001b[39m\u001b[2m) // Object.is equality\u001b[22m\n\nExpected: \u001b[32m\"running\"\u001b[39m\nReceived: \u001b[31m\"healthy\"\u001b[39m","name":"toBe","pass":false}}],"failureMessages":["Error: \u001b[2mexpect(\u001b[22m\u001b[31mreceived\u001b[39m\u001b[2m).\u001b[22mtoBe\u001b[2m(\u001b[22m\u001b[32mexpected\u001b[39m\u001b[2m) // Object.is equality\u001b[22m\n\nExpected: \u001b[32m\"running\"\u001b[39m\nReceived: \u001b[31m\"healthy\"\u001b[39m\n    at Object.toBe (C:\\Users\\santa\\CascadeProjects\\personal-website\\pages\\api\\orchestrator-state.test.ts:53:48)"],"fullName":"/api/orchestrator-state API reflects agent state changes (running, stopped, crashed)","invocations":1,"location":{"column":3,"line":44},"numPassingAsserts":0,"retryReasons":[],"status":"failed","title":"reflects agent state changes (running, stopped, crashed)"},{"ancestorTitles":["/api/orchestrator-state API"],"duration":9,"failureDetails":[],"failureMessages":[],"fullName":"/api/orchestrator-state API returns live agent-to-agent messages in the messages field","invocations":1,"location":{"column":3,"line":65},"numPassingAsserts":2,"retryReasons":[],"status":"passed","title":"returns live agent-to-agent messages in the messages field"}],"endTime":1745235300251,"message":"\u001b[1m\u001b[31m  \u001b[1m● \u001b[22m\u001b[1m/api/orchestrator-state API › reflects agent state changes (running, stopped, crashed)\u001b[39m\u001b[22m\n\n    \u001b[2mexpect(\u001b[22m\u001b[31mreceived\u001b[39m\u001b[2m).\u001b[22mtoBe\u001b[2m(\u001b[22m\u001b[32mexpected\u001b[39m\u001b[2m) // Object.is equality\u001b[22m\n\n    Expected: \u001b[32m\"running\"\u001b[39m\n    Received: \u001b[31m\"healthy\"\u001b[39m\n\u001b[2m\u001b[22m\n\u001b[2m    \u001b[0m \u001b[90m 51 |\u001b[39m     \u001b[36mawait\u001b[39m handler(req\u001b[33m,\u001b[39m res)\u001b[33m;\u001b[39m\u001b[22m\n\u001b[2m     \u001b[90m 52 |\u001b[39m     \u001b[36mlet\u001b[39m data \u001b[33m=\u001b[39m \u001b[33mJSON\u001b[39m\u001b[33m.\u001b[39mparse(res\u001b[33m.\u001b[39m_getData())\u001b[33m;\u001b[39m\u001b[22m\n\u001b[2m    \u001b[31m\u001b[1m>\u001b[22m\u001b[2m\u001b[39m\u001b[90m 53 |\u001b[39m     expect(data\u001b[33m.\u001b[39mhealth[\u001b[32m'orch-state-3'\u001b[39m]\u001b[33m.\u001b[39mstatus)\u001b[33m.\u001b[39mtoBe(\u001b[32m'running'\u001b[39m)\u001b[33m;\u001b[39m\u001b[22m\n\u001b[2m     \u001b[90m    |\u001b[39m                                                \u001b[31m\u001b[1m^\u001b[22m\u001b[2m\u001b[39m\u001b[22m\n\u001b[2m     \u001b[90m 54 |\u001b[39m     \u001b[90m// Stop the agent\u001b[39m\u001b[22m\n\u001b[2m     \u001b[90m 55 |\u001b[39m     agentManager\u001b[33m.\u001b[39mstopAgent(\u001b[32m'orch-state-3'\u001b[39m)\u001b[33m;\u001b[39m\u001b[22m\n\u001b[2m     \u001b[90m 56 |\u001b[39m     agent \u001b[33m=\u001b[39m agentManager\u001b[33m.\u001b[39magents\u001b[33m.\u001b[39m\u001b[36mget\u001b[39m(\u001b[32m'orch-state-3'\u001b[39m)\u001b[33m;\u001b[39m\u001b[0m\u001b[22m\n\u001b[2m\u001b[22m\n\u001b[2m      \u001b[2mat Object.toBe (\u001b[22m\u001b[2m\u001b[0m\u001b[36mpages/api/orchestrator-state.test.ts\u001b[39m\u001b[0m\u001b[2m:53:48)\u001b[22m\u001b[2m\u001b[22m\n","name":"C:\\Users\\santa\\CascadeProjects\\personal-website\\pages\\api\\orchestrator-state.test.ts","startTime":1745235298872,"status":"failed","summary":""},{"assertionResults":[{"ancestorTitles":["AppNav"],"duration":1,"failureDetails":[{}],"failureMessages":["ReferenceError: React is not defined\n    at Object.React (C:\\Users\\santa\\CascadeProjects\\personal-website\\components\\AppNav.test.tsx:12:12)\n    at Promise.then.completed (C:\\Users\\santa\\CascadeProjects\\personal-website\\node_modules\\jest-circus\\build\\utils.js:298:28)\n    at new Promise (<anonymous>)\n    at callAsyncCircusFn (C:\\Users\\santa\\CascadeProjects\\personal-website\\node_modules\\jest-circus\\build\\utils.js:231:10)\n    at _callCircusTest (C:\\Users\\santa\\CascadeProjects\\personal-website\\node_modules\\jest-circus\\build\\run.js:316:40)\n    at _runTest (C:\\Users\\santa\\CascadeProjects\\personal-website\\node_modules\\jest-circus\\build\\run.js:252:3)\n    at _runTestsForDescribeBlock (C:\\Users\\santa\\CascadeProjects\\personal-website\\node_modules\\jest-circus\\build\\run.js:126:9)\n    at _runTestsForDescribeBlock (C:\\Users\\santa\\CascadeProjects\\personal-website\\node_modules\\jest-circus\\build\\run.js:121:9)\n    at run (C:\\Users\\santa\\CascadeProjects\\personal-website\\node_modules\\jest-circus\\build\\run.js:71:3)\n    at runAndTransformResultsToJestFormat (C:\\Users\\santa\\CascadeProjects\\personal-website\\node_modules\\jest-circus\\build\\legacy-code-todo-rewrite\\jestAdapterInit.js:122:21)\n    at jestAdapter (C:\\Users\\santa\\CascadeProjects\\personal-website\\node_modules\\jest-circus\\build\\legacy-code-todo-rewrite\\jestAdapter.js:79:19)\n    at runTestInternal (C:\\Users\\santa\\CascadeProjects\\personal-website\\node_modules\\jest-runner\\build\\runTest.js:367:16)\n    at runTest (C:\\Users\\santa\\CascadeProjects\\personal-website\\node_modules\\jest-runner\\build\\runTest.js:444:34)"],"fullName":"AppNav renders Home and Agent Swarm Dashboard links","invocations":1,"location":{"column":3,"line":10},"numPassingAsserts":0,"retryReasons":[],"status":"failed","title":"renders Home and Agent Swarm Dashboard links"},{"ancestorTitles":["AppNav"],"duration":1,"failureDetails":[{}],"failureMessages":["ReferenceError: React is not defined\n    at Object.React (C:\\Users\\santa\\CascadeProjects\\personal-website\\components\\AppNav.test.tsx:19:12)\n    at Promise.then.completed (C:\\Users\\santa\\CascadeProjects\\personal-website\\node_modules\\jest-circus\\build\\utils.js:298:28)\n    at new Promise (<anonymous>)\n    at callAsyncCircusFn (C:\\Users\\santa\\CascadeProjects\\personal-website\\node_modules\\jest-circus\\build\\utils.js:231:10)\n    at _callCircusTest (C:\\Users\\santa\\CascadeProjects\\personal-website\\node_modules\\jest-circus\\build\\run.js:316:40)\n    at _runTest (C:\\Users\\santa\\CascadeProjects\\personal-website\\node_modules\\jest-circus\\build\\run.js:252:3)\n    at _runTestsForDescribeBlock (C:\\Users\\santa\\CascadeProjects\\personal-website\\node_modules\\jest-circus\\build\\run.js:126:9)\n    at _runTestsForDescribeBlock (C:\\Users\\santa\\CascadeProjects\\personal-website\\node_modules\\jest-circus\\build\\run.js:121:9)\n    at run (C:\\Users\\santa\\CascadeProjects\\personal-website\\node_modules\\jest-circus\\build\\run.js:71:3)\n    at runAndTransformResultsToJestFormat (C:\\Users\\santa\\CascadeProjects\\personal-website\\node_modules\\jest-circus\\build\\legacy-code-todo-rewrite\\jestAdapterInit.js:122:21)\n    at jestAdapter (C:\\Users\\santa\\CascadeProjects\\personal-website\\node_modules\\jest-circus\\build\\legacy-code-todo-rewrite\\jestAdapter.js:79:19)\n    at runTestInternal (C:\\Users\\santa\\CascadeProjects\\personal-website\\node_modules\\jest-runner\\build\\runTest.js:367:16)\n    at runTest (C:\\Users\\santa\\CascadeProjects\\personal-website\\node_modules\\jest-runner\\build\\runTest.js:444:34)"],"fullName":"AppNav highlights the current route","invocations":1,"location":{"column":3,"line":17},"numPassingAsserts":0,"retryReasons":[],"status":"failed","title":"highlights the current route"},{"ancestorTitles":["AppNav"],"duration":1,"failureDetails":[{}],"failureMessages":["ReferenceError: React is not defined\n    at Object.React (C:\\Users\\santa\\CascadeProjects\\personal-website\\components\\AppNav.test.tsx:28:12)\n    at Promise.then.completed (C:\\Users\\santa\\CascadeProjects\\personal-website\\node_modules\\jest-circus\\build\\utils.js:298:28)\n    at new Promise (<anonymous>)\n    at callAsyncCircusFn (C:\\Users\\santa\\CascadeProjects\\personal-website\\node_modules\\jest-circus\\build\\utils.js:231:10)\n    at _callCircusTest (C:\\Users\\santa\\CascadeProjects\\personal-website\\node_modules\\jest-circus\\build\\run.js:316:40)\n    at _runTest (C:\\Users\\santa\\CascadeProjects\\personal-website\\node_modules\\jest-circus\\build\\run.js:252:3)\n    at _runTestsForDescribeBlock (C:\\Users\\santa\\CascadeProjects\\personal-website\\node_modules\\jest-circus\\build\\run.js:126:9)\n    at _runTestsForDescribeBlock (C:\\Users\\santa\\CascadeProjects\\personal-website\\node_modules\\jest-circus\\build\\run.js:121:9)\n    at run (C:\\Users\\santa\\CascadeProjects\\personal-website\\node_modules\\jest-circus\\build\\run.js:71:3)\n    at runAndTransformResultsToJestFormat (C:\\Users\\santa\\CascadeProjects\\personal-website\\node_modules\\jest-circus\\build\\legacy-code-todo-rewrite\\jestAdapterInit.js:122:21)\n    at jestAdapter (C:\\Users\\santa\\CascadeProjects\\personal-website\\node_modules\\jest-circus\\build\\legacy-code-todo-rewrite\\jestAdapter.js:79:19)\n    at runTestInternal (C:\\Users\\santa\\CascadeProjects\\personal-website\\node_modules\\jest-runner\\build\\runTest.js:367:16)\n    at runTest (C:\\Users\\santa\\CascadeProjects\\personal-website\\node_modules\\jest-runner\\build\\runTest.js:444:34)"],"fullName":"AppNav has accessible skip to content link","invocations":1,"location":{"column":3,"line":26},"numPassingAsserts":0,"retryReasons":[],"status":"failed","title":"has accessible skip to content link"}],"endTime":1745235300748,"message":"\u001b[1m\u001b[31m  \u001b[1m● \u001b[22m\u001b[1mAppNav › renders Home and Agent Swarm Dashboard links\u001b[39m\u001b[22m\n\n    ReferenceError: React is not defined\n\u001b[2m\u001b[22m\n\u001b[2m    \u001b[0m \u001b[90m 10 |\u001b[39m   it(\u001b[32m\"renders Home and Agent Swarm Dashboard links\"\u001b[39m\u001b[33m,\u001b[39m () \u001b[33m=>\u001b[39m {\u001b[22m\n\u001b[2m     \u001b[90m 11 |\u001b[39m     (usePathname \u001b[36mas\u001b[39m jest\u001b[33m.\u001b[39m\u001b[33mMock\u001b[39m)\u001b[33m.\u001b[39mmockReturnValue(\u001b[32m\"/\"\u001b[39m)\u001b[33m;\u001b[39m\u001b[22m\n\u001b[2m    \u001b[31m\u001b[1m>\u001b[22m\u001b[2m\u001b[39m\u001b[90m 12 |\u001b[39m     render(\u001b[33m<\u001b[39m\u001b[33mAppNav\u001b[39m \u001b[33m/\u001b[39m\u001b[33m>\u001b[39m)\u001b[33m;\u001b[39m\u001b[22m\n\u001b[2m     \u001b[90m    |\u001b[39m            \u001b[31m\u001b[1m^\u001b[22m\u001b[2m\u001b[39m\u001b[22m\n\u001b[2m     \u001b[90m 13 |\u001b[39m     expect(screen\u001b[33m.\u001b[39mgetByRole(\u001b[32m\"link\"\u001b[39m\u001b[33m,\u001b[39m { name\u001b[33m:\u001b[39m \u001b[35m/home/i\u001b[39m }))\u001b[33m.\u001b[39mtoBeInTheDocument()\u001b[33m;\u001b[39m\u001b[22m\n\u001b[2m     \u001b[90m 14 |\u001b[39m     expect(screen\u001b[33m.\u001b[39mgetByRole(\u001b[32m\"link\"\u001b[39m\u001b[33m,\u001b[39m { name\u001b[33m:\u001b[39m \u001b[35m/agent swarm dashboard/i\u001b[39m }))\u001b[33m.\u001b[39mtoBeInTheDocument()\u001b[33m;\u001b[39m\u001b[22m\n\u001b[2m     \u001b[90m 15 |\u001b[39m   })\u001b[33m;\u001b[39m\u001b[0m\u001b[22m\n\u001b[2m\u001b[22m\n\u001b[2m      \u001b[2mat Object.React (\u001b[22m\u001b[2m\u001b[0m\u001b[36mcomponents/AppNav.test.tsx\u001b[39m\u001b[0m\u001b[2m:12:12)\u001b[22m\u001b[2m\u001b[22m\n\n\u001b[1m\u001b[31m  \u001b[1m● \u001b[22m\u001b[1mAppNav › highlights the current route\u001b[39m\u001b[22m\n\n    ReferenceError: React is not defined\n\u001b[2m\u001b[22m\n\u001b[2m    \u001b[0m \u001b[90m 17 |\u001b[39m   it(\u001b[32m\"highlights the current route\"\u001b[39m\u001b[33m,\u001b[39m () \u001b[33m=>\u001b[39m {\u001b[22m\n\u001b[2m     \u001b[90m 18 |\u001b[39m     (usePathname \u001b[36mas\u001b[39m jest\u001b[33m.\u001b[39m\u001b[33mMock\u001b[39m)\u001b[33m.\u001b[39mmockReturnValue(\u001b[32m\"/agents\"\u001b[39m)\u001b[33m;\u001b[39m\u001b[22m\n\u001b[2m    \u001b[31m\u001b[1m>\u001b[22m\u001b[2m\u001b[39m\u001b[90m 19 |\u001b[39m     render(\u001b[33m<\u001b[39m\u001b[33mAppNav\u001b[39m \u001b[33m/\u001b[39m\u001b[33m>\u001b[39m)\u001b[33m;\u001b[39m\u001b[22m\n\u001b[2m     \u001b[90m    |\u001b[39m            \u001b[31m\u001b[1m^\u001b[22m\u001b[2m\u001b[39m\u001b[22m\n\u001b[2m     \u001b[90m 20 |\u001b[39m     \u001b[36mconst\u001b[39m dashboardLink \u001b[33m=\u001b[39m screen\u001b[33m.\u001b[39mgetByRole(\u001b[32m\"link\"\u001b[39m\u001b[33m,\u001b[39m { name\u001b[33m:\u001b[39m \u001b[35m/agent swarm dashboard/i\u001b[39m })\u001b[33m;\u001b[39m\u001b[22m\n\u001b[2m     \u001b[90m 21 |\u001b[39m     expect(dashboardLink)\u001b[33m.\u001b[39mtoHaveClass(\u001b[32m\"bg-blue-600\"\u001b[39m)\u001b[33m;\u001b[39m\u001b[22m\n\u001b[2m     \u001b[90m 22 |\u001b[39m     \u001b[36mconst\u001b[39m homeLink \u001b[33m=\u001b[39m screen\u001b[33m.\u001b[39mgetByRole(\u001b[32m\"link\"\u001b[39m\u001b[33m,\u001b[39m { name\u001b[33m:\u001b[39m \u001b[35m/home/i\u001b[39m })\u001b[33m;\u001b[39m\u001b[0m\u001b[22m\n\u001b[2m\u001b[22m\n\u001b[2m      \u001b[2mat Object.React (\u001b[22m\u001b[2m\u001b[0m\u001b[36mcomponents/AppNav.test.tsx\u001b[39m\u001b[0m\u001b[2m:19:12)\u001b[22m\u001b[2m\u001b[22m\n\n\u001b[1m\u001b[31m  \u001b[1m● \u001b[22m\u001b[1mAppNav › has accessible skip to content link\u001b[39m\u001b[22m\n\n    ReferenceError: React is not defined\n\u001b[2m\u001b[22m\n\u001b[2m    \u001b[0m \u001b[90m 26 |\u001b[39m   it(\u001b[32m\"has accessible skip to content link\"\u001b[39m\u001b[33m,\u001b[39m () \u001b[33m=>\u001b[39m {\u001b[22m\n\u001b[2m     \u001b[90m 27 |\u001b[39m     (usePathname \u001b[36mas\u001b[39m jest\u001b[33m.\u001b[39m\u001b[33mMock\u001b[39m)\u001b[33m.\u001b[39mmockReturnValue(\u001b[32m\"/\"\u001b[39m)\u001b[33m;\u001b[39m\u001b[22m\n\u001b[2m    \u001b[31m\u001b[1m>\u001b[22m\u001b[2m\u001b[39m\u001b[90m 28 |\u001b[39m     render(\u001b[33m<\u001b[39m\u001b[33mAppNav\u001b[39m \u001b[33m/\u001b[39m\u001b[33m>\u001b[39m)\u001b[33m;\u001b[39m\u001b[22m\n\u001b[2m     \u001b[90m    |\u001b[39m            \u001b[31m\u001b[1m^\u001b[22m\u001b[2m\u001b[39m\u001b[22m\n\u001b[2m     \u001b[90m 29 |\u001b[39m     \u001b[36mconst\u001b[39m skipLink \u001b[33m=\u001b[39m screen\u001b[33m.\u001b[39mgetByText(\u001b[35m/skip to main content/i\u001b[39m)\u001b[33m;\u001b[39m\u001b[22m\n\u001b[2m     \u001b[90m 30 |\u001b[39m     expect(skipLink)\u001b[33m.\u001b[39mtoHaveClass(\u001b[32m\"sr-only\"\u001b[39m)\u001b[33m;\u001b[39m\u001b[22m\n\u001b[2m     \u001b[90m 31 |\u001b[39m     skipLink\u001b[33m.\u001b[39mfocus()\u001b[33m;\u001b[39m\u001b[0m\u001b[22m\n\u001b[2m\u001b[22m\n\u001b[2m      \u001b[2mat Object.React (\u001b[22m\u001b[2m\u001b[0m\u001b[36mcomponents/AppNav.test.tsx\u001b[39m\u001b[0m\u001b[2m:28:12)\u001b[22m\u001b[2m\u001b[22m\n","name":"C:\\Users\\santa\\CascadeProjects\\personal-website\\components\\AppNav.test.tsx","startTime":1745235300297,"status":"failed","summary":""},{"assertionResults":[{"ancestorTitles":["/api/agent-health API"],"duration":2,"failureDetails":[],"failureMessages":[],"fullName":"/api/agent-health API returns health for all agents (empty)","invocations":1,"location":{"column":3,"line":12},"numPassingAsserts":3,"retryReasons":[],"status":"passed","title":"returns health for all agents (empty)"},{"ancestorTitles":["/api/agent-health API"],"duration":25,"failureDetails":[{"message":"FetchError: request to http://localhost:54321/rest/v1/agent_deployments?select=*&order=createdAt.desc&limit=20&value-%3EagentId=eq.api-health-1 failed, reason: ","details":"FetchError: request to http://localhost:54321/rest/v1/agent_deployments?select=*&order=createdAt.desc&limit=20&value-%3EagentId=eq.api-health-1 failed, reason: \n    at ClientRequest.<anonymous> (C:\\Users\\santa\\CascadeProjects\\personal-website\\node_modules\\@supabase\\node-fetch\\lib\\index.js:1502:11)\n    at ClientRequest.emit (node:events:507:28)\n    at emitErrorEvent (node:_http_client:104:11)\n    at Socket.socketErrorListener (node:_http_client:518:5)\n    at Socket.emit (node:events:507:28)\n    at emitErrorNT (node:internal/streams/destroy:170:8)\n    at emitErrorCloseNT (node:internal/streams/destroy:129:3)\n    at processTicksAndRejections (node:internal/process/task_queues:90:21)","hint":"","code":"ECONNREFUSED"}],"failureMessages":["FetchError: request to http://localhost:54321/rest/v1/agent_deployments?select=*&order=createdAt.desc&limit=20&value-%3EagentId=eq.api-health-1 failed, reason: "],"fullName":"/api/agent-health API returns health for a running agent","invocations":1,"location":{"column":3,"line":21},"numPassingAsserts":0,"retryReasons":[],"status":"failed","title":"returns health for a running agent"}],"endTime":1745235301008,"message":"\u001b[1m\u001b[31m  \u001b[1m● \u001b[22m\u001b[1m/api/agent-health API › returns health for a running agent\u001b[39m\u001b[22m\n\n    FetchError: request to http://localhost:54321/rest/v1/agent_deployments?select=*&order=createdAt.desc&limit=20&value-%3EagentId=eq.api-health-1 failed, reason:\n\u001b[2m\u001b[22m\n\u001b[2m\u001b[22m\n","name":"C:\\Users\\santa\\CascadeProjects\\personal-website\\pages\\api\\agent-health.test.ts","startTime":1745235300767,"status":"failed","summary":""},{"assertionResults":[{"ancestorTitles":["MultiAgentWorkflow Protocol Compliance"],"duration":2,"failureDetails":[{}],"failureMessages":["Error: Unknown agent type: undefined\n    at new MultiAgentWorkflow (C:\\Users\\santa\\CascadeProjects\\personal-website\\src\\orchestration\\multiAgentWorkflow.ts:39:15)\n    at Object.<anonymous> (C:\\Users\\santa\\CascadeProjects\\personal-website\\src\\orchestration\\multiAgentWorkflow.protocol.test.ts:12:16)\n    at Promise.then.completed (C:\\Users\\santa\\CascadeProjects\\personal-website\\node_modules\\jest-circus\\build\\utils.js:298:28)\n    at new Promise (<anonymous>)\n    at callAsyncCircusFn (C:\\Users\\santa\\CascadeProjects\\personal-website\\node_modules\\jest-circus\\build\\utils.js:231:10)\n    at _callCircusHook (C:\\Users\\santa\\CascadeProjects\\personal-website\\node_modules\\jest-circus\\build\\run.js:281:40)\n    at _runTest (C:\\Users\\santa\\CascadeProjects\\personal-website\\node_modules\\jest-circus\\build\\run.js:246:5)\n    at _runTestsForDescribeBlock (C:\\Users\\santa\\CascadeProjects\\personal-website\\node_modules\\jest-circus\\build\\run.js:126:9)\n    at _runTestsForDescribeBlock (C:\\Users\\santa\\CascadeProjects\\personal-website\\node_modules\\jest-circus\\build\\run.js:121:9)\n    at run (C:\\Users\\santa\\CascadeProjects\\personal-website\\node_modules\\jest-circus\\build\\run.js:71:3)\n    at runAndTransformResultsToJestFormat (C:\\Users\\santa\\CascadeProjects\\personal-website\\node_modules\\jest-circus\\build\\legacy-code-todo-rewrite\\jestAdapterInit.js:122:21)\n    at jestAdapter (C:\\Users\\santa\\CascadeProjects\\personal-website\\node_modules\\jest-circus\\build\\legacy-code-todo-rewrite\\jestAdapter.js:79:19)\n    at runTestInternal (C:\\Users\\santa\\CascadeProjects\\personal-website\\node_modules\\jest-runner\\build\\runTest.js:367:16)\n    at runTest (C:\\Users\\santa\\CascadeProjects\\personal-website\\node_modules\\jest-runner\\build\\runTest.js:444:34)"],"fullName":"MultiAgentWorkflow Protocol Compliance sendMessage constructs protocol-compliant A2AEnvelope and persists to MCP","invocations":1,"location":{"column":3,"line":15},"numPassingAsserts":0,"retryReasons":[],"status":"failed","title":"sendMessage constructs protocol-compliant A2AEnvelope and persists to MCP"}],"endTime":1745235301235,"message":"\u001b[1m\u001b[31m  \u001b[1m● \u001b[22m\u001b[1mMultiAgentWorkflow Protocol Compliance › sendMessage constructs protocol-compliant A2AEnvelope and persists to MCP\u001b[39m\u001b[22m\n\n    Unknown agent type: undefined\n\u001b[2m\u001b[22m\n\u001b[2m    \u001b[0m \u001b[90m 37 |\u001b[39m         agent \u001b[33m=\u001b[39m \u001b[36mnew\u001b[39m \u001b[33mAutoGenAgent\u001b[39m(config\u001b[33m.\u001b[39mid)\u001b[33m;\u001b[39m\u001b[22m\n\u001b[2m     \u001b[90m 38 |\u001b[39m       } \u001b[36melse\u001b[39m {\u001b[22m\n\u001b[2m    \u001b[31m\u001b[1m>\u001b[22m\u001b[2m\u001b[39m\u001b[90m 39 |\u001b[39m         \u001b[36mthrow\u001b[39m \u001b[36mnew\u001b[39m \u001b[33mError\u001b[39m(\u001b[32m`Unknown agent type: ${config.type}`\u001b[39m)\u001b[33m;\u001b[39m\u001b[22m\n\u001b[2m     \u001b[90m    |\u001b[39m               \u001b[31m\u001b[1m^\u001b[22m\u001b[2m\u001b[39m\u001b[22m\n\u001b[2m     \u001b[90m 40 |\u001b[39m       }\u001b[22m\n\u001b[2m     \u001b[90m 41 |\u001b[39m       \u001b[36mthis\u001b[39m\u001b[33m.\u001b[39magents[config\u001b[33m.\u001b[39mid] \u001b[33m=\u001b[39m agent\u001b[33m;\u001b[39m\u001b[22m\n\u001b[2m     \u001b[90m 42 |\u001b[39m       \u001b[36mthis\u001b[39m\u001b[33m.\u001b[39mroles[config\u001b[33m.\u001b[39mid] \u001b[33m=\u001b[39m config\u001b[33m.\u001b[39mrole\u001b[33m;\u001b[39m\u001b[0m\u001b[22m\n\u001b[2m\u001b[22m\n\u001b[2m      \u001b[2mat new MultiAgentWorkflow (\u001b[22m\u001b[2msrc/orchestration/multiAgentWorkflow.ts\u001b[2m:39:15)\u001b[22m\u001b[2m\u001b[22m\n\u001b[2m      \u001b[2mat Object.<anonymous> (\u001b[22m\u001b[2m\u001b[0m\u001b[36msrc/orchestration/multiAgentWorkflow.protocol.test.ts\u001b[39m\u001b[0m\u001b[2m:12:16)\u001b[22m\u001b[2m\u001b[22m\n","name":"C:\\Users\\santa\\CascadeProjects\\personal-website\\src\\orchestration\\multiAgentWorkflow.protocol.test.ts","startTime":1745235301029,"status":"failed","summary":""},{"assertionResults":[{"ancestorTitles":["/api/agents/[id] API"],"duration":6,"failureDetails":[],"failureMessages":[],"fullName":"/api/agents/[id] API GET returns agent details","invocations":1,"location":{"column":3,"line":26},"numPassingAsserts":3,"retryReasons":[],"status":"passed","title":"GET returns agent details"},{"ancestorTitles":["/api/agents/[id] API"],"duration":5,"failureDetails":[{"matcherResult":{"message":"\u001b[2mexpect(\u001b[22m\u001b[31mreceived\u001b[39m\u001b[2m).\u001b[22mtoBeDefined\u001b[2m()\u001b[22m\n\nReceived: \u001b[31mundefined\u001b[39m","pass":false}}],"failureMessages":["Error: \u001b[2mexpect(\u001b[22m\u001b[31mreceived\u001b[39m\u001b[2m).\u001b[22mtoBeDefined\u001b[2m()\u001b[22m\n\nReceived: \u001b[31mundefined\u001b[39m\n    at Object.toBeDefined (C:\\Users\\santa\\CascadeProjects\\personal-website\\pages\\api\\agents\\[id].test.ts:41:19)"],"fullName":"/api/agents/[id] API DELETE stops the agent and marks it as crashed","invocations":1,"location":{"column":3,"line":35},"numPassingAsserts":1,"retryReasons":[],"status":"failed","title":"DELETE stops the agent and marks it as crashed"},{"ancestorTitles":["/api/agents/[id] API"],"duration":3,"failureDetails":[],"failureMessages":[],"fullName":"/api/agents/[id] API DELETE returns 404 for missing agent","invocations":1,"location":{"column":3,"line":52},"numPassingAsserts":1,"retryReasons":[],"status":"passed","title":"DELETE returns 404 for missing agent"}],"endTime":1745235301529,"message":"\u001b[1m\u001b[31m  \u001b[1m● \u001b[22m\u001b[1m/api/agents/[id] API › DELETE stops the agent and marks it as crashed\u001b[39m\u001b[22m\n\n    \u001b[2mexpect(\u001b[22m\u001b[31mreceived\u001b[39m\u001b[2m).\u001b[22mtoBeDefined\u001b[2m()\u001b[22m\n\n    Received: \u001b[31mundefined\u001b[39m\n\u001b[2m\u001b[22m\n\u001b[2m    \u001b[0m \u001b[90m 39 |\u001b[39m     \u001b[90m// Agent should still exist, but with status 'crashed'\u001b[39m\u001b[22m\n\u001b[2m     \u001b[90m 40 |\u001b[39m     \u001b[36mconst\u001b[39m agent \u001b[33m=\u001b[39m orchestrator\u001b[33m.\u001b[39mgetAgent(agentConfig\u001b[33m.\u001b[39mid)\u001b[33m;\u001b[39m\u001b[22m\n\u001b[2m    \u001b[31m\u001b[1m>\u001b[22m\u001b[2m\u001b[39m\u001b[90m 41 |\u001b[39m     expect(agent)\u001b[33m.\u001b[39mtoBeDefined()\u001b[33m;\u001b[39m\u001b[22m\n\u001b[2m     \u001b[90m    |\u001b[39m                   \u001b[31m\u001b[1m^\u001b[22m\u001b[2m\u001b[39m\u001b[22m\n\u001b[2m     \u001b[90m 42 |\u001b[39m     expect(agent\u001b[33m?\u001b[39m\u001b[33m.\u001b[39mstatus)\u001b[33m.\u001b[39mtoBe(\u001b[32m'crashed'\u001b[39m)\u001b[33m;\u001b[39m\u001b[22m\n\u001b[2m     \u001b[90m 43 |\u001b[39m     \u001b[90m// GET after DELETE should return the crashed agent\u001b[39m\u001b[22m\n\u001b[2m     \u001b[90m 44 |\u001b[39m     \u001b[36mconst\u001b[39m { req\u001b[33m:\u001b[39m getReq\u001b[33m,\u001b[39m res\u001b[33m:\u001b[39m getRes } \u001b[33m=\u001b[39m createMocks({ method\u001b[33m:\u001b[39m \u001b[32m'GET'\u001b[39m\u001b[33m,\u001b[39m query\u001b[33m:\u001b[39m { id\u001b[33m:\u001b[39m agentConfig\u001b[33m.\u001b[39mid } })\u001b[33m;\u001b[39m\u001b[0m\u001b[22m\n\u001b[2m\u001b[22m\n\u001b[2m      \u001b[2mat Object.toBeDefined (\u001b[22m\u001b[2m\u001b[0m\u001b[36mpages/api/agents/[id].test.ts\u001b[39m\u001b[0m\u001b[2m:41:19)\u001b[22m\u001b[2m\u001b[22m\n","name":"C:\\Users\\santa\\CascadeProjects\\personal-website\\pages\\api\\agents\\[id].test.ts","startTime":1745235301258,"status":"failed","summary":""},{"assertionResults":[{"ancestorTitles":["/api/agents/agentLogs API"],"duration":4,"failureDetails":[{"matcherResult":{"message":"\u001b[2mexpect(\u001b[22m\u001b[31mreceived\u001b[39m\u001b[2m).\u001b[22mtoBeGreaterThan\u001b[2m(\u001b[22m\u001b[32mexpected\u001b[39m\u001b[2m)\u001b[22m\n\nExpected: > \u001b[32m0\u001b[39m\nReceived:   \u001b[31m0\u001b[39m","pass":false}}],"failureMessages":["Error: \u001b[2mexpect(\u001b[22m\u001b[31mreceived\u001b[39m\u001b[2m).\u001b[22mtoBeGreaterThan\u001b[2m(\u001b[22m\u001b[32mexpected\u001b[39m\u001b[2m)\u001b[22m\n\nExpected: > \u001b[32m0\u001b[39m\nReceived:   \u001b[31m0\u001b[39m\n    at Object.toBeGreaterThan (C:\\Users\\santa\\CascadeProjects\\personal-website\\pages\\api\\agents\\[id]logs.test.ts:33:30)"],"fullName":"/api/agents/agentLogs API GET returns logs for running agent","invocations":1,"location":{"column":3,"line":27},"numPassingAsserts":2,"retryReasons":[],"status":"failed","title":"GET returns logs for running agent"},{"ancestorTitles":["/api/agents/agentLogs API"],"duration":4,"failureDetails":[{"matcherResult":{"message":"\u001b[2mexpect(\u001b[22m\u001b[31mreceived\u001b[39m\u001b[2m).\u001b[22mtoBeGreaterThan\u001b[2m(\u001b[22m\u001b[32mexpected\u001b[39m\u001b[2m)\u001b[22m\n\nExpected: > \u001b[32m0\u001b[39m\nReceived:   \u001b[31m0\u001b[39m","pass":false}}],"failureMessages":["Error: \u001b[2mexpect(\u001b[22m\u001b[31mreceived\u001b[39m\u001b[2m).\u001b[22mtoBeGreaterThan\u001b[2m(\u001b[22m\u001b[32mexpected\u001b[39m\u001b[2m)\u001b[22m\n\nExpected: > \u001b[32m0\u001b[39m\nReceived:   \u001b[31m0\u001b[39m\n    at Object.toBeGreaterThan (C:\\Users\\santa\\CascadeProjects\\personal-website\\pages\\api\\agents\\[id]logs.test.ts:46:30)"],"fullName":"/api/agents/agentLogs API GET returns logs for stopped agent","invocations":1,"location":{"column":3,"line":38},"numPassingAsserts":2,"retryReasons":[],"status":"failed","title":"GET returns logs for stopped agent"},{"ancestorTitles":["/api/agents/agentLogs API"],"duration":3,"failureDetails":[],"failureMessages":[],"fullName":"/api/agents/agentLogs API GET returns empty logs for missing agent","invocations":1,"location":{"column":3,"line":49},"numPassingAsserts":3,"retryReasons":[],"status":"passed","title":"GET returns empty logs for missing agent"}],"endTime":1745235301785,"message":"\u001b[1m\u001b[31m  \u001b[1m● \u001b[22m\u001b[1m/api/agents/agentLogs API › GET returns logs for running agent\u001b[39m\u001b[22m\n\n    \u001b[2mexpect(\u001b[22m\u001b[31mreceived\u001b[39m\u001b[2m).\u001b[22mtoBeGreaterThan\u001b[2m(\u001b[22m\u001b[32mexpected\u001b[39m\u001b[2m)\u001b[22m\n\n    Expected: > \u001b[32m0\u001b[39m\n    Received:   \u001b[31m0\u001b[39m\n\u001b[2m\u001b[22m\n\u001b[2m    \u001b[0m \u001b[90m 31 |\u001b[39m     \u001b[36mconst\u001b[39m data \u001b[33m=\u001b[39m \u001b[33mJSON\u001b[39m\u001b[33m.\u001b[39mparse(res\u001b[33m.\u001b[39m_getData())\u001b[33m;\u001b[39m\u001b[22m\n\u001b[2m     \u001b[90m 32 |\u001b[39m     expect(\u001b[33mArray\u001b[39m\u001b[33m.\u001b[39misArray(data\u001b[33m.\u001b[39mlogs))\u001b[33m.\u001b[39mtoBe(\u001b[36mtrue\u001b[39m)\u001b[33m;\u001b[39m\u001b[22m\n\u001b[2m    \u001b[31m\u001b[1m>\u001b[22m\u001b[2m\u001b[39m\u001b[90m 33 |\u001b[39m     expect(data\u001b[33m.\u001b[39mlogs\u001b[33m.\u001b[39mlength)\u001b[33m.\u001b[39mtoBeGreaterThan(\u001b[35m0\u001b[39m)\u001b[33m;\u001b[39m\u001b[22m\n\u001b[2m     \u001b[90m    |\u001b[39m                              \u001b[31m\u001b[1m^\u001b[22m\u001b[2m\u001b[39m\u001b[22m\n\u001b[2m     \u001b[90m 34 |\u001b[39m     \u001b[90m// First log entry should indicate agent launch\u001b[39m\u001b[22m\n\u001b[2m     \u001b[90m 35 |\u001b[39m     expect(data\u001b[33m.\u001b[39mlogs[\u001b[35m0\u001b[39m]\u001b[33m.\u001b[39mmessage)\u001b[33m.\u001b[39mtoMatch(\u001b[35m/Agent launched/\u001b[39m)\u001b[33m;\u001b[39m\u001b[22m\n\u001b[2m     \u001b[90m 36 |\u001b[39m   })\u001b[33m;\u001b[39m\u001b[0m\u001b[22m\n\u001b[2m\u001b[22m\n\u001b[2m      \u001b[2mat Object.toBeGreaterThan (\u001b[22m\u001b[2m\u001b[0m\u001b[36mpages/api/agents/[id]logs.test.ts\u001b[39m\u001b[0m\u001b[2m:33:30)\u001b[22m\u001b[2m\u001b[22m\n\n\u001b[1m\u001b[31m  \u001b[1m● \u001b[22m\u001b[1m/api/agents/agentLogs API › GET returns logs for stopped agent\u001b[39m\u001b[22m\n\n    \u001b[2mexpect(\u001b[22m\u001b[31mreceived\u001b[39m\u001b[2m).\u001b[22mtoBeGreaterThan\u001b[2m(\u001b[22m\u001b[32mexpected\u001b[39m\u001b[2m)\u001b[22m\n\n    Expected: > \u001b[32m0\u001b[39m\n    Received:   \u001b[31m0\u001b[39m\n\u001b[2m\u001b[22m\n\u001b[2m    \u001b[0m \u001b[90m 44 |\u001b[39m     expect(\u001b[33mArray\u001b[39m\u001b[33m.\u001b[39misArray(data\u001b[33m.\u001b[39mlogs))\u001b[33m.\u001b[39mtoBe(\u001b[36mtrue\u001b[39m)\u001b[33m;\u001b[39m\u001b[22m\n\u001b[2m     \u001b[90m 45 |\u001b[39m     \u001b[90m// Even after stopping, logs should be available\u001b[39m\u001b[22m\n\u001b[2m    \u001b[31m\u001b[1m>\u001b[22m\u001b[2m\u001b[39m\u001b[90m 46 |\u001b[39m     expect(data\u001b[33m.\u001b[39mlogs\u001b[33m.\u001b[39mlength)\u001b[33m.\u001b[39mtoBeGreaterThan(\u001b[35m0\u001b[39m)\u001b[33m;\u001b[39m\u001b[22m\n\u001b[2m     \u001b[90m    |\u001b[39m                              \u001b[31m\u001b[1m^\u001b[22m\u001b[2m\u001b[39m\u001b[22m\n\u001b[2m     \u001b[90m 47 |\u001b[39m   })\u001b[33m;\u001b[39m\u001b[22m\n\u001b[2m     \u001b[90m 48 |\u001b[39m\u001b[22m\n\u001b[2m     \u001b[90m 49 |\u001b[39m   it(\u001b[32m'GET returns empty logs for missing agent'\u001b[39m\u001b[33m,\u001b[39m \u001b[36masync\u001b[39m () \u001b[33m=>\u001b[39m {\u001b[0m\u001b[22m\n\u001b[2m\u001b[22m\n\u001b[2m      \u001b[2mat Object.toBeGreaterThan (\u001b[22m\u001b[2m\u001b[0m\u001b[36mpages/api/agents/[id]logs.test.ts\u001b[39m\u001b[0m\u001b[2m:46:30)\u001b[22m\u001b[2m\u001b[22m\n","name":"C:\\Users\\santa\\CascadeProjects\\personal-website\\pages\\api\\agents\\[id]logs.test.ts","startTime":1745235301561,"status":"failed","summary":""},{"assertionResults":[{"ancestorTitles":["/api/agents/agentLogs API"],"duration":4,"failureDetails":[{"matcherResult":{"message":"\u001b[2mexpect(\u001b[22m\u001b[31mreceived\u001b[39m\u001b[2m).\u001b[22mtoBeGreaterThan\u001b[2m(\u001b[22m\u001b[32mexpected\u001b[39m\u001b[2m)\u001b[22m\n\nExpected: > \u001b[32m0\u001b[39m\nReceived:   \u001b[31m0\u001b[39m","pass":false}}],"failureMessages":["Error: \u001b[2mexpect(\u001b[22m\u001b[31mreceived\u001b[39m\u001b[2m).\u001b[22mtoBeGreaterThan\u001b[2m(\u001b[22m\u001b[32mexpected\u001b[39m\u001b[2m)\u001b[22m\n\nExpected: > \u001b[32m0\u001b[39m\nReceived:   \u001b[31m0\u001b[39m\n    at Object.toBeGreaterThan (C:\\Users\\santa\\CascadeProjects\\personal-website\\pages\\api\\agents\\agentLogs.test.ts:33:30)"],"fullName":"/api/agents/agentLogs API GET returns logs for running agent","invocations":1,"location":{"column":3,"line":27},"numPassingAsserts":2,"retryReasons":[],"status":"failed","title":"GET returns logs for running agent"},{"ancestorTitles":["/api/agents/agentLogs API"],"duration":7,"failureDetails":[{"matcherResult":{"message":"\u001b[2mexpect(\u001b[22m\u001b[31mreceived\u001b[39m\u001b[2m).\u001b[22mtoBeGreaterThan\u001b[2m(\u001b[22m\u001b[32mexpected\u001b[39m\u001b[2m)\u001b[22m\n\nExpected: > \u001b[32m0\u001b[39m\nReceived:   \u001b[31m0\u001b[39m","pass":false}}],"failureMessages":["Error: \u001b[2mexpect(\u001b[22m\u001b[31mreceived\u001b[39m\u001b[2m).\u001b[22mtoBeGreaterThan\u001b[2m(\u001b[22m\u001b[32mexpected\u001b[39m\u001b[2m)\u001b[22m\n\nExpected: > \u001b[32m0\u001b[39m\nReceived:   \u001b[31m0\u001b[39m\n    at Object.toBeGreaterThan (C:\\Users\\santa\\CascadeProjects\\personal-website\\pages\\api\\agents\\agentLogs.test.ts:47:30)"],"fullName":"/api/agents/agentLogs API GET returns logs for stopped agent","invocations":1,"location":{"column":3,"line":39},"numPassingAsserts":2,"retryReasons":[],"status":"failed","title":"GET returns logs for stopped agent"},{"ancestorTitles":["/api/agents/agentLogs API"],"duration":3,"failureDetails":[],"failureMessages":[],"fullName":"/api/agents/agentLogs API GET returns empty logs for missing agent","invocations":1,"location":{"column":3,"line":50},"numPassingAsserts":3,"retryReasons":[],"status":"passed","title":"GET returns empty logs for missing agent"}],"endTime":1745235302060,"message":"\u001b[1m\u001b[31m  \u001b[1m● \u001b[22m\u001b[1m/api/agents/agentLogs API › GET returns logs for running agent\u001b[39m\u001b[22m\n\n    \u001b[2mexpect(\u001b[22m\u001b[31mreceived\u001b[39m\u001b[2m).\u001b[22mtoBeGreaterThan\u001b[2m(\u001b[22m\u001b[32mexpected\u001b[39m\u001b[2m)\u001b[22m\n\n    Expected: > \u001b[32m0\u001b[39m\n    Received:   \u001b[31m0\u001b[39m\n\u001b[2m\u001b[22m\n\u001b[2m    \u001b[0m \u001b[90m 31 |\u001b[39m     \u001b[36mconst\u001b[39m data \u001b[33m=\u001b[39m \u001b[33mJSON\u001b[39m\u001b[33m.\u001b[39mparse(res\u001b[33m.\u001b[39m_getData())\u001b[33m;\u001b[39m\u001b[22m\n\u001b[2m     \u001b[90m 32 |\u001b[39m     expect(\u001b[33mArray\u001b[39m\u001b[33m.\u001b[39misArray(data\u001b[33m.\u001b[39mlogs))\u001b[33m.\u001b[39mtoBe(\u001b[36mtrue\u001b[39m)\u001b[33m;\u001b[39m\u001b[22m\n\u001b[2m    \u001b[31m\u001b[1m>\u001b[22m\u001b[2m\u001b[39m\u001b[90m 33 |\u001b[39m     expect(data\u001b[33m.\u001b[39mlogs\u001b[33m.\u001b[39mlength)\u001b[33m.\u001b[39mtoBeGreaterThan(\u001b[35m0\u001b[39m)\u001b[33m;\u001b[39m\u001b[22m\n\u001b[2m     \u001b[90m    |\u001b[39m                              \u001b[31m\u001b[1m^\u001b[22m\u001b[2m\u001b[39m\u001b[22m\n\u001b[2m     \u001b[90m 34 |\u001b[39m     \u001b[90m// At least one log message should mention 'Agent started' or 'Agent launched'\u001b[39m\u001b[22m\n\u001b[2m     \u001b[90m 35 |\u001b[39m     \u001b[36mconst\u001b[39m messages \u001b[33m=\u001b[39m data\u001b[33m.\u001b[39mlogs\u001b[33m.\u001b[39mmap((l\u001b[33m:\u001b[39m any) \u001b[33m=>\u001b[39m l\u001b[33m.\u001b[39mmessage \u001b[33m||\u001b[39m l)\u001b[33m;\u001b[39m\u001b[22m\n\u001b[2m     \u001b[90m 36 |\u001b[39m     expect(messages\u001b[33m.\u001b[39msome((msg\u001b[33m:\u001b[39m string) \u001b[33m=>\u001b[39m \u001b[35m/Agent started|Agent launched/\u001b[39m\u001b[33m.\u001b[39mtest(msg)))\u001b[33m.\u001b[39mtoBe(\u001b[36mtrue\u001b[39m)\u001b[33m;\u001b[39m\u001b[0m\u001b[22m\n\u001b[2m\u001b[22m\n\u001b[2m      \u001b[2mat Object.toBeGreaterThan (\u001b[22m\u001b[2m\u001b[0m\u001b[36mpages/api/agents/agentLogs.test.ts\u001b[39m\u001b[0m\u001b[2m:33:30)\u001b[22m\u001b[2m\u001b[22m\n\n\u001b[1m\u001b[31m  \u001b[1m● \u001b[22m\u001b[1m/api/agents/agentLogs API › GET returns logs for stopped agent\u001b[39m\u001b[22m\n\n    \u001b[2mexpect(\u001b[22m\u001b[31mreceived\u001b[39m\u001b[2m).\u001b[22mtoBeGreaterThan\u001b[2m(\u001b[22m\u001b[32mexpected\u001b[39m\u001b[2m)\u001b[22m\n\n    Expected: > \u001b[32m0\u001b[39m\n    Received:   \u001b[31m0\u001b[39m\n\u001b[2m\u001b[22m\n\u001b[2m    \u001b[0m \u001b[90m 45 |\u001b[39m     expect(\u001b[33mArray\u001b[39m\u001b[33m.\u001b[39misArray(data\u001b[33m.\u001b[39mlogs))\u001b[33m.\u001b[39mtoBe(\u001b[36mtrue\u001b[39m)\u001b[33m;\u001b[39m\u001b[22m\n\u001b[2m     \u001b[90m 46 |\u001b[39m     \u001b[90m// Even after stopping, logs should be available\u001b[39m\u001b[22m\n\u001b[2m    \u001b[31m\u001b[1m>\u001b[22m\u001b[2m\u001b[39m\u001b[90m 47 |\u001b[39m     expect(data\u001b[33m.\u001b[39mlogs\u001b[33m.\u001b[39mlength)\u001b[33m.\u001b[39mtoBeGreaterThan(\u001b[35m0\u001b[39m)\u001b[33m;\u001b[39m\u001b[22m\n\u001b[2m     \u001b[90m    |\u001b[39m                              \u001b[31m\u001b[1m^\u001b[22m\u001b[2m\u001b[39m\u001b[22m\n\u001b[2m     \u001b[90m 48 |\u001b[39m   })\u001b[33m;\u001b[39m\u001b[22m\n\u001b[2m     \u001b[90m 49 |\u001b[39m\u001b[22m\n\u001b[2m     \u001b[90m 50 |\u001b[39m   it(\u001b[32m'GET returns empty logs for missing agent'\u001b[39m\u001b[33m,\u001b[39m \u001b[36masync\u001b[39m () \u001b[33m=>\u001b[39m {\u001b[0m\u001b[22m\n\u001b[2m\u001b[22m\n\u001b[2m      \u001b[2mat Object.toBeGreaterThan (\u001b[22m\u001b[2m\u001b[0m\u001b[36mpages/api/agents/agentLogs.test.ts\u001b[39m\u001b[0m\u001b[2m:47:30)\u001b[22m\u001b[2m\u001b[22m\n","name":"C:\\Users\\santa\\CascadeProjects\\personal-website\\pages\\api\\agents\\agentLogs.test.ts","startTime":1745235301834,"status":"failed","summary":""},{"assertionResults":[{"ancestorTitles":["Telegram orchestration commands"],"duration":10,"failureDetails":[{}],"failureMessages":["TypeError: Cannot read properties of undefined (reading 'publish')\n    at AgentOrchestrator.publish [as sendAgentMessage] (C:\\Users\\santa\\CascadeProjects\\personal-website\\src\\orchestration\\orchestrator\\orchestrator.ts:51:16)\n    at Object.sendAgentMessage (C:\\Users\\santa\\CascadeProjects\\personal-website\\src\\orchestration\\__tests__\\telegramOrchestration.integration.test.ts:34:16)\n    at Promise.then.completed (C:\\Users\\santa\\CascadeProjects\\personal-website\\node_modules\\jest-circus\\build\\utils.js:298:28)\n    at new Promise (<anonymous>)\n    at callAsyncCircusFn (C:\\Users\\santa\\CascadeProjects\\personal-website\\node_modules\\jest-circus\\build\\utils.js:231:10)\n    at _callCircusTest (C:\\Users\\santa\\CascadeProjects\\personal-website\\node_modules\\jest-circus\\build\\run.js:316:40)\n    at _runTest (C:\\Users\\santa\\CascadeProjects\\personal-website\\node_modules\\jest-circus\\build\\run.js:252:3)\n    at _runTestsForDescribeBlock (C:\\Users\\santa\\CascadeProjects\\personal-website\\node_modules\\jest-circus\\build\\run.js:126:9)\n    at _runTestsForDescribeBlock (C:\\Users\\santa\\CascadeProjects\\personal-website\\node_modules\\jest-circus\\build\\run.js:121:9)\n    at run (C:\\Users\\santa\\CascadeProjects\\personal-website\\node_modules\\jest-circus\\build\\run.js:71:3)\n    at runAndTransformResultsToJestFormat (C:\\Users\\santa\\CascadeProjects\\personal-website\\node_modules\\jest-circus\\build\\legacy-code-todo-rewrite\\jestAdapterInit.js:122:21)\n    at jestAdapter (C:\\Users\\santa\\CascadeProjects\\personal-website\\node_modules\\jest-circus\\build\\legacy-code-todo-rewrite\\jestAdapter.js:79:19)\n    at runTestInternal (C:\\Users\\santa\\CascadeProjects\\personal-website\\node_modules\\jest-runner\\build\\runTest.js:367:16)\n    at runTest (C:\\Users\\santa\\CascadeProjects\\personal-website\\node_modules\\jest-runner\\build\\runTest.js:444:34)"],"fullName":"Telegram orchestration commands /msg persists A2A message and delivers it in bus","invocations":1,"location":{"column":3,"line":25},"numPassingAsserts":0,"retryReasons":[],"status":"failed","title":"/msg persists A2A message and delivers it in bus"},{"ancestorTitles":["Telegram orchestration commands"],"duration":4,"failureDetails":[{}],"failureMessages":["TypeError: manager.logs is not a function\n    at Object.logs (C:\\Users\\santa\\CascadeProjects\\personal-website\\src\\orchestration\\__tests__\\telegramOrchestration.integration.test.ts:74:29)\n    at Promise.then.completed (C:\\Users\\santa\\CascadeProjects\\personal-website\\node_modules\\jest-circus\\build\\utils.js:298:28)\n    at new Promise (<anonymous>)\n    at callAsyncCircusFn (C:\\Users\\santa\\CascadeProjects\\personal-website\\node_modules\\jest-circus\\build\\utils.js:231:10)\n    at _callCircusTest (C:\\Users\\santa\\CascadeProjects\\personal-website\\node_modules\\jest-circus\\build\\run.js:316:40)\n    at _runTest (C:\\Users\\santa\\CascadeProjects\\personal-website\\node_modules\\jest-circus\\build\\run.js:252:3)\n    at _runTestsForDescribeBlock (C:\\Users\\santa\\CascadeProjects\\personal-website\\node_modules\\jest-circus\\build\\run.js:126:9)\n    at _runTestsForDescribeBlock (C:\\Users\\santa\\CascadeProjects\\personal-website\\node_modules\\jest-circus\\build\\run.js:121:9)\n    at run (C:\\Users\\santa\\CascadeProjects\\personal-website\\node_modules\\jest-circus\\build\\run.js:71:3)\n    at runAndTransformResultsToJestFormat (C:\\Users\\santa\\CascadeProjects\\personal-website\\node_modules\\jest-circus\\build\\legacy-code-todo-rewrite\\jestAdapterInit.js:122:21)\n    at jestAdapter (C:\\Users\\santa\\CascadeProjects\\personal-website\\node_modules\\jest-circus\\build\\legacy-code-todo-rewrite\\jestAdapter.js:79:19)\n    at runTestInternal (C:\\Users\\santa\\CascadeProjects\\personal-website\\node_modules\\jest-runner\\build\\runTest.js:367:16)\n    at runTest (C:\\Users\\santa\\CascadeProjects\\personal-website\\node_modules\\jest-runner\\build\\runTest.js:444:34)"],"fullName":"Telegram orchestration commands /logs returns last ten log lines","invocations":1,"location":{"column":3,"line":51},"numPassingAsserts":0,"retryReasons":[],"status":"failed","title":"/logs returns last ten log lines"}],"endTime":1745235302326,"message":"\u001b[1m\u001b[31m  \u001b[1m● \u001b[22m\u001b[1mTelegram orchestration commands › /msg persists A2A message and delivers it in bus\u001b[39m\u001b[22m\n\n    TypeError: Cannot read properties of undefined (reading 'publish')\n\u001b[2m\u001b[22m\n\u001b[2m    \u001b[0m \u001b[90m 49 |\u001b[39m   \u001b[36masync\u001b[39m sendAgentMessage(msg\u001b[33m:\u001b[39m \u001b[33mAgentMessage\u001b[39m)\u001b[33m:\u001b[39m \u001b[33mPromise\u001b[39m\u001b[33m<\u001b[39m\u001b[36mvoid\u001b[39m\u001b[33m>\u001b[39m {\u001b[22m\n\u001b[2m     \u001b[90m 50 |\u001b[39m     \u001b[36mtry\u001b[39m {\u001b[22m\n\u001b[2m    \u001b[31m\u001b[1m>\u001b[22m\u001b[2m\u001b[39m\u001b[90m 51 |\u001b[39m       \u001b[36mthis\u001b[39m\u001b[33m.\u001b[39mbus\u001b[33m.\u001b[39mpublish(msg)\u001b[33m;\u001b[39m\u001b[22m\n\u001b[2m     \u001b[90m    |\u001b[39m                \u001b[31m\u001b[1m^\u001b[22m\u001b[2m\u001b[39m\u001b[22m\n\u001b[2m     \u001b[90m 52 |\u001b[39m     } \u001b[36mcatch\u001b[39m (err) {\u001b[22m\n\u001b[2m     \u001b[90m 53 |\u001b[39m       \u001b[90m// Log error for debugging\u001b[39m\u001b[22m\n\u001b[2m     \u001b[90m 54 |\u001b[39m       \u001b[90m// eslint-disable-next-line no-console\u001b[39m\u001b[0m\u001b[22m\n\u001b[2m\u001b[22m\n\u001b[2m      \u001b[2mat AgentOrchestrator.publish [as sendAgentMessage] (\u001b[22m\u001b[2msrc/orchestration/orchestrator/orchestrator.ts\u001b[2m:51:16)\u001b[22m\u001b[2m\u001b[22m\n\u001b[2m      \u001b[2mat Object.sendAgentMessage (\u001b[22m\u001b[2m\u001b[0m\u001b[36msrc/orchestration/__tests__/telegramOrchestration.integration.test.ts\u001b[39m\u001b[0m\u001b[2m:34:16)\u001b[22m\u001b[2m\u001b[22m\n\n\u001b[1m\u001b[31m  \u001b[1m● \u001b[22m\u001b[1mTelegram orchestration commands › /logs returns last ten log lines\u001b[39m\u001b[22m\n\n    TypeError: manager.logs is not a function\n\u001b[2m\u001b[22m\n\u001b[2m    \u001b[0m \u001b[90m 72 |\u001b[39m     seedLogs(rec\u001b[33m.\u001b[39minstance\u001b[33m,\u001b[39m lines)\u001b[33m;\u001b[39m\u001b[22m\n\u001b[2m     \u001b[90m 73 |\u001b[39m\u001b[22m\n\u001b[2m    \u001b[31m\u001b[1m>\u001b[22m\u001b[2m\u001b[39m\u001b[90m 74 |\u001b[39m     \u001b[36mconst\u001b[39m lastTen \u001b[33m=\u001b[39m manager\u001b[33m.\u001b[39mlogs(id)\u001b[33m.\u001b[39mfilter(l \u001b[33m=>\u001b[39m l\u001b[33m.\u001b[39mstartsWith(\u001b[32m'log'\u001b[39m))\u001b[33m;\u001b[39m\u001b[22m\n\u001b[2m     \u001b[90m    |\u001b[39m                             \u001b[31m\u001b[1m^\u001b[22m\u001b[2m\u001b[39m\u001b[22m\n\u001b[2m     \u001b[90m 75 |\u001b[39m     expect(lastTen)\u001b[33m.\u001b[39mtoHaveLength(\u001b[35m10\u001b[39m)\u001b[33m;\u001b[39m\u001b[22m\n\u001b[2m     \u001b[90m 76 |\u001b[39m     expect(lastTen[\u001b[35m0\u001b[39m])\u001b[33m.\u001b[39mtoContain(\u001b[32m'log 3'\u001b[39m)\u001b[33m;\u001b[39m\u001b[22m\n\u001b[2m     \u001b[90m 77 |\u001b[39m     expect(lastTen[\u001b[35m9\u001b[39m])\u001b[33m.\u001b[39mtoContain(\u001b[32m'log 12'\u001b[39m)\u001b[33m;\u001b[39m\u001b[0m\u001b[22m\n\u001b[2m\u001b[22m\n\u001b[2m      \u001b[2mat Object.logs (\u001b[22m\u001b[2m\u001b[0m\u001b[36msrc/orchestration/__tests__/telegramOrchestration.integration.test.ts\u001b[39m\u001b[0m\u001b[2m:74:29)\u001b[22m\u001b[2m\u001b[22m\n","name":"C:\\Users\\santa\\CascadeProjects\\personal-website\\src\\orchestration\\__tests__\\telegramOrchestration.integration.test.ts","startTime":1745235302088,"status":"failed","summary":""},{"assertionResults":[{"ancestorTitles":[],"duration":17,"failureDetails":[{"name":""}],"failureMessages":["Error: \u001b[31m\u001b[1mConfiguration error\u001b[22m:\u001b[39m\n\u001b[31m\u001b[39m\n\u001b[31mCould not locate module \u001b[1m@/orchestration/agentOrchestrator\u001b[22m mapped as:\u001b[39m\n\u001b[31m\u001b[1mC:\\Users\\santa\\CascadeProjects\\personal-website\\$1\u001b[22m.\u001b[39m\n\u001b[31m\u001b[39m\n\u001b[31mPlease check your configuration for these entries:\u001b[39m\n\u001b[31m{\u001b[39m\n\u001b[31m  \"moduleNameMapper\": {\u001b[39m\n\u001b[31m    \"/^@\\/(.*)$/\": \"\u001b[1mC:\\Users\\santa\\CascadeProjects\\personal-website\\$1\u001b[22m\"\u001b[39m\n\u001b[31m  },\u001b[39m\n\u001b[31m  \"resolver\": \u001b[1mundefined\u001b[22m\u001b[39m\n\u001b[31m}\u001b[39m\n    at createNoMappedModuleFoundError (C:\\Users\\santa\\CascadeProjects\\personal-website\\node_modules\\jest-resolve\\build\\resolver.js:759:17)\n    at Resolver.resolveStubModuleName (C:\\Users\\santa\\CascadeProjects\\personal-website\\node_modules\\jest-resolve\\build\\resolver.js:677:19)\n    at Resolver.getMockModule (C:\\Users\\santa\\CascadeProjects\\personal-website\\node_modules\\jest-resolve\\build\\resolver.js:481:31)\n    at Resolver._isModuleResolved (C:\\Users\\santa\\CascadeProjects\\personal-website\\node_modules\\jest-resolve\\build\\resolver.js:632:42)\n    at Resolver._getAbsolutePath (C:\\Users\\santa\\CascadeProjects\\personal-website\\node_modules\\jest-resolve\\build\\resolver.js:585:17)\n    at Resolver.getModuleID (C:\\Users\\santa\\CascadeProjects\\personal-website\\node_modules\\jest-resolve\\build\\resolver.js:530:31)\n    at Runtime._shouldMockCjs (C:\\Users\\santa\\CascadeProjects\\personal-website\\node_modules\\jest-runtime\\build\\index.js:1713:37)\n    at Runtime.requireModuleOrMock (C:\\Users\\santa\\CascadeProjects\\personal-website\\node_modules\\jest-runtime\\build\\index.js:1045:16)\n    at Object.require (C:\\Users\\santa\\CascadeProjects\\personal-website\\src\\telegram\\handler.ts:8:1)\n    at Runtime._execModule (C:\\Users\\santa\\CascadeProjects\\personal-website\\node_modules\\jest-runtime\\build\\index.js:1439:24)\n    at Runtime._loadModule (C:\\Users\\santa\\CascadeProjects\\personal-website\\node_modules\\jest-runtime\\build\\index.js:1022:12)\n    at Runtime.requireModule (C:\\Users\\santa\\CascadeProjects\\personal-website\\node_modules\\jest-runtime\\build\\index.js:882:12)\n    at Runtime.requireModuleOrMock (C:\\Users\\santa\\CascadeProjects\\personal-website\\node_modules\\jest-runtime\\build\\index.js:1048:21)\n    at Object.require (C:\\Users\\santa\\CascadeProjects\\personal-website\\pages\\api\\telegram.ts:2:1)\n    at Runtime._execModule (C:\\Users\\santa\\CascadeProjects\\personal-website\\node_modules\\jest-runtime\\build\\index.js:1439:24)\n    at Runtime._loadModule (C:\\Users\\santa\\CascadeProjects\\personal-website\\node_modules\\jest-runtime\\build\\index.js:1022:12)\n    at Runtime.requireModule (C:\\Users\\santa\\CascadeProjects\\personal-website\\node_modules\\jest-runtime\\build\\index.js:882:12)\n    at Runtime.requireModuleOrMock (C:\\Users\\santa\\CascadeProjects\\personal-website\\node_modules\\jest-runtime\\build\\index.js:1048:21)\n    at require (C:\\Users\\santa\\CascadeProjects\\personal-website\\test\\helpers.ts:54:15)\n    at Runtime.isolateModules (C:\\Users\\santa\\CascadeProjects\\personal-website\\node_modules\\jest-runtime\\build\\index.js:1082:7)\n    at Object.isolateModules (C:\\Users\\santa\\CascadeProjects\\personal-website\\node_modules\\jest-runtime\\build\\index.js:1992:12)\n    at isolateModules (C:\\Users\\santa\\CascadeProjects\\personal-website\\test\\helpers.ts:53:8)\n    at Object.<anonymous> (C:\\Users\\santa\\CascadeProjects\\personal-website\\test\\chat.spec.ts:22:30)\n    at Promise.then.completed (C:\\Users\\santa\\CascadeProjects\\personal-website\\node_modules\\jest-circus\\build\\utils.js:298:28)\n    at new Promise (<anonymous>)\n    at callAsyncCircusFn (C:\\Users\\santa\\CascadeProjects\\personal-website\\node_modules\\jest-circus\\build\\utils.js:231:10)\n    at _callCircusTest (C:\\Users\\santa\\CascadeProjects\\personal-website\\node_modules\\jest-circus\\build\\run.js:316:40)\n    at _runTest (C:\\Users\\santa\\CascadeProjects\\personal-website\\node_modules\\jest-circus\\build\\run.js:252:3)\n    at _runTestsForDescribeBlock (C:\\Users\\santa\\CascadeProjects\\personal-website\\node_modules\\jest-circus\\build\\run.js:126:9)\n    at run (C:\\Users\\santa\\CascadeProjects\\personal-website\\node_modules\\jest-circus\\build\\run.js:71:3)\n    at runAndTransformResultsToJestFormat (C:\\Users\\santa\\CascadeProjects\\personal-website\\node_modules\\jest-circus\\build\\legacy-code-todo-rewrite\\jestAdapterInit.js:122:21)\n    at jestAdapter (C:\\Users\\santa\\CascadeProjects\\personal-website\\node_modules\\jest-circus\\build\\legacy-code-todo-rewrite\\jestAdapter.js:79:19)\n    at runTestInternal (C:\\Users\\santa\\CascadeProjects\\personal-website\\node_modules\\jest-runner\\build\\runTest.js:367:16)\n    at runTest (C:\\Users\\santa\\CascadeProjects\\personal-website\\node_modules\\jest-runner\\build\\runTest.js:444:34)"],"fullName":"text message → stores, calls OpenAI, replies","invocations":1,"location":{"column":1,"line":18},"numPassingAsserts":0,"retryReasons":[],"status":"failed","title":"text message → stores, calls OpenAI, replies"}],"endTime":1745235302536,"message":"\u001b[1m\u001b[31m  \u001b[1m● \u001b[22m\u001b[1mtext message → stores, calls OpenAI, replies\u001b[39m\u001b[22m\n\n    \u001b[31m\u001b[1mConfiguration error\u001b[22m:\u001b[39m\n    \u001b[31m\u001b[39m\n    \u001b[31mCould not locate module \u001b[1m@/orchestration/agentOrchestrator\u001b[22m mapped as:\u001b[39m\n    \u001b[31m\u001b[1mC:\\Users\\santa\\CascadeProjects\\personal-website\\$1\u001b[22m.\u001b[39m\n    \u001b[31m\u001b[39m\n    \u001b[31mPlease check your configuration for these entries:\u001b[39m\n    \u001b[31m{\u001b[39m\n    \u001b[31m  \"moduleNameMapper\": {\u001b[39m\n    \u001b[31m    \"/^@\\/(.*)$/\": \"\u001b[1mC:\\Users\\santa\\CascadeProjects\\personal-website\\$1\u001b[22m\"\u001b[39m\n    \u001b[31m  },\u001b[39m\n    \u001b[31m  \"resolver\": \u001b[1mundefined\u001b[22m\u001b[39m\n    \u001b[31m}\u001b[39m\n\u001b[2m\u001b[22m\n\u001b[2m    \u001b[0m \u001b[90m  6 |\u001b[39m \u001b[36mimport\u001b[39m { \u001b[33mTelegramApi\u001b[39m } \u001b[36mfrom\u001b[39m \u001b[32m'./telegramApi'\u001b[39m\u001b[33m;\u001b[39m\u001b[22m\n\u001b[2m     \u001b[90m  7 |\u001b[39m \u001b[36mimport\u001b[39m { \u001b[33mController\u001b[39m } \u001b[36mfrom\u001b[39m \u001b[32m'./controller'\u001b[39m\u001b[33m;\u001b[39m\u001b[22m\n\u001b[2m    \u001b[31m\u001b[1m>\u001b[22m\u001b[2m\u001b[39m\u001b[90m  8 |\u001b[39m \u001b[36mimport\u001b[39m { \u001b[33mAgentOrchestrator\u001b[39m } \u001b[36mfrom\u001b[39m \u001b[32m'@/orchestration/agentOrchestrator'\u001b[39m\u001b[33m;\u001b[39m\u001b[22m\n\u001b[2m     \u001b[90m    |\u001b[39m \u001b[31m\u001b[1m^\u001b[22m\u001b[2m\u001b[39m\u001b[22m\n\u001b[2m     \u001b[90m  9 |\u001b[39m \u001b[36mimport\u001b[39m { agentManager } \u001b[36mfrom\u001b[39m \u001b[32m'@/orchestration/agentManagerSingleton'\u001b[39m\u001b[33m;\u001b[39m\u001b[22m\n\u001b[2m     \u001b[90m 10 |\u001b[39m \u001b[36mimport\u001b[39m { \u001b[33mMessageBus\u001b[39m } \u001b[36mfrom\u001b[39m \u001b[32m'@/orchestration/orchestrator/bus'\u001b[39m\u001b[33m;\u001b[39m\u001b[22m\n\u001b[2m     \u001b[90m 11 |\u001b[39m\u001b[0m\u001b[22m\n\u001b[2m\u001b[22m\n\u001b[2m      \u001b[2mat createNoMappedModuleFoundError (\u001b[22m\u001b[2mnode_modules/jest-resolve/build/resolver.js\u001b[2m:759:17)\u001b[22m\u001b[2m\u001b[22m\n\u001b[2m      \u001b[2mat Object.require (\u001b[22m\u001b[2msrc/telegram/handler.ts\u001b[2m:8:1)\u001b[22m\u001b[2m\u001b[22m\n\u001b[2m      \u001b[2mat Object.require (\u001b[22m\u001b[2mpages/api/telegram.ts\u001b[2m:2:1)\u001b[22m\u001b[2m\u001b[22m\n\u001b[2m      \u001b[2mat require (\u001b[22m\u001b[2mtest/helpers.ts\u001b[2m:54:15)\u001b[22m\u001b[2m\u001b[22m\n\u001b[2m      \u001b[2mat isolateModules (\u001b[22m\u001b[2mtest/helpers.ts\u001b[2m:53:8)\u001b[22m\u001b[2m\u001b[22m\n\u001b[2m      \u001b[2mat Object.<anonymous> (\u001b[22m\u001b[2m\u001b[0m\u001b[36mtest/chat.spec.ts\u001b[39m\u001b[0m\u001b[2m:22:30)\u001b[22m\u001b[2m\u001b[22m\n","name":"C:\\Users\\santa\\CascadeProjects\\personal-website\\test\\chat.spec.ts","startTime":1745235302369,"status":"failed","summary":""},{"assertionResults":[{"ancestorTitles":[],"duration":3,"failureDetails":[{"name":""}],"failureMessages":["Error: \u001b[31m\u001b[1mConfiguration error\u001b[22m:\u001b[39m\n\u001b[31m\u001b[39m\n\u001b[31mCould not locate module \u001b[1m@/orchestration/agentOrchestrator\u001b[22m mapped as:\u001b[39m\n\u001b[31m\u001b[1mC:\\Users\\santa\\CascadeProjects\\personal-website\\$1\u001b[22m.\u001b[39m\n\u001b[31m\u001b[39m\n\u001b[31mPlease check your configuration for these entries:\u001b[39m\n\u001b[31m{\u001b[39m\n\u001b[31m  \"moduleNameMapper\": {\u001b[39m\n\u001b[31m    \"/^@\\/(.*)$/\": \"\u001b[1mC:\\Users\\santa\\CascadeProjects\\personal-website\\$1\u001b[22m\"\u001b[39m\n\u001b[31m  },\u001b[39m\n\u001b[31m  \"resolver\": \u001b[1mundefined\u001b[22m\u001b[39m\n\u001b[31m}\u001b[39m\n    at createNoMappedModuleFoundError (C:\\Users\\santa\\CascadeProjects\\personal-website\\node_modules\\jest-resolve\\build\\resolver.js:759:17)\n    at Resolver.resolveStubModuleName (C:\\Users\\santa\\CascadeProjects\\personal-website\\node_modules\\jest-resolve\\build\\resolver.js:677:19)\n    at Resolver.getMockModule (C:\\Users\\santa\\CascadeProjects\\personal-website\\node_modules\\jest-resolve\\build\\resolver.js:481:31)\n    at Resolver._isModuleResolved (C:\\Users\\santa\\CascadeProjects\\personal-website\\node_modules\\jest-resolve\\build\\resolver.js:632:42)\n    at Resolver._getAbsolutePath (C:\\Users\\santa\\CascadeProjects\\personal-website\\node_modules\\jest-resolve\\build\\resolver.js:585:17)\n    at Resolver.getModuleID (C:\\Users\\santa\\CascadeProjects\\personal-website\\node_modules\\jest-resolve\\build\\resolver.js:530:31)\n    at Runtime._shouldMockCjs (C:\\Users\\santa\\CascadeProjects\\personal-website\\node_modules\\jest-runtime\\build\\index.js:1713:37)\n    at Runtime.requireModuleOrMock (C:\\Users\\santa\\CascadeProjects\\personal-website\\node_modules\\jest-runtime\\build\\index.js:1045:16)\n    at Object.require (C:\\Users\\santa\\CascadeProjects\\personal-website\\src\\telegram\\handler.ts:8:1)\n    at Runtime._execModule (C:\\Users\\santa\\CascadeProjects\\personal-website\\node_modules\\jest-runtime\\build\\index.js:1439:24)\n    at Runtime._loadModule (C:\\Users\\santa\\CascadeProjects\\personal-website\\node_modules\\jest-runtime\\build\\index.js:1022:12)\n    at Runtime.requireModule (C:\\Users\\santa\\CascadeProjects\\personal-website\\node_modules\\jest-runtime\\build\\index.js:882:12)\n    at Runtime.requireModuleOrMock (C:\\Users\\santa\\CascadeProjects\\personal-website\\node_modules\\jest-runtime\\build\\index.js:1048:21)\n    at Object.require (C:\\Users\\santa\\CascadeProjects\\personal-website\\pages\\api\\telegram.ts:2:1)\n    at Runtime._execModule (C:\\Users\\santa\\CascadeProjects\\personal-website\\node_modules\\jest-runtime\\build\\index.js:1439:24)\n    at Runtime._loadModule (C:\\Users\\santa\\CascadeProjects\\personal-website\\node_modules\\jest-runtime\\build\\index.js:1022:12)\n    at Runtime.requireModule (C:\\Users\\santa\\CascadeProjects\\personal-website\\node_modules\\jest-runtime\\build\\index.js:882:12)\n    at Runtime.requireModuleOrMock (C:\\Users\\santa\\CascadeProjects\\personal-website\\node_modules\\jest-runtime\\build\\index.js:1048:21)\n    at require (C:\\Users\\santa\\CascadeProjects\\personal-website\\test\\helpers.ts:54:15)\n    at Runtime.isolateModules (C:\\Users\\santa\\CascadeProjects\\personal-website\\node_modules\\jest-runtime\\build\\index.js:1082:7)\n    at Object.isolateModules (C:\\Users\\santa\\CascadeProjects\\personal-website\\node_modules\\jest-runtime\\build\\index.js:1992:12)\n    at isolateModules (C:\\Users\\santa\\CascadeProjects\\personal-website\\test\\helpers.ts:53:8)\n    at Object.<anonymous> (C:\\Users\\santa\\CascadeProjects\\personal-website\\test\\errors.spec.ts:27:35)\n    at Promise.then.completed (C:\\Users\\santa\\CascadeProjects\\personal-website\\node_modules\\jest-circus\\build\\utils.js:298:28)\n    at new Promise (<anonymous>)\n    at callAsyncCircusFn (C:\\Users\\santa\\CascadeProjects\\personal-website\\node_modules\\jest-circus\\build\\utils.js:231:10)\n    at _callCircusTest (C:\\Users\\santa\\CascadeProjects\\personal-website\\node_modules\\jest-circus\\build\\run.js:316:40)\n    at _runTest (C:\\Users\\santa\\CascadeProjects\\personal-website\\node_modules\\jest-circus\\build\\run.js:252:3)\n    at _runTestsForDescribeBlock (C:\\Users\\santa\\CascadeProjects\\personal-website\\node_modules\\jest-circus\\build\\run.js:126:9)\n    at run (C:\\Users\\santa\\CascadeProjects\\personal-website\\node_modules\\jest-circus\\build\\run.js:71:3)\n    at runAndTransformResultsToJestFormat (C:\\Users\\santa\\CascadeProjects\\personal-website\\node_modules\\jest-circus\\build\\legacy-code-todo-rewrite\\jestAdapterInit.js:122:21)\n    at jestAdapter (C:\\Users\\santa\\CascadeProjects\\personal-website\\node_modules\\jest-circus\\build\\legacy-code-todo-rewrite\\jestAdapter.js:79:19)\n    at runTestInternal (C:\\Users\\santa\\CascadeProjects\\personal-website\\node_modules\\jest-runner\\build\\runTest.js:367:16)\n    at runTest (C:\\Users\\santa\\CascadeProjects\\personal-website\\node_modules\\jest-runner\\build\\runTest.js:444:34)"],"fullName":"informs user when Supabase insert fails","invocations":1,"location":{"column":1,"line":19},"numPassingAsserts":0,"retryReasons":[],"status":"failed","title":"informs user when Supabase insert fails"},{"ancestorTitles":[],"duration":3,"failureDetails":[{"name":""}],"failureMessages":["Error: \u001b[31m\u001b[1mConfiguration error\u001b[22m:\u001b[39m\n\u001b[31m\u001b[39m\n\u001b[31mCould not locate module \u001b[1m@/orchestration/agentOrchestrator\u001b[22m mapped as:\u001b[39m\n\u001b[31m\u001b[1mC:\\Users\\santa\\CascadeProjects\\personal-website\\$1\u001b[22m.\u001b[39m\n\u001b[31m\u001b[39m\n\u001b[31mPlease check your configuration for these entries:\u001b[39m\n\u001b[31m{\u001b[39m\n\u001b[31m  \"moduleNameMapper\": {\u001b[39m\n\u001b[31m    \"/^@\\/(.*)$/\": \"\u001b[1mC:\\Users\\santa\\CascadeProjects\\personal-website\\$1\u001b[22m\"\u001b[39m\n\u001b[31m  },\u001b[39m\n\u001b[31m  \"resolver\": \u001b[1mundefined\u001b[22m\u001b[39m\n\u001b[31m}\u001b[39m\n    at createNoMappedModuleFoundError (C:\\Users\\santa\\CascadeProjects\\personal-website\\node_modules\\jest-resolve\\build\\resolver.js:759:17)\n    at Resolver.resolveStubModuleName (C:\\Users\\santa\\CascadeProjects\\personal-website\\node_modules\\jest-resolve\\build\\resolver.js:677:19)\n    at Resolver.getMockModule (C:\\Users\\santa\\CascadeProjects\\personal-website\\node_modules\\jest-resolve\\build\\resolver.js:481:31)\n    at Resolver._isModuleResolved (C:\\Users\\santa\\CascadeProjects\\personal-website\\node_modules\\jest-resolve\\build\\resolver.js:632:42)\n    at Resolver._getAbsolutePath (C:\\Users\\santa\\CascadeProjects\\personal-website\\node_modules\\jest-resolve\\build\\resolver.js:585:17)\n    at Resolver.getModuleID (C:\\Users\\santa\\CascadeProjects\\personal-website\\node_modules\\jest-resolve\\build\\resolver.js:530:31)\n    at Runtime._shouldMockCjs (C:\\Users\\santa\\CascadeProjects\\personal-website\\node_modules\\jest-runtime\\build\\index.js:1713:37)\n    at Runtime.requireModuleOrMock (C:\\Users\\santa\\CascadeProjects\\personal-website\\node_modules\\jest-runtime\\build\\index.js:1045:16)\n    at Object.require (C:\\Users\\santa\\CascadeProjects\\personal-website\\src\\telegram\\handler.ts:8:1)\n    at Runtime._execModule (C:\\Users\\santa\\CascadeProjects\\personal-website\\node_modules\\jest-runtime\\build\\index.js:1439:24)\n    at Runtime._loadModule (C:\\Users\\santa\\CascadeProjects\\personal-website\\node_modules\\jest-runtime\\build\\index.js:1022:12)\n    at Runtime.requireModule (C:\\Users\\santa\\CascadeProjects\\personal-website\\node_modules\\jest-runtime\\build\\index.js:882:12)\n    at Runtime.requireModuleOrMock (C:\\Users\\santa\\CascadeProjects\\personal-website\\node_modules\\jest-runtime\\build\\index.js:1048:21)\n    at Object.require (C:\\Users\\santa\\CascadeProjects\\personal-website\\pages\\api\\telegram.ts:2:1)\n    at Runtime._execModule (C:\\Users\\santa\\CascadeProjects\\personal-website\\node_modules\\jest-runtime\\build\\index.js:1439:24)\n    at Runtime._loadModule (C:\\Users\\santa\\CascadeProjects\\personal-website\\node_modules\\jest-runtime\\build\\index.js:1022:12)\n    at Runtime.requireModule (C:\\Users\\santa\\CascadeProjects\\personal-website\\node_modules\\jest-runtime\\build\\index.js:882:12)\n    at Runtime.requireModuleOrMock (C:\\Users\\santa\\CascadeProjects\\personal-website\\node_modules\\jest-runtime\\build\\index.js:1048:21)\n    at require (C:\\Users\\santa\\CascadeProjects\\personal-website\\test\\helpers.ts:54:15)\n    at Runtime.isolateModules (C:\\Users\\santa\\CascadeProjects\\personal-website\\node_modules\\jest-runtime\\build\\index.js:1082:7)\n    at Object.isolateModules (C:\\Users\\santa\\CascadeProjects\\personal-website\\node_modules\\jest-runtime\\build\\index.js:1992:12)\n    at isolateModules (C:\\Users\\santa\\CascadeProjects\\personal-website\\test\\helpers.ts:53:8)\n    at Object.<anonymous> (C:\\Users\\santa\\CascadeProjects\\personal-website\\test\\errors.spec.ts:49:35)\n    at Promise.then.completed (C:\\Users\\santa\\CascadeProjects\\personal-website\\node_modules\\jest-circus\\build\\utils.js:298:28)\n    at new Promise (<anonymous>)\n    at callAsyncCircusFn (C:\\Users\\santa\\CascadeProjects\\personal-website\\node_modules\\jest-circus\\build\\utils.js:231:10)\n    at _callCircusTest (C:\\Users\\santa\\CascadeProjects\\personal-website\\node_modules\\jest-circus\\build\\run.js:316:40)\n    at _runTest (C:\\Users\\santa\\CascadeProjects\\personal-website\\node_modules\\jest-circus\\build\\run.js:252:3)\n    at _runTestsForDescribeBlock (C:\\Users\\santa\\CascadeProjects\\personal-website\\node_modules\\jest-circus\\build\\run.js:126:9)\n    at run (C:\\Users\\santa\\CascadeProjects\\personal-website\\node_modules\\jest-circus\\build\\run.js:71:3)\n    at runAndTransformResultsToJestFormat (C:\\Users\\santa\\CascadeProjects\\personal-website\\node_modules\\jest-circus\\build\\legacy-code-todo-rewrite\\jestAdapterInit.js:122:21)\n    at jestAdapter (C:\\Users\\santa\\CascadeProjects\\personal-website\\node_modules\\jest-circus\\build\\legacy-code-todo-rewrite\\jestAdapter.js:79:19)\n    at runTestInternal (C:\\Users\\santa\\CascadeProjects\\personal-website\\node_modules\\jest-runner\\build\\runTest.js:367:16)\n    at runTest (C:\\Users\\santa\\CascadeProjects\\personal-website\\node_modules\\jest-runner\\build\\runTest.js:444:34)"],"fullName":"informs user when OpenAI fails","invocations":1,"location":{"column":1,"line":43},"numPassingAsserts":0,"retryReasons":[],"status":"failed","title":"informs user when OpenAI fails"}],"endTime":1745235302693,"message":"\u001b[1m\u001b[31m  \u001b[1m● \u001b[22m\u001b[1minforms user when Supabase insert fails\u001b[39m\u001b[22m\n\n    \u001b[31m\u001b[1mConfiguration error\u001b[22m:\u001b[39m\n    \u001b[31m\u001b[39m\n    \u001b[31mCould not locate module \u001b[1m@/orchestration/agentOrchestrator\u001b[22m mapped as:\u001b[39m\n    \u001b[31m\u001b[1mC:\\Users\\santa\\CascadeProjects\\personal-website\\$1\u001b[22m.\u001b[39m\n    \u001b[31m\u001b[39m\n    \u001b[31mPlease check your configuration for these entries:\u001b[39m\n    \u001b[31m{\u001b[39m\n    \u001b[31m  \"moduleNameMapper\": {\u001b[39m\n    \u001b[31m    \"/^@\\/(.*)$/\": \"\u001b[1mC:\\Users\\santa\\CascadeProjects\\personal-website\\$1\u001b[22m\"\u001b[39m\n    \u001b[31m  },\u001b[39m\n    \u001b[31m  \"resolver\": \u001b[1mundefined\u001b[22m\u001b[39m\n    \u001b[31m}\u001b[39m\n\u001b[2m\u001b[22m\n\u001b[2m    \u001b[0m \u001b[90m  6 |\u001b[39m \u001b[36mimport\u001b[39m { \u001b[33mTelegramApi\u001b[39m } \u001b[36mfrom\u001b[39m \u001b[32m'./telegramApi'\u001b[39m\u001b[33m;\u001b[39m\u001b[22m\n\u001b[2m     \u001b[90m  7 |\u001b[39m \u001b[36mimport\u001b[39m { \u001b[33mController\u001b[39m } \u001b[36mfrom\u001b[39m \u001b[32m'./controller'\u001b[39m\u001b[33m;\u001b[39m\u001b[22m\n\u001b[2m    \u001b[31m\u001b[1m>\u001b[22m\u001b[2m\u001b[39m\u001b[90m  8 |\u001b[39m \u001b[36mimport\u001b[39m { \u001b[33mAgentOrchestrator\u001b[39m } \u001b[36mfrom\u001b[39m \u001b[32m'@/orchestration/agentOrchestrator'\u001b[39m\u001b[33m;\u001b[39m\u001b[22m\n\u001b[2m     \u001b[90m    |\u001b[39m \u001b[31m\u001b[1m^\u001b[22m\u001b[2m\u001b[39m\u001b[22m\n\u001b[2m     \u001b[90m  9 |\u001b[39m \u001b[36mimport\u001b[39m { agentManager } \u001b[36mfrom\u001b[39m \u001b[32m'@/orchestration/agentManagerSingleton'\u001b[39m\u001b[33m;\u001b[39m\u001b[22m\n\u001b[2m     \u001b[90m 10 |\u001b[39m \u001b[36mimport\u001b[39m { \u001b[33mMessageBus\u001b[39m } \u001b[36mfrom\u001b[39m \u001b[32m'@/orchestration/orchestrator/bus'\u001b[39m\u001b[33m;\u001b[39m\u001b[22m\n\u001b[2m     \u001b[90m 11 |\u001b[39m\u001b[0m\u001b[22m\n\u001b[2m\u001b[22m\n\u001b[2m      \u001b[2mat createNoMappedModuleFoundError (\u001b[22m\u001b[2mnode_modules/jest-resolve/build/resolver.js\u001b[2m:759:17)\u001b[22m\u001b[2m\u001b[22m\n\u001b[2m      \u001b[2mat Object.require (\u001b[22m\u001b[2msrc/telegram/handler.ts\u001b[2m:8:1)\u001b[22m\u001b[2m\u001b[22m\n\u001b[2m      \u001b[2mat Object.require (\u001b[22m\u001b[2mpages/api/telegram.ts\u001b[2m:2:1)\u001b[22m\u001b[2m\u001b[22m\n\u001b[2m      \u001b[2mat require (\u001b[22m\u001b[2mtest/helpers.ts\u001b[2m:54:15)\u001b[22m\u001b[2m\u001b[22m\n\u001b[2m      \u001b[2mat isolateModules (\u001b[22m\u001b[2mtest/helpers.ts\u001b[2m:53:8)\u001b[22m\u001b[2m\u001b[22m\n\u001b[2m      \u001b[2mat Object.<anonymous> (\u001b[22m\u001b[2m\u001b[0m\u001b[36mtest/errors.spec.ts\u001b[39m\u001b[0m\u001b[2m:27:35)\u001b[22m\u001b[2m\u001b[22m\n\n\u001b[1m\u001b[31m  \u001b[1m● \u001b[22m\u001b[1minforms user when OpenAI fails\u001b[39m\u001b[22m\n\n    \u001b[31m\u001b[1mConfiguration error\u001b[22m:\u001b[39m\n    \u001b[31m\u001b[39m\n    \u001b[31mCould not locate module \u001b[1m@/orchestration/agentOrchestrator\u001b[22m mapped as:\u001b[39m\n    \u001b[31m\u001b[1mC:\\Users\\santa\\CascadeProjects\\personal-website\\$1\u001b[22m.\u001b[39m\n    \u001b[31m\u001b[39m\n    \u001b[31mPlease check your configuration for these entries:\u001b[39m\n    \u001b[31m{\u001b[39m\n    \u001b[31m  \"moduleNameMapper\": {\u001b[39m\n    \u001b[31m    \"/^@\\/(.*)$/\": \"\u001b[1mC:\\Users\\santa\\CascadeProjects\\personal-website\\$1\u001b[22m\"\u001b[39m\n    \u001b[31m  },\u001b[39m\n    \u001b[31m  \"resolver\": \u001b[1mundefined\u001b[22m\u001b[39m\n    \u001b[31m}\u001b[39m\n\u001b[2m\u001b[22m\n\u001b[2m    \u001b[0m \u001b[90m  6 |\u001b[39m \u001b[36mimport\u001b[39m { \u001b[33mTelegramApi\u001b[39m } \u001b[36mfrom\u001b[39m \u001b[32m'./telegramApi'\u001b[39m\u001b[33m;\u001b[39m\u001b[22m\n\u001b[2m     \u001b[90m  7 |\u001b[39m \u001b[36mimport\u001b[39m { \u001b[33mController\u001b[39m } \u001b[36mfrom\u001b[39m \u001b[32m'./controller'\u001b[39m\u001b[33m;\u001b[39m\u001b[22m\n\u001b[2m    \u001b[31m\u001b[1m>\u001b[22m\u001b[2m\u001b[39m\u001b[90m  8 |\u001b[39m \u001b[36mimport\u001b[39m { \u001b[33mAgentOrchestrator\u001b[39m } \u001b[36mfrom\u001b[39m \u001b[32m'@/orchestration/agentOrchestrator'\u001b[39m\u001b[33m;\u001b[39m\u001b[22m\n\u001b[2m     \u001b[90m    |\u001b[39m \u001b[31m\u001b[1m^\u001b[22m\u001b[2m\u001b[39m\u001b[22m\n\u001b[2m     \u001b[90m  9 |\u001b[39m \u001b[36mimport\u001b[39m { agentManager } \u001b[36mfrom\u001b[39m \u001b[32m'@/orchestration/agentManagerSingleton'\u001b[39m\u001b[33m;\u001b[39m\u001b[22m\n\u001b[2m     \u001b[90m 10 |\u001b[39m \u001b[36mimport\u001b[39m { \u001b[33mMessageBus\u001b[39m } \u001b[36mfrom\u001b[39m \u001b[32m'@/orchestration/orchestrator/bus'\u001b[39m\u001b[33m;\u001b[39m\u001b[22m\n\u001b[2m     \u001b[90m 11 |\u001b[39m\u001b[0m\u001b[22m\n\u001b[2m\u001b[22m\n\u001b[2m      \u001b[2mat createNoMappedModuleFoundError (\u001b[22m\u001b[2mnode_modules/jest-resolve/build/resolver.js\u001b[2m:759:17)\u001b[22m\u001b[2m\u001b[22m\n\u001b[2m      \u001b[2mat Object.require (\u001b[22m\u001b[2msrc/telegram/handler.ts\u001b[2m:8:1)\u001b[22m\u001b[2m\u001b[22m\n\u001b[2m      \u001b[2mat Object.require (\u001b[22m\u001b[2mpages/api/telegram.ts\u001b[2m:2:1)\u001b[22m\u001b[2m\u001b[22m\n\u001b[2m      \u001b[2mat require (\u001b[22m\u001b[2mtest/helpers.ts\u001b[2m:54:15)\u001b[22m\u001b[2m\u001b[22m\n\u001b[2m      \u001b[2mat isolateModules (\u001b[22m\u001b[2mtest/helpers.ts\u001b[2m:53:8)\u001b[22m\u001b[2m\u001b[22m\n\u001b[2m      \u001b[2mat Object.<anonymous> (\u001b[22m\u001b[2m\u001b[0m\u001b[36mtest/errors.spec.ts\u001b[39m\u001b[0m\u001b[2m:49:35)\u001b[22m\u001b[2m\u001b[22m\n","name":"C:\\Users\\santa\\CascadeProjects\\personal-website\\test\\errors.spec.ts","startTime":1745235302557,"status":"failed","summary":""},{"assertionResults":[{"ancestorTitles":[],"duration":4,"failureDetails":[{"name":""}],"failureMessages":["Error: \u001b[31m\u001b[1mConfiguration error\u001b[22m:\u001b[39m\n\u001b[31m\u001b[39m\n\u001b[31mCould not locate module \u001b[1m@/orchestration/agentOrchestrator\u001b[22m mapped as:\u001b[39m\n\u001b[31m\u001b[1mC:\\Users\\santa\\CascadeProjects\\personal-website\\$1\u001b[22m.\u001b[39m\n\u001b[31m\u001b[39m\n\u001b[31mPlease check your configuration for these entries:\u001b[39m\n\u001b[31m{\u001b[39m\n\u001b[31m  \"moduleNameMapper\": {\u001b[39m\n\u001b[31m    \"/^@\\/(.*)$/\": \"\u001b[1mC:\\Users\\santa\\CascadeProjects\\personal-website\\$1\u001b[22m\"\u001b[39m\n\u001b[31m  },\u001b[39m\n\u001b[31m  \"resolver\": \u001b[1mundefined\u001b[22m\u001b[39m\n\u001b[31m}\u001b[39m\n    at createNoMappedModuleFoundError (C:\\Users\\santa\\CascadeProjects\\personal-website\\node_modules\\jest-resolve\\build\\resolver.js:759:17)\n    at Resolver.resolveStubModuleName (C:\\Users\\santa\\CascadeProjects\\personal-website\\node_modules\\jest-resolve\\build\\resolver.js:677:19)\n    at Resolver.getMockModule (C:\\Users\\santa\\CascadeProjects\\personal-website\\node_modules\\jest-resolve\\build\\resolver.js:481:31)\n    at Resolver._isModuleResolved (C:\\Users\\santa\\CascadeProjects\\personal-website\\node_modules\\jest-resolve\\build\\resolver.js:632:42)\n    at Resolver._getAbsolutePath (C:\\Users\\santa\\CascadeProjects\\personal-website\\node_modules\\jest-resolve\\build\\resolver.js:585:17)\n    at Resolver.getModuleID (C:\\Users\\santa\\CascadeProjects\\personal-website\\node_modules\\jest-resolve\\build\\resolver.js:530:31)\n    at Runtime._shouldMockCjs (C:\\Users\\santa\\CascadeProjects\\personal-website\\node_modules\\jest-runtime\\build\\index.js:1713:37)\n    at Runtime.requireModuleOrMock (C:\\Users\\santa\\CascadeProjects\\personal-website\\node_modules\\jest-runtime\\build\\index.js:1045:16)\n    at Object.require (C:\\Users\\santa\\CascadeProjects\\personal-website\\src\\telegram\\handler.ts:8:1)\n    at Runtime._execModule (C:\\Users\\santa\\CascadeProjects\\personal-website\\node_modules\\jest-runtime\\build\\index.js:1439:24)\n    at Runtime._loadModule (C:\\Users\\santa\\CascadeProjects\\personal-website\\node_modules\\jest-runtime\\build\\index.js:1022:12)\n    at Runtime.requireModule (C:\\Users\\santa\\CascadeProjects\\personal-website\\node_modules\\jest-runtime\\build\\index.js:882:12)\n    at Runtime.requireModuleOrMock (C:\\Users\\santa\\CascadeProjects\\personal-website\\node_modules\\jest-runtime\\build\\index.js:1048:21)\n    at Object.require (C:\\Users\\santa\\CascadeProjects\\personal-website\\pages\\api\\telegram.ts:2:1)\n    at Runtime._execModule (C:\\Users\\santa\\CascadeProjects\\personal-website\\node_modules\\jest-runtime\\build\\index.js:1439:24)\n    at Runtime._loadModule (C:\\Users\\santa\\CascadeProjects\\personal-website\\node_modules\\jest-runtime\\build\\index.js:1022:12)\n    at Runtime.requireModule (C:\\Users\\santa\\CascadeProjects\\personal-website\\node_modules\\jest-runtime\\build\\index.js:882:12)\n    at Runtime.requireModuleOrMock (C:\\Users\\santa\\CascadeProjects\\personal-website\\node_modules\\jest-runtime\\build\\index.js:1048:21)\n    at require (C:\\Users\\santa\\CascadeProjects\\personal-website\\test\\helpers.ts:54:15)\n    at Runtime.isolateModules (C:\\Users\\santa\\CascadeProjects\\personal-website\\node_modules\\jest-runtime\\build\\index.js:1082:7)\n    at Object.isolateModules (C:\\Users\\santa\\CascadeProjects\\personal-website\\node_modules\\jest-runtime\\build\\index.js:1992:12)\n    at isolateModules (C:\\Users\\santa\\CascadeProjects\\personal-website\\test\\helpers.ts:53:8)\n    at Object.<anonymous> (C:\\Users\\santa\\CascadeProjects\\personal-website\\test\\upload.spec.ts:29:35)\n    at Promise.then.completed (C:\\Users\\santa\\CascadeProjects\\personal-website\\node_modules\\jest-circus\\build\\utils.js:298:28)\n    at new Promise (<anonymous>)\n    at callAsyncCircusFn (C:\\Users\\santa\\CascadeProjects\\personal-website\\node_modules\\jest-circus\\build\\utils.js:231:10)\n    at _callCircusTest (C:\\Users\\santa\\CascadeProjects\\personal-website\\node_modules\\jest-circus\\build\\run.js:316:40)\n    at _runTest (C:\\Users\\santa\\CascadeProjects\\personal-website\\node_modules\\jest-circus\\build\\run.js:252:3)\n    at _runTestsForDescribeBlock (C:\\Users\\santa\\CascadeProjects\\personal-website\\node_modules\\jest-circus\\build\\run.js:126:9)\n    at run (C:\\Users\\santa\\CascadeProjects\\personal-website\\node_modules\\jest-circus\\build\\run.js:71:3)\n    at runAndTransformResultsToJestFormat (C:\\Users\\santa\\CascadeProjects\\personal-website\\node_modules\\jest-circus\\build\\legacy-code-todo-rewrite\\jestAdapterInit.js:122:21)\n    at jestAdapter (C:\\Users\\santa\\CascadeProjects\\personal-website\\node_modules\\jest-circus\\build\\legacy-code-todo-rewrite\\jestAdapter.js:79:19)\n    at runTestInternal (C:\\Users\\santa\\CascadeProjects\\personal-website\\node_modules\\jest-runner\\build\\runTest.js:367:16)\n    at runTest (C:\\Users\\santa\\CascadeProjects\\personal-website\\node_modules\\jest-runner\\build\\runTest.js:444:34)"],"fullName":"document upload → stored & acked","invocations":1,"location":{"column":1,"line":18},"numPassingAsserts":0,"retryReasons":[],"status":"failed","title":"document upload → stored & acked"}],"endTime":1745235302851,"message":"\u001b[1m\u001b[31m  \u001b[1m● \u001b[22m\u001b[1mdocument upload → stored & acked\u001b[39m\u001b[22m\n\n    \u001b[31m\u001b[1mConfiguration error\u001b[22m:\u001b[39m\n    \u001b[31m\u001b[39m\n    \u001b[31mCould not locate module \u001b[1m@/orchestration/agentOrchestrator\u001b[22m mapped as:\u001b[39m\n    \u001b[31m\u001b[1mC:\\Users\\santa\\CascadeProjects\\personal-website\\$1\u001b[22m.\u001b[39m\n    \u001b[31m\u001b[39m\n    \u001b[31mPlease check your configuration for these entries:\u001b[39m\n    \u001b[31m{\u001b[39m\n    \u001b[31m  \"moduleNameMapper\": {\u001b[39m\n    \u001b[31m    \"/^@\\/(.*)$/\": \"\u001b[1mC:\\Users\\santa\\CascadeProjects\\personal-website\\$1\u001b[22m\"\u001b[39m\n    \u001b[31m  },\u001b[39m\n    \u001b[31m  \"resolver\": \u001b[1mundefined\u001b[22m\u001b[39m\n    \u001b[31m}\u001b[39m\n\u001b[2m\u001b[22m\n\u001b[2m    \u001b[0m \u001b[90m  6 |\u001b[39m \u001b[36mimport\u001b[39m { \u001b[33mTelegramApi\u001b[39m } \u001b[36mfrom\u001b[39m \u001b[32m'./telegramApi'\u001b[39m\u001b[33m;\u001b[39m\u001b[22m\n\u001b[2m     \u001b[90m  7 |\u001b[39m \u001b[36mimport\u001b[39m { \u001b[33mController\u001b[39m } \u001b[36mfrom\u001b[39m \u001b[32m'./controller'\u001b[39m\u001b[33m;\u001b[39m\u001b[22m\n\u001b[2m    \u001b[31m\u001b[1m>\u001b[22m\u001b[2m\u001b[39m\u001b[90m  8 |\u001b[39m \u001b[36mimport\u001b[39m { \u001b[33mAgentOrchestrator\u001b[39m } \u001b[36mfrom\u001b[39m \u001b[32m'@/orchestration/agentOrchestrator'\u001b[39m\u001b[33m;\u001b[39m\u001b[22m\n\u001b[2m     \u001b[90m    |\u001b[39m \u001b[31m\u001b[1m^\u001b[22m\u001b[2m\u001b[39m\u001b[22m\n\u001b[2m     \u001b[90m  9 |\u001b[39m \u001b[36mimport\u001b[39m { agentManager } \u001b[36mfrom\u001b[39m \u001b[32m'@/orchestration/agentManagerSingleton'\u001b[39m\u001b[33m;\u001b[39m\u001b[22m\n\u001b[2m     \u001b[90m 10 |\u001b[39m \u001b[36mimport\u001b[39m { \u001b[33mMessageBus\u001b[39m } \u001b[36mfrom\u001b[39m \u001b[32m'@/orchestration/orchestrator/bus'\u001b[39m\u001b[33m;\u001b[39m\u001b[22m\n\u001b[2m     \u001b[90m 11 |\u001b[39m\u001b[0m\u001b[22m\n\u001b[2m\u001b[22m\n\u001b[2m      \u001b[2mat createNoMappedModuleFoundError (\u001b[22m\u001b[2mnode_modules/jest-resolve/build/resolver.js\u001b[2m:759:17)\u001b[22m\u001b[2m\u001b[22m\n\u001b[2m      \u001b[2mat Object.require (\u001b[22m\u001b[2msrc/telegram/handler.ts\u001b[2m:8:1)\u001b[22m\u001b[2m\u001b[22m\n\u001b[2m      \u001b[2mat Object.require (\u001b[22m\u001b[2mpages/api/telegram.ts\u001b[2m:2:1)\u001b[22m\u001b[2m\u001b[22m\n\u001b[2m      \u001b[2mat require (\u001
[...]
ules/@babel/parser/src/parser/statement.ts\u001b[2m:3124:37)\u001b[22m\n      \u001b[2mat TypeScriptParserMixin.parseImportSpecifiersAndAfter [as parseImport] (\u001b[22mnode_modules/@babel/parser/src/plugins/typescript/index.ts\u001b[2m:2924:30)\u001b[22m\n      \u001b[2mat TypeScriptParserMixin.parseImport (\u001b[22mnode_modules/@babel/parser/src/parser/statement.ts\u001b[2m:601:25)\u001b[22m\n      \u001b[2mat TypeScriptParserMixin.parseStatementContent (\u001b[22mnode_modules/@babel/parser/src/plugins/typescript/index.ts\u001b[2m:3091:20)\u001b[22m\n      \u001b[2mat TypeScriptParserMixin.parseStatementContent [as parseStatementLike] (\u001b[22mnode_modules/@babel/parser/src/parser/statement.ts\u001b[2m:437:17)\u001b[22m\n      \u001b[2mat TypeScriptParserMixin.parseStatementLike [as parseModuleItem] (\u001b[22mnode_modules/@babel/parser/src/parser/statement.ts\u001b[2m:374:17)\u001b[22m\n      \u001b[2mat TypeScriptParserMixin.parseModuleItem [as parseBlockOrModuleBlockBody] (\u001b[22mnode_modules/@babel/parser/src/parser/statement.ts\u001b[2m:1402:16)\u001b[22m\n      \u001b[2mat TypeScriptParserMixin.parseBlockOrModuleBlockBody [as parseBlockBody] (\u001b[22mnode_modules/@babel/parser/src/parser/statement.ts\u001b[2m:1376:10)\u001b[22m\n      \u001b[2mat TypeScriptParserMixin.parseBlockBody [as parseProgram] (\u001b[22mnode_modules/@babel/parser/src/parser/statement.ts\u001b[2m:225:10)\u001b[22m\n      \u001b[2mat TypeScriptParserMixin.parseProgram [as parseTopLevel] (\u001b[22mnode_modules/@babel/parser/src/parser/statement.ts\u001b[2m:203:25)\u001b[22m\n      \u001b[2mat TypeScriptParserMixin.parseTopLevel (\u001b[22mnode_modules/@babel/parser/src/parser/index.ts\u001b[2m:93:10)\u001b[22m\n      \u001b[2mat TypeScriptParserMixin.parse (\u001b[22mnode_modules/@babel/parser/src/plugins/typescript/index.ts\u001b[2m:4219:20)\u001b[22m\n      \u001b[2mat parse (\u001b[22mnode_modules/@babel/parser/src/index.ts\u001b[2m:92:38)\u001b[22m\n      \u001b[2mat parser (\u001b[22mnode_modules/@babel/core/src/parser/index.ts\u001b[2m:28:19)\u001b[22m\n          at parser.next (<anonymous>)\n      \u001b[2mat normalizeFile (\u001b[22mnode_modules/@babel/core/src/transformation/normalize-file.ts\u001b[2m:49:24)\u001b[22m\n          at normalizeFile.next (<anonymous>)\n      \u001b[2mat run (\u001b[22mnode_modules/@babel/core/src/transformation/index.ts\u001b[2m:40:36)\u001b[22m\n          at run.next (<anonymous>)\n      \u001b[2mat transform (\u001b[22mnode_modules/@babel/core/src/transform.ts\u001b[2m:29:20)\u001b[22m\n          at transform.next (<anonymous>)\n      \u001b[2mat evaluateSync (\u001b[22mnode_modules/gensync/index.js\u001b[2m:251:28)\u001b[22m\n      \u001b[2mat sync (\u001b[22mnode_modules/gensync/index.js\u001b[2m:89:14)\u001b[22m\n      \u001b[2mat fn (\u001b[22mnode_modules/@babel/core/src/errors/rewrite-stack-trace.ts\u001b[2m:99:14)\u001b[22m\n      \u001b[2mat transformSync (\u001b[22mnode_modules/@babel/core/src/transform.ts\u001b[2m:66:52)\u001b[22m\n      \u001b[2mat ScriptTransformer.transformSource (\u001b[22mnode_modules/@jest/transform/build/ScriptTransformer.js\u001b[2m:545:31)\u001b[22m\n      \u001b[2mat ScriptTransformer._transformAndBuildScript (\u001b[22mnode_modules/@jest/transform/build/ScriptTransformer.js\u001b[2m:674:40)\u001b[22m\n      \u001b[2mat ScriptTransformer.transform (\u001b[22mnode_modules/@jest/transform/build/ScriptTransformer.js\u001b[2m:726:19)\u001b[22m\n      \u001b[2mat Object.require (\u001b[22m\u001b[0m\u001b[36msrc/orchestration/multiAgentOrchestrator.protocol.test.ts\u001b[39m\u001b[0m\u001b[2m:2:1)\u001b[22m\n","name":"C:\\Users\\santa\\CascadeProjects\\personal-website\\src\\orchestration\\multiAgentOrchestrator.protocol.test.ts","startTime":1745235313613,"status":"failed","summary":""},{"assertionResults":[],"coverage":{},"endTime":1745235313613,"message":"  \u001b[1m● \u001b[22mTest suite failed to run\n\n    ReferenceError: C:\\Users\\santa\\CascadeProjects\\personal-website\\src\\orchestration\\agentManager.factory.test.ts: The module factory of `jest.mock()` is not allowed to reference any out-of-scope variables.\n    Invalid variable access: makeAgentMock\n    Allowed objects: AbortController, AbortSignal, AggregateError, Array, ArrayBuffer, Atomics, BigInt, BigInt64Array, BigUint64Array, Blob, Boolean, BroadcastChannel, Buffer, ByteLengthQueuingStrategy, CloseEvent, CompressionStream, CountQueuingStrategy, Crypto, CryptoKey, CustomEvent, DOMException, DataView, Date, DecompressionStream, Error, EvalError, Event, EventTarget, File, FinalizationRegistry, Float32Array, Float64Array, FormData, Function, Generator, GeneratorFunction, Headers, Infinity, Int16Array, Int32Array, Int8Array, InternalError, Intl, Iterator, JSON, Map, Math, MessageChannel, MessageEvent, MessagePort, NaN, Navigator, Number, Object, Performance, PerformanceEntry, PerformanceMark, PerformanceMeasure, PerformanceObserver, PerformanceObserverEntryList, PerformanceResourceTiming, Promise, Proxy, RangeError, ReadableByteStreamController, ReadableStream, ReadableStreamBYOBReader, ReadableStreamBYOBRequest, ReadableStreamDefaultController, ReadableStreamDefaultReader, ReferenceError, Reflect, RegExp, Request, Response, Set, SharedArrayBuffer, String, SubtleCrypto, Symbol, SyntaxError, TextDecoder, TextDecoderStream, TextEncoder, TextEncoderStream, TransformStream, TransformStreamDefaultController, TypeError, URIError, URL, URLSearchParams, Uint16Array, Uint32Array, Uint8Array, Uint8ClampedArray, WeakMap, WeakRef, WeakSet, WebAssembly, WebSocket, WritableStream, WritableStreamDefaultController, WritableStreamDefaultWriter, __dirname, __filename, arguments, atob, btoa, clearImmediate, clearInterval, clearTimeout, console, crypto, decodeURI, decodeURIComponent, encodeURI, encodeURIComponent, escape, eval, expect, exports, fetch, global, globalThis, isFinite, isNaN, jest, module, navigator, parseFloat, parseInt, performance, process, queueMicrotask, require, setImmediate, setInterval, setTimeout, structuredClone, undefined, unescape.\n    Note: This is a precaution to guard against uninitialized mock variables. If it is ensured that the mock is required lazily, variable names prefixed with `mock` (case insensitive) are permitted.\n\n    \u001b[0m \u001b[90m 22 |\u001b[39m }\n     \u001b[90m 23 |\u001b[39m\n    \u001b[31m\u001b[1m>\u001b[22m\u001b[39m\u001b[90m 24 |\u001b[39m jest\u001b[33m.\u001b[39mmock(\u001b[32m'./langchainAgent'\u001b[39m\u001b[33m,\u001b[39m () \u001b[33m=>\u001b[39m ({ \u001b[33mLangChainAgent\u001b[39m\u001b[33m:\u001b[39m jest\u001b[33m.\u001b[39mfn()\u001b[33m.\u001b[39mmockImplementation((id) \u001b[33m=>\u001b[39m makeAgentMock(id\u001b[33m,\u001b[39m \u001b[32m'langchain'\u001b[39m)) }))\u001b[33m;\u001b[39m\n     \u001b[90m    |\u001b[39m                                                                                             \u001b[31m\u001b[1m^\u001b[22m\u001b[39m\u001b[31m\u001b[1m^\u001b[22m\u001b[39m\u001b[31m\u001b[1m^\u001b[22m\u001b[39m\u001b[31m\u001b[1m^\u001b[22m\u001b[39m\u001b[31m\u001b[1m^\u001b[22m\u001b[39m\u001b[31m\u001b[1m^\u001b[22m\u001b[39m\u001b[31m\u001b[1m^\u001b[22m\u001b[39m\u001b[31m\u001b[1m^\u001b[22m\u001b[39m\u001b[31m\u001b[1m^\u001b[22m\u001b[39m\u001b[31m\u001b[1m^\u001b[22m\u001b[39m\u001b[31m\u001b[1m^\u001b[22m\u001b[39m\u001b[31m\u001b[1m^\u001b[22m\u001b[39m\u001b[31m\u001b[1m^\u001b[22m\u001b[39m\n     \u001b[90m 25 |\u001b[39m jest\u001b[33m.\u001b[39mmock(\u001b[32m'./autoGenAgent'\u001b[39m\u001b[33m,\u001b[39m () \u001b[33m=>\u001b[39m ({ \u001b[33mAutoGenAgent\u001b[39m\u001b[33m:\u001b[39m jest\u001b[33m.\u001b[39mfn()\u001b[33m.\u001b[39mmockImplementation((id) \u001b[33m=>\u001b[39m makeAgentMock(id\u001b[33m,\u001b[39m \u001b[32m'autogen'\u001b[39m)) }))\u001b[33m;\u001b[39m\n     \u001b[90m 26 |\u001b[39m jest\u001b[33m.\u001b[39mmock(\u001b[32m'./supabaseAgentOps'\u001b[39m\u001b[33m,\u001b[39m () \u001b[33m=>\u001b[39m ({\n     \u001b[90m 27 |\u001b[39m   logAgentHealthToSupabase\u001b[33m:\u001b[39m jest\u001b[33m.\u001b[39mfn()\u001b[33m.\u001b[39mmockResolvedValue(undefined)\u001b[33m,\u001b[39m\u001b[0m\n\n      \u001b[2mat File.buildCodeFrameError (\u001b[22mnode_modules/@babel/core/src/transformation/file/file.ts\u001b[2m:247:12)\u001b[22m\n      \u001b[2mat NodePath.buildError [as buildCodeFrameError] (\u001b[22mnode_modules/@babel/traverse/src/path/index.ts\u001b[2m:141:21)\u001b[22m\n      \u001b[2mat call (\u001b[22mnode_modules/@babel/traverse/src/visitors.ts\u001b[2m:303:14)\u001b[22m\n      \u001b[2mat NodePath.call [as _call] (\u001b[22mnode_modules/@babel/traverse/src/path/context.ts\u001b[2m:36:20)\u001b[22m\n      \u001b[2mat NodePath.call (\u001b[22mnode_modules/@babel/traverse/src/path/context.ts\u001b[2m:21:18)\u001b[22m\n      \u001b[2mat NodePath.call [as visit] (\u001b[22mnode_modules/@babel/traverse/src/path/context.ts\u001b[2m:97:31)\u001b[22m\n      \u001b[2mat TraversalContext.visit [as visitQueue] (\u001b[22mnode_modules/@babel/traverse/src/context.ts\u001b[2m:148:16)\u001b[22m\n      \u001b[2mat TraversalContext.visitQueue [as visitMultiple] (\u001b[22mnode_modules/@babel/traverse/src/context.ts\u001b[2m:99:17)\u001b[22m\n      \u001b[2mat TraversalContext.visitMultiple [as visit] (\u001b[22mnode_modules/@babel/traverse/src/context.ts\u001b[2m:178:19)\u001b[22m\n      \u001b[2mat visit (\u001b[22mnode_modules/@babel/traverse/src/traverse-node.ts\u001b[2m:40:17)\u001b[22m\n      \u001b[2mat NodePath.visit (\u001b[22mnode_modules/@babel/traverse/src/path/context.ts\u001b[2m:104:33)\u001b[22m\n      \u001b[2mat TraversalContext.visit [as visitQueue] (\u001b[22mnode_modules/@babel/traverse/src/context.ts\u001b[2m:148:16)\u001b[22m\n      \u001b[2mat TraversalContext.visitQueue [as visitSingle] (\u001b[22mnode_modules/@babel/traverse/src/context.ts\u001b[2m:109:19)\u001b[22m\n      \u001b[2mat TraversalContext.visitSingle [as visit] (\u001b[22mnode_modules/@babel/traverse/src/context.ts\u001b[2m:180:19)\u001b[22m\n      \u001b[2mat visit (\u001b[22mnode_modules/@babel/traverse/src/traverse-node.ts\u001b[2m:40:17)\u001b[22m\n      \u001b[2mat traverse (\u001b[22mnode_modules/@babel/traverse/src/index.ts\u001b[2m:83:15)\u001b[22m\n      \u001b[2mat transformFile (\u001b[22mnode_modules/@babel/core/src/transformation/index.ts\u001b[2m:119:15)\u001b[22m\n          at transformFile.next (<anonymous>)\n      \u001b[2mat transformFile (\u001b[22mnode_modules/@babel/core/src/transformation/index.ts\u001b[2m:49:12)\u001b[22m\n          at run.next (<anonymous>)\n      \u001b[2mat transform (\u001b[22mnode_modules/@babel/core/src/transform.ts\u001b[2m:29:20)\u001b[22m\n          at transform.next (<anonymous>)\n      \u001b[2mat evaluateSync (\u001b[22mnode_modules/gensync/index.js\u001b[2m:251:28)\u001b[22m\n      \u001b[2mat sync (\u001b[22mnode_modules/gensync/index.js\u001b[2m:89:14)\u001b[22m\n      \u001b[2mat fn (\u001b[22mnode_modules/@babel/core/src/errors/rewrite-stack-trace.ts\u001b[2m:99:14)\u001b[22m\n      \u001b[2mat transformSync (\u001b[22mnode_modules/@babel/core/src/transform.ts\u001b[2m:66:52)\u001b[22m\n      \u001b[2mat ScriptTransformer.transformSource (\u001b[22mnode_modules/@jest/transform/build/ScriptTransformer.js\u001b[2m:545:31)\u001b[22m\n      \u001b[2mat ScriptTransformer._transformAndBuildScript (\u001b[22mnode_modules/@jest/transform/build/ScriptTransformer.js\u001b[2m:674:40)\u001b[22m\n      \u001b[2mat ScriptTransformer.transform (\u001b[22mnode_modules/@jest/transform/build/ScriptTransformer.js\u001b[2m:726:19)\u001b[22m\n","name":"C:\\Users\\santa\\CascadeProjects\\personal-website\\src\\orchestration\\agentManager.factory.test.ts","startTime":1745235313613,"status":"failed","summary":""},{"assertionResults":[],"coverage":{},"endTime":1745235313613,"message":"  \u001b[1m● \u001b[22mTest suite failed to run\n\n    \u001b[1m\u001b[31mJest encountered an unexpected token\u001b[39m\u001b[22m\n\n    Jest failed to parse a file. This happens e.g. when your code or its dependencies use non-standard JavaScript syntax, or when Jest is not configured to support such syntax.\n\n    Out of the box Jest supports Babel, which will be used to transform your files into valid JS based on your Babel configuration.\n\n    By default \"node_modules\" folder is ignored by transformers.\n\n    Here's what you can do:\n     • If you are trying to use ECMAScript Modules, see \u001b[4mhttps://jestjs.io/docs/ecmascript-modules\u001b[24m for how to enable it.\n     • If you are trying to use TypeScript, see \u001b[4mhttps://jestjs.io/docs/getting-started#using-typescript\u001b[24m\n     • To have some of your \"node_modules\" files transformed, you can specify a custom \u001b[1m\"transformIgnorePatterns\"\u001b[22m in your config.\n     • If you need a custom transformation specify a \u001b[1m\"transform\"\u001b[22m option in your config.\n     • If you simply want to mock your non-JS modules (e.g. binary assets) you can stub them out with the \u001b[1m\"moduleNameMapper\"\u001b[22m config option.\n\n    You'll find more details and examples of these config options in the docs:\n    \u001b[36mhttps://jestjs.io/docs/configuration\u001b[39m\n    For information about custom transformations, see:\n    \u001b[36mhttps://jestjs.io/docs/code-transformation\u001b[39m\n\n    \u001b[1m\u001b[31mDetails:\u001b[39m\u001b[22m\n\n    SyntaxError: C:\\Users\\santa\\CascadeProjects\\personal-website\\test\\agent.spec.ts: Identifier 'EventEmitter' has already been declared. (9:9)\n\n    \u001b[0m \u001b[90m  7 |\u001b[39m \u001b[36mimport\u001b[39m { orchestrator } \u001b[36mfrom\u001b[39m \u001b[32m'../src/orchestration/orchestratorSingleton'\u001b[39m\u001b[33m;\u001b[39m\n     \u001b[90m  8 |\u001b[39m \u001b[36mimport\u001b[39m { \u001b[33mEventEmitter\u001b[39m } \u001b[36mfrom\u001b[39m \u001b[32m'events'\u001b[39m\u001b[33m;\u001b[39m\n    \u001b[31m\u001b[1m>\u001b[22m\u001b[39m\u001b[90m  9 |\u001b[39m \u001b[36mimport\u001b[39m { \u001b[33mEventEmitter\u001b[39m } \u001b[36mfrom\u001b[39m \u001b[32m'events'\u001b[39m\u001b[33m;\u001b[39m\n     \u001b[90m    |\u001b[39m          \u001b[31m\u001b[1m^\u001b[22m\u001b[39m\n     \u001b[90m 10 |\u001b[39m\n     \u001b[90m 11 |\u001b[39m \u001b[90m// Minimal BaseAgent stub for EventEmitter compatibility\u001b[39m\n     \u001b[90m 12 |\u001b[39m \u001b[36mclass\u001b[39m \u001b[33mTestAgent\u001b[39m \u001b[36mextends\u001b[39m \u001b[33mEventEmitter\u001b[39m {\u001b[0m\n\n      \u001b[2mat constructor (\u001b[22mnode_modules/@babel/parser/src/parse-error.ts\u001b[2m:95:45)\u001b[22m\n      \u001b[2mat TypeScriptParserMixin.toParseError [as raise] (\u001b[22mnode_modules/@babel/parser/src/tokenizer/index.ts\u001b[2m:1497:19)\u001b[22m\n      \u001b[2mat TypeScriptScopeHandler.raise [as declareName] (\u001b[22mnode_modules/@babel/parser/src/plugins/typescript/scope.ts\u001b[2m:72:21)\u001b[22m\n      \u001b[2mat TypeScriptParserMixin.declareName [as declareNameFromIdentifier] (\u001b[22mnode_modules/@babel/parser/src/parser/lval.ts\u001b[2m:752:16)\u001b[22m\n      \u001b[2mat TypeScriptParserMixin.declareNameFromIdentifier [as checkIdentifier] (\u001b[22mnode_modules/@babel/parser/src/parser/lval.ts\u001b[2m:747:12)\u001b[22m\n      \u001b[2mat TypeScriptParserMixin.checkIdentifier [as checkLVal] (\u001b[22mnode_modules/@babel/parser/src/parser/lval.ts\u001b[2m:649:12)\u001b[22m\n      \u001b[2mat TypeScriptParserMixin.checkLVal [as finishImportSpecifier] (\u001b[22mnode_modules/@babel/parser/src/parser/statement.ts\u001b[2m:3174:10)\u001b[22m\n      \u001b[2mat TypeScriptParserMixin.finishImportSpecifier (\u001b[22mnode_modules/@babel/parser/src/parser/statement.ts\u001b[2m:3431:17)\u001b[22m\n      \u001b[2mat TypeScriptParserMixin.parseImportSpecifier (\u001b[22mnode_modules/@babel/parser/src/plugins/typescript/index.ts\u001b[2m:4269:20)\u001b[22m\n      \u001b[2mat TypeScriptParserMixin.parseImportSpecifier [as parseNamedImportSpecifiers] (\u001b[22mnode_modules/@babel/parser/src/parser/statement.ts\u001b[2m:3392:36)\u001b[22m\n      \u001b[2mat TypeScriptParserMixin.parseNamedImportSpecifiers [as parseImportSpecifiersAndAfter] (\u001b[22mnode_modules/@babel/parser/src/parser/statement.ts\u001b[2m:3124:37)\u001b[22m\n      \u001b[2mat TypeScriptParserMixin.parseImportSpecifiersAndAfter (\u001b[22mnode_modules/@babel/parser/src/parser/statement.ts\u001b[2m:3093:17)\u001b[22m\n      \u001b[2mat TypeScriptParserMixin.parseImport (\u001b[22mnode_modules/@babel/parser/src/plugins/typescript/index.ts\u001b[2m:2930:28)\u001b[22m\n      \u001b[2mat TypeScriptParserMixin.parseImport (\u001b[22mnode_modules/@babel/parser/src/parser/statement.ts\u001b[2m:601:25)\u001b[22m\n      \u001b[2mat TypeScriptParserMixin.parseStatementContent (\u001b[22mnode_modules/@babel/parser/src/plugins/typescript/index.ts\u001b[2m:3091:20)\u001b[22m\n      \u001b[2mat TypeScriptParserMixin.parseStatementContent [as parseStatementLike] (\u001b[22mnode_modules/@babel/parser/src/parser/statement.ts\u001b[2m:437:17)\u001b[22m\n      \u001b[2mat TypeScriptParserMixin.parseStatementLike [as parseModuleItem] (\u001b[22mnode_modules/@babel/parser/src/parser/statement.ts\u001b[2m:374:17)\u001b[22m\n      \u001b[2mat TypeScriptParserMixin.parseModuleItem [as parseBlockOrModuleBlockBody] (\u001b[22mnode_modules/@babel/parser/src/parser/statement.ts\u001b[2m:1402:16)\u001b[22m\n      \u001b[2mat TypeScriptParserMixin.parseBlockOrModuleBlockBody [as parseBlockBody] (\u001b[22mnode_modules/@babel/parser/src/parser/statement.ts\u001b[2m:1376:10)\u001b[22m\n      \u001b[2mat TypeScriptParserMixin.parseBlockBody [as parseProgram] (\u001b[22mnode_modules/@babel/parser/src/parser/statement.ts\u001b[2m:225:10)\u001b[22m\n      \u001b[2mat TypeScriptParserMixin.parseProgram [as parseTopLevel] (\u001b[22mnode_modules/@babel/parser/src/parser/statement.ts\u001b[2m:203:25)\u001b[22m\n      \u001b[2mat TypeScriptParserMixin.parseTopLevel (\u001b[22mnode_modules/@babel/parser/src/parser/index.ts\u001b[2m:93:10)\u001b[22m\n      \u001b[2mat TypeScriptParserMixin.parse (\u001b[22mnode_modules/@babel/parser/src/plugins/typescript/index.ts\u001b[2m:4219:20)\u001b[22m\n      \u001b[2mat parse (\u001b[22mnode_modules/@babel/parser/src/index.ts\u001b[2m:92:38)\u001b[22m\n      \u001b[2mat parser (\u001b[22mnode_modules/@babel/core/src/parser/index.ts\u001b[2m:28:19)\u001b[22m\n          at parser.next (<anonymous>)\n      \u001b[2mat normalizeFile (\u001b[22mnode_modules/@babel/core/src/transformation/normalize-file.ts\u001b[2m:49:24)\u001b[22m\n          at normalizeFile.next (<anonymous>)\n      \u001b[2mat run (\u001b[22mnode_modules/@babel/core/src/transformation/index.ts\u001b[2m:40:36)\u001b[22m\n          at run.next (<anonymous>)\n      \u001b[2mat transform (\u001b[22mnode_modules/@babel/core/src/transform.ts\u001b[2m:29:20)\u001b[22m\n          at transform.next (<anonymous>)\n      \u001b[2mat evaluateSync (\u001b[22mnode_modules/gensync/index.js\u001b[2m:251:28)\u001b[22m\n      \u001b[2mat sync (\u001b[22mnode_modules/gensync/index.js\u001b[2m:89:14)\u001b[22m\n      \u001b[2mat fn (\u001b[22mnode_modules/@babel/core/src/errors/rewrite-stack-trace.ts\u001b[2m:99:14)\u001b[22m\n      \u001b[2mat transformSync (\u001b[22mnode_modules/@babel/core/src/transform.ts\u001b[2m:66:52)\u001b[22m\n      \u001b[2mat ScriptTransformer.transformSource (\u001b[22mnode_modules/@jest/transform/build/ScriptTransformer.js\u001b[2m:545:31)\u001b[22m\n      \u001b[2mat ScriptTransformer._transformAndBuildScript (\u001b[22mnode_modules/@jest/transform/build/ScriptTransformer.js\u001b[2m:674:40)\u001b[22m\n      \u001b[2mat ScriptTransformer.transform (\u001b[22mnode_modules/@jest/transform/build/ScriptTransformer.js\u001b[2m:726:19)\u001b[22m\n","name":"C:\\Users\\santa\\CascadeProjects\\personal-website\\test\\agent.spec.ts","startTime":1745235313613,"status":"failed","summary":""}],"wasInterrupted":false}
